<?xml version="1.0"?><coverage lines-covered="1148" lines-valid="5155" line-rate="0.22269641125121242" branches-covered="0" branches-valid="0" branch-rate="0" complexity="0" version="1.9" timestamp="1655790362"><sources><source>/home/huolinhe/Projects/taosdata/taosx/taos-query</source></sources><packages><package name="../taos-sys/src" line-rate="0" branch-rate="0" complexity="0"><classes><class name="ffi" filename="../taos-sys/src/ffi.rs" line-rate="0" branch-rate="0" complexity="0"><methods/><lines><line number="31" hits="0"/><line number="33" hits="0"/><line number="191" hits="0"/><line number="193" hits="0"/></lines></class><class name="into_c_str" filename="../taos-sys/src/into_c_str.rs" line-rate="0" branch-rate="0" complexity="0"><methods/><lines><line number="13" hits="0"/><line number="14" hits="0"/><line number="26" hits="0"/><line number="27" hits="0"/><line number="36" hits="0"/><line number="37" hits="0"/><line number="42" hits="0"/><line number="43" hits="0"/><line number="44" hits="0"/><line number="51" hits="0"/><line number="52" hits="0"/><line number="65" hits="0"/><line number="66" hits="0"/><line number="67" hits="0"/><line number="68" hits="0"/><line number="81" hits="0"/><line number="82" hits="0"/><line number="90" hits="0"/><line number="91" hits="0"/><line number="99" hits="0"/><line number="100" hits="0"/><line number="105" hits="0"/><line number="106" hits="0"/><line number="114" hits="0"/><line number="115" hits="0"/><line number="122" hits="0"/><line number="123" hits="0"/><line number="124" hits="0"/><line number="126" hits="0"/></lines></class><class name="lib" filename="../taos-sys/src/lib.rs" line-rate="0" branch-rate="0" complexity="0"><methods/><lines><line number="65" hits="0"/><line number="66" hits="0"/><line number="72" hits="0"/><line number="73" hits="0"/><line number="77" hits="0"/><line number="84" hits="0"/><line number="85" hits="0"/><line number="86" hits="0"/><line number="87" hits="0"/><line number="88" hits="0"/><line number="91" hits="0"/><line number="92" hits="0"/><line number="95" hits="0"/><line number="96" hits="0"/><line number="97" hits="0"/><line number="98" hits="0"/><line number="101" hits="0"/><line number="103" hits="0"/><line number="107" hits="0"/><line number="114" hits="0"/><line number="115" hits="0"/><line number="116" hits="0"/><line number="117" hits="0"/><line number="118" hits="0"/><line number="121" hits="0"/><line number="123" hits="0"/><line number="128" hits="0"/><line number="129" hits="0"/><line number="133" hits="0"/><line number="134" hits="0"/><line number="135" hits="0"/><line number="139" hits="0"/><line number="140" hits="0"/><line number="144" hits="0"/><line number="145" hits="0"/><line number="146" hits="0"/><line number="147" hits="0"/><line number="149" hits="0"/><line number="150" hits="0"/><line number="151" hits="0"/><line number="156" hits="0"/><line number="157" hits="0"/><line number="161" hits="0"/><line number="162" hits="0"/><line number="166" hits="0"/><line number="167" hits="0"/><line number="171" hits="0"/><line number="172" hits="0"/><line number="193" hits="0"/><line number="194" hits="0"/><line number="199" hits="0"/><line number="200" hits="0"/><line number="203" hits="0"/><line number="204" hits="0"/><line number="207" hits="0"/><line number="208" hits="0"/><line number="215" hits="0"/><line number="216" hits="0"/><line number="217" hits="0"/><line number="219" hits="0"/><line number="228" hits="0"/><line number="229" hits="0"/><line number="233" hits="0"/><line number="234" hits="0"/><line number="237" hits="0"/><line number="238" hits="0"/><line number="241" hits="0"/><line number="243" hits="0"/><line number="248" hits="0"/><line number="249" hits="0"/><line number="250" hits="0"/><line number="251" hits="0"/><line number="255" hits="0"/><line number="258" hits="0"/><line number="263" hits="0"/><line number="264" hits="0"/><line number="268" hits="0"/><line number="269" hits="0"/><line number="270" hits="0"/><line number="272" hits="0"/><line number="277" hits="0"/><line number="278" hits="0"/><line number="281" hits="0"/><line number="282" hits="0"/><line number="283" hits="0"/><line number="284" hits="0"/><line number="286" hits="0"/><line number="289" hits="0"/><line number="290" hits="0"/><line number="291" hits="0"/><line number="295" hits="0"/><line number="296" hits="0"/><line number="299" hits="0"/><line number="300" hits="0"/><line number="304" hits="0"/><line number="305" hits="0"/><line number="306" hits="0"/><line number="307" hits="0"/><line number="308" hits="0"/><line number="309" hits="0"/><line number="310" hits="0"/><line number="311" hits="0"/><line number="313" hits="0"/><line number="319" hits="0"/><line number="320" hits="0"/><line number="324" hits="0"/><line number="325" hits="0"/><line number="326" hits="0"/><line number="327" hits="0"/><line number="328" hits="0"/><line number="329" hits="0"/><line number="330" hits="0"/><line number="335" hits="0"/><line number="336" hits="0"/><line number="340" hits="0"/><line number="341" hits="0"/><line number="345" hits="0"/><line number="346" hits="0"/><line number="350" hits="0"/><line number="351" hits="0"/><line number="355" hits="0"/><line number="356" hits="0"/><line number="360" hits="0"/><line number="361" hits="0"/><line number="365" hits="0"/><line number="366" hits="0"/><line number="370" hits="0"/><line number="371" hits="0"/><line number="375" hits="0"/><line number="376" hits="0"/><line number="380" hits="0"/><line number="381" hits="0"/><line number="385" hits="0"/><line number="386" hits="0"/><line number="390" hits="0"/><line number="392" hits="0"/><line number="393" hits="0"/><line number="394" hits="0"/><line number="396" hits="0"/><line number="401" hits="0"/><line number="403" hits="0"/><line number="404" hits="0"/><line number="405" hits="0"/><line number="407" hits="0"/><line number="413" hits="0"/><line number="415" hits="0"/><line number="416" hits="0"/><line number="417" hits="0"/><line number="419" hits="0"/><line number="424" hits="0"/><line number="426" hits="0"/><line number="427" hits="0"/><line number="428" hits="0"/><line number="430" hits="0"/></lines></class><class name="tmq" filename="../taos-sys/src/tmq.rs" line-rate="0" branch-rate="0" complexity="0"><methods/><lines><line number="12" hits="0"/><line number="13" hits="0"/><line number="18" hits="0"/><line number="19" hits="0"/><line number="20" hits="0"/><line number="21" hits="0"/><line number="56" hits="0"/><line number="57" hits="0"/><line number="58" hits="0"/><line number="59" hits="0"/><line number="62" hits="0"/></lines></class></classes></package><package name="../src/plugins/sink/taos" line-rate="0" branch-rate="0" complexity="0"><classes><class name="mod" filename="../src/plugins/sink/taos/mod.rs" line-rate="0" branch-rate="0" complexity="0"><methods/><lines><line number="50" hits="0"/><line number="51" hits="0"/><line number="52" hits="0"/><line number="53" hits="0"/><line number="54" hits="0"/><line number="55" hits="0"/><line number="57" hits="0"/><line number="58" hits="0"/><line number="59" hits="0"/><line number="61" hits="0"/><line number="62" hits="0"/><line number="64" hits="0"/><line number="66" hits="0"/><line number="67" hits="0"/><line number="71" hits="0"/><line number="72" hits="0"/><line number="73" hits="0"/><line number="74" hits="0"/><line number="75" hits="0"/><line number="76" hits="0"/><line number="77" hits="0"/></lines></class></classes></package><package name="../taos-error" line-rate="0" branch-rate="0" complexity="0"><classes></classes></package><package name="src/common" line-rate="0.4984671980380135" branch-rate="0" complexity="0"><classes><class name="describe" filename="src/common/describe.rs" line-rate="0" branch-rate="0" complexity="0"><methods/><lines><line number="16" hits="0"/><line number="17" hits="0"/><line number="22" hits="0"/><line number="23" hits="0"/><line number="30" hits="0"/><line number="36" hits="0"/><line number="42" hits="0"/><line number="43" hits="0"/><line number="45" hits="0"/><line number="46" hits="0"/><line number="48" hits="0"/><line number="49" hits="0"/><line number="52" hits="0"/><line number="53" hits="0"/><line number="58" hits="0"/><line number="59" hits="0"/><line number="60" hits="0"/><line number="62" hits="0"/><line number="63" hits="0"/><line number="65" hits="0"/><line number="66" hits="0"/></lines></class><class name="field" filename="src/common/field.rs" line-rate="0.07142857142857142" branch-rate="0" complexity="0"><methods/><lines><line number="26" hits="0"/><line number="27" hits="0"/><line number="28" hits="0"/><line number="29" hits="0"/><line number="30" hits="0"/><line number="33" hits="0"/><line number="34" hits="0"/><line number="35" hits="0"/><line number="36" hits="0"/><line number="37" hits="0"/><line number="42" hits="2"/><line number="43" hits="2"/><line number="48" hits="0"/><line number="49" hits="0"/><line number="53" hits="0"/><line number="54" hits="0"/><line number="60" hits="0"/><line number="61" hits="0"/><line number="67" hits="0"/><line number="68" hits="0"/><line number="69" hits="0"/><line number="70" hits="0"/><line number="72" hits="0"/><line number="78" hits="0"/><line number="79" hits="0"/><line number="80" hits="0"/><line number="81" hits="0"/><line number="83" hits="0"/></lines></class><class name="itypes" filename="src/common/itypes.rs" line-rate="0" branch-rate="0" complexity="0"><methods/><lines><line number="47" hits="0"/><line number="48" hits="0"/><line number="52" hits="0"/><line number="53" hits="0"/><line number="58" hits="0"/><line number="59" hits="0"/><line number="61" hits="0"/><line number="62" hits="0"/><line number="68" hits="0"/><line number="69" hits="0"/><line number="72" hits="0"/><line number="73" hits="0"/><line number="76" hits="0"/><line number="77" hits="0"/><line number="81" hits="0"/><line number="82" hits="0"/><line number="86" hits="0"/><line number="87" hits="0"/><line number="91" hits="0"/><line number="92" hits="0"/><line number="96" hits="0"/><line number="97" hits="0"/><line number="108" hits="0"/><line number="109" hits="0"/><line number="112" hits="0"/><line number="113" hits="0"/><line number="116" hits="0"/><line number="117" hits="0"/><line number="120" hits="0"/><line number="121" hits="0"/><line number="123" hits="0"/><line number="124" hits="0"/><line number="126" hits="0"/><line number="127" hits="0"/><line number="129" hits="0"/><line number="130" hits="0"/><line number="139" hits="0"/><line number="140" hits="0"/><line number="151" hits="0"/><line number="154" hits="0"/><line number="155" hits="0"/><line number="160" hits="0"/><line number="174" hits="0"/><line number="179" hits="0"/><line number="180" hits="0"/><line number="184" hits="0"/><line number="185" hits="0"/><line number="210" hits="0"/><line number="211" hits="0"/><line number="238" hits="0"/><line number="239" hits="0"/><line number="247" hits="0"/><line number="248" hits="0"/><line number="256" hits="0"/><line number="257" hits="0"/><line number="266" hits="0"/><line number="267" hits="0"/><line number="276" hits="0"/><line number="277" hits="0"/><line number="286" hits="0"/><line number="287" hits="0"/><line number="296" hits="0"/><line number="297" hits="0"/><line number="306" hits="0"/><line number="307" hits="0"/><line number="316" hits="0"/><line number="320" hits="0"/></lines></class><class name="opts" filename="src/common/opts.rs" line-rate="0.8333333333333334" branch-rate="0" complexity="0"><methods/><lines><line number="20" hits="3"/><line number="21" hits="6"/><line number="22" hits="3"/><line number="27" hits="1"/><line number="28" hits="2"/><line number="29" hits="1"/><line number="36" hits="1"/><line number="37" hits="1"/><line number="40" hits="0"/><line number="64" hits="1"/><line number="65" hits="1"/><line number="66" hits="0"/><line number="68" hits="2"/><line number="70" hits="1"/><line number="84" hits="0"/><line number="85" hits="0"/><line number="87" hits="0"/><line number="97" hits="3"/><line number="98" hits="1"/><line number="99" hits="1"/><line number="103" hits="3"/><line number="104" hits="1"/><line number="110" hits="1"/><line number="112" hits="1"/><line number="113" hits="2"/><line number="114" hits="1"/><line number="115" hits="2"/><line number="116" hits="2"/><line number="117" hits="1"/><line number="118" hits="1"/></lines></class><class name="precision" filename="src/common/precision.rs" line-rate="0.5394736842105263" branch-rate="0" complexity="0"><methods/><lines><line number="24" hits="0"/><line number="25" hits="0"/><line number="30" hits="0"/><line number="31" hits="0"/><line number="36" hits="1"/><line number="38" hits="1"/><line number="39" hits="0"/><line number="40" hits="1"/><line number="41" hits="0"/><line number="45" hits="0"/><line number="46" hits="0"/><line number="47" hits="0"/><line number="48" hits="0"/><line number="49" hits="0"/><line number="52" hits="1"/><line number="53" hits="1"/><line number="54" hits="1"/><line number="55" hits="1"/><line number="56" hits="1"/><line number="57" hits="0"/><line number="65" hits="1"/><line number="66" hits="1"/><line number="75" hits="1"/><line number="76" hits="1"/><line number="83" hits="1"/><line number="85" hits="2"/><line number="86" hits="3"/><line number="87" hits="3"/><line number="88" hits="0"/><line number="94" hits="3"/><line number="100" hits="0"/><line number="101" hits="0"/><line number="103" hits="0"/><line number="104" hits="0"/><line number="107" hits="0"/><line number="111" hits="0"/><line number="113" hits="0"/><line number="117" hits="0"/><line number="120" hits="1"/><line number="124" hits="1"/><line number="127" hits="0"/><line number="131" hits="0"/><line number="134" hits="0"/><line number="138" hits="0"/><line number="141" hits="0"/><line number="145" hits="0"/><line number="148" hits="0"/><line number="152" hits="0"/><line number="155" hits="0"/><line number="159" hits="0"/><line number="162" hits="1"/><line number="166" hits="1"/><line number="169" hits="0"/><line number="173" hits="0"/><line number="176" hits="0"/><line number="180" hits="0"/><line number="183" hits="1"/><line number="187" hits="1"/><line number="191" hits="3"/><line number="208" hits="3"/><line number="210" hits="1"/><line number="211" hits="1"/><line number="212" hits="2"/><line number="213" hits="1"/><line number="214" hits="2"/><line number="215" hits="1"/><line number="218" hits="2"/><line number="219" hits="1"/><line number="220" hits="2"/><line number="221" hits="1"/><line number="222" hits="2"/><line number="223" hits="1"/><line number="226" hits="2"/><line number="227" hits="1"/><line number="229" hits="2"/><line number="230" hits="2"/></lines></class><class name="timestamp" filename="src/common/timestamp.rs" line-rate="0.9142857142857143" branch-rate="0" complexity="0"><methods/><lines><line number="15" hits="1"/><line number="16" hits="1"/><line number="17" hits="1"/><line number="18" hits="2"/><line number="19" hits="0"/><line number="20" hits="0"/><line number="23" hits="2"/><line number="29" hits="1"/><line number="30" hits="1"/><line number="35" hits="2"/><line number="36" hits="2"/><line number="37" hits="2"/><line number="38" hits="1"/><line number="39" hits="1"/><line number="42" hits="1"/><line number="43" hits="3"/><line number="44" hits="1"/><line number="49" hits="1"/><line number="50" hits="2"/><line number="51" hits="2"/><line number="52" hits="1"/><line number="53" hits="1"/><line number="55" hits="4"/><line number="56" hits="2"/><line number="61" hits="0"/><line number="69" hits="3"/><line number="71" hits="1"/><line number="72" hits="1"/><line number="73" hits="1"/><line number="74" hits="2"/><line number="79" hits="3"/><line number="80" hits="1"/><line number="81" hits="1"/><line number="82" hits="1"/><line number="83" hits="1"/></lines></class><class name="ty" filename="src/common/ty.rs" line-rate="0.09401709401709402" branch-rate="0" complexity="0"><methods/><lines><line number="108" hits="1"/><line number="114" hits="0"/><line number="115" hits="0"/><line number="117" hits="0"/><line number="118" hits="0"/><line number="120" hits="0"/><line number="124" hits="0"/><line number="127" hits="0"/><line number="131" hits="0"/><line number="134" hits="1"/><line number="138" hits="1"/><line number="141" hits="0"/><line number="145" hits="0"/><line number="148" hits="0"/><line number="152" hits="0"/><line number="155" hits="0"/><line number="159" hits="0"/><line number="162" hits="0"/><line number="166" hits="0"/><line number="170" hits="1"/><line number="177" hits="0"/><line number="178" hits="0"/><line number="179" hits="0"/><line number="180" hits="0"/><line number="181" hits="0"/><line number="182" hits="0"/><line number="183" hits="0"/><line number="184" hits="0"/><line number="185" hits="0"/><line number="186" hits="0"/><line number="187" hits="0"/><line number="188" hits="0"/><line number="189" hits="0"/><line number="190" hits="0"/><line number="191" hits="0"/><line number="192" hits="0"/><line number="193" hits="0"/><line number="194" hits="0"/><line number="195" hits="0"/><line number="196" hits="0"/><line number="197" hits="0"/><line number="198" hits="0"/><line number="205" hits="0"/><line number="206" hits="0"/><line number="210" hits="1"/><line number="212" hits="1"/><line number="215" hits="0"/><line number="217" hits="0"/><line number="218" hits="0"/><line number="234" hits="0"/><line number="236" hits="0"/><line number="237" hits="0"/><line number="238" hits="0"/><line number="239" hits="0"/><line number="240" hits="0"/><line number="241" hits="0"/><line number="242" hits="0"/><line number="243" hits="0"/><line number="244" hits="0"/><line number="245" hits="0"/><line number="246" hits="0"/><line number="247" hits="0"/><line number="248" hits="0"/><line number="249" hits="0"/><line number="250" hits="0"/><line number="255" hits="0"/><line number="257" hits="0"/><line number="258" hits="0"/><line number="259" hits="0"/><line number="260" hits="0"/><line number="261" hits="0"/><line number="262" hits="0"/><line number="263" hits="0"/><line number="264" hits="0"/><line number="265" hits="0"/><line number="266" hits="0"/><line number="267" hits="0"/><line number="268" hits="0"/><line number="269" hits="0"/><line number="270" hits="0"/><line number="271" hits="0"/><line number="272" hits="0"/><line number="273" hits="0"/><line number="274" hits="0"/><line number="275" hits="0"/><line number="276" hits="0"/><line number="277" hits="0"/><line number="282" hits="1"/><line number="291" hits="1"/><line number="297" hits="1"/><line number="299" hits="1"/><line number="300" hits="0"/><line number="301" hits="0"/><line number="302" hits="0"/><line number="303" hits="0"/><line number="304" hits="0"/><line number="305" hits="1"/><line number="306" hits="0"/><line number="307" hits="0"/><line number="308" hits="0"/><line number="309" hits="0"/><line number="310" hits="0"/><line number="311" hits="0"/><line number="312" hits="0"/><line number="313" hits="0"/><line number="314" hits="0"/><line number="315" hits="0"/><line number="316" hits="0"/><line number="317" hits="0"/><line number="318" hits="0"/><line number="319" hits="0"/><line number="325" hits="0"/><line number="326" hits="0"/><line number="331" hits="0"/><line number="332" hits="0"/><line number="339" hits="0"/><line number="340" hits="0"/></lines></class><class name="value" filename="src/common/value.rs" line-rate="0.1388888888888889" branch-rate="0" complexity="0"><methods/><lines><line number="34" hits="0"/><line number="36" hits="0"/><line number="37" hits="0"/><line number="38" hits="0"/><line number="39" hits="0"/><line number="40" hits="0"/><line number="41" hits="0"/><line number="42" hits="0"/><line number="43" hits="0"/><line number="44" hits="0"/><line number="45" hits="0"/><line number="46" hits="0"/><line number="47" hits="0"/><line number="48" hits="0"/><line number="49" hits="0"/><line number="50" hits="0"/><line number="51" hits="0"/><line number="52" hits="0"/><line number="53" hits="0"/><line number="54" hits="0"/><line number="55" hits="0"/><line number="56" hits="0"/><line number="61" hits="1"/><line number="62" hits="1"/><line number="65" hits="0"/><line number="67" hits="0"/><line number="68" hits="0"/><line number="69" hits="0"/><line number="70" hits="0"/><line number="71" hits="0"/><line number="72" hits="0"/><line number="75" hits="0"/><line number="77" hits="0"/><line number="78" hits="0"/><line number="79" hits="0"/><line number="80" hits="0"/><line number="81" hits="0"/><line number="82" hits="0"/><line number="83" hits="0"/><line number="84" hits="0"/><line number="85" hits="0"/><line number="86" hits="0"/><line number="87" hits="0"/><line number="88" hits="0"/><line number="89" hits="0"/><line number="90" hits="0"/><line number="91" hits="0"/><line number="92" hits="0"/><line number="93" hits="0"/><line number="94" hits="0"/><line number="95" hits="0"/><line number="100" hits="0"/><line number="102" hits="0"/><line number="103" hits="0"/><line number="104" hits="0"/><line number="105" hits="0"/><line number="106" hits="0"/><line number="107" hits="0"/><line number="108" hits="0"/><line number="109" hits="0"/><line number="110" hits="0"/><line number="111" hits="0"/><line number="112" hits="0"/><line number="113" hits="0"/><line number="114" hits="0"/><line number="115" hits="0"/><line number="116" hits="0"/><line number="117" hits="0"/><line number="118" hits="0"/><line number="120" hits="0"/><line number="129" hits="0"/><line number="131" hits="0"/><line number="132" hits="0"/><line number="133" hits="0"/><line number="134" hits="0"/><line number="135" hits="0"/><line number="136" hits="0"/><line number="137" hits="0"/><line number="138" hits="0"/><line number="139" hits="0"/><line number="140" hits="0"/><line number="141" hits="0"/><line number="142" hits="0"/><line number="143" hits="0"/><line number="144" hits="0"/><line number="145" hits="0"/><line number="146" hits="0"/><line number="147" hits="0"/><line number="149" hits="0"/><line number="186" hits="0"/><line number="193" hits="1"/><line number="195" hits="1"/><line number="196" hits="1"/><line number="197" hits="1"/><line number="198" hits="1"/><line number="199" hits="1"/><line number="200" hits="1"/><line number="201" hits="1"/><line number="202" hits="1"/><line number="203" hits="1"/><line number="204" hits="1"/><line number="205" hits="1"/><line number="206" hits="1"/><line number="207" hits="1"/><line number="208" hits="1"/><line number="209" hits="1"/><line number="210" hits="1"/><line number="211" hits="1"/><line number="212" hits="1"/><line number="213" hits="0"/><line number="214" hits="1"/><line number="215" hits="1"/><line number="219" hits="0"/><line number="221" hits="0"/><line number="222" hits="0"/><line number="223" hits="0"/><line number="224" hits="0"/><line number="225" hits="0"/><line number="226" hits="0"/><line number="227" hits="0"/><line number="228" hits="0"/><line number="229" hits="0"/><line number="230" hits="0"/><line number="231" hits="0"/><line number="232" hits="0"/><line number="233" hits="0"/><line number="234" hits="0"/><line number="235" hits="0"/><line number="236" hits="0"/><line number="237" hits="0"/><line number="238" hits="0"/><line number="239" hits="0"/><line number="240" hits="0"/><line number="241" hits="0"/><line number="246" hits="1"/><line number="247" hits="1"/><line number="250" hits="0"/><line number="252" hits="0"/><line number="253" hits="0"/><line number="254" hits="0"/><line number="255" hits="0"/><line number="256" hits="0"/><line number="257" hits="0"/><line number="258" hits="0"/><line number="262" hits="0"/><line number="264" hits="0"/><line number="265" hits="0"/><line number="266" hits="0"/><line number="267" hits="0"/><line number="268" hits="0"/><line number="269" hits="0"/><line number="270" hits="0"/><line number="271" hits="0"/><line number="272" hits="0"/><line number="273" hits="0"/><line number="274" hits="0"/><line number="275" hits="0"/><line number="276" hits="0"/><line number="277" hits="0"/><line number="278" hits="0"/><line number="279" hits="0"/><line number="280" hits="0"/><line number="288" hits="0"/><line number="290" hits="0"/><line number="291" hits="0"/><line number="292" hits="0"/><line number="293" hits="0"/><line number="294" hits="0"/><line number="295" hits="0"/><line number="296" hits="0"/><line number="297" hits="0"/><line number="298" hits="0"/><line number="299" hits="0"/><line number="300" hits="0"/><line number="301" hits="0"/><line number="302" hits="0"/><line number="303" hits="0"/><line number="304" hits="0"/><line number="305" hits="0"/><line number="308" hits="0"/></lines></class></classes></package><package name="src" line-rate="0.4688453159041394" branch-rate="0" complexity="0"><classes><class name="lib" filename="src/lib.rs" line-rate="0.27896995708154504" branch-rate="0" complexity="0"><methods/><lines><line number="51" hits="0"/><line number="52" hits="0"/><line number="64" hits="2"/><line number="65" hits="2"/><line number="69" hits="0"/><line number="70" hits="0"/><line number="81" hits="2"/><line number="82" hits="2"/><line number="86" hits="0"/><line number="87" hits="0"/><line number="91" hits="0"/><line number="92" hits="0"/><line number="95" hits="0"/><line number="96" hits="0"/><line number="97" hits="0"/><line number="104" hits="2"/><line number="108" hits="4"/><line number="109" hits="2"/><line number="110" hits="2"/><line number="117" hits="0"/><line number="123" hits="0"/><line number="124" hits="0"/><line number="125" hits="0"/><line number="130" hits="0"/><line number="134" hits="0"/><line number="138" hits="0"/><line number="139" hits="0"/><line number="143" hits="0"/><line number="144" hits="0"/><line number="148" hits="0"/><line number="152" hits="0"/><line number="170" hits="0"/><line number="171" hits="0"/><line number="176" hits="0"/><line number="177" hits="0"/><line number="180" hits="0"/><line number="181" hits="0"/><line number="182" hits="0"/><line number="186" hits="0"/><line number="193" hits="0"/><line number="196" hits="1"/><line number="206" hits="1"/><line number="222" hits="0"/><line number="223" hits="0"/><line number="230" hits="0"/><line number="232" hits="0"/><line number="233" hits="0"/><line number="234" hits="0"/><line number="235" hits="0"/><line number="243" hits="0"/><line number="246" hits="0"/><line number="254" hits="0"/><line number="255" hits="0"/><line number="257" hits="0"/><line number="258" hits="0"/><line number="266" hits="0"/><line number="267" hits="0"/><line number="269" hits="0"/><line number="270" hits="0"/><line number="273" hits="0"/><line number="274" hits="0"/><line number="277" hits="0"/><line number="285" hits="0"/><line number="286" hits="0"/><line number="289" hits="0"/><line number="292" hits="0"/><line number="293" hits="0"/><line number="294" hits="0"/><line number="295" hits="0"/><line number="296" hits="0"/><line number="316" hits="0"/><line number="317" hits="0"/><line number="322" hits="0"/><line number="323" hits="0"/><line number="328" hits="0"/><line number="329" hits="0"/><line number="333" hits="0"/><line number="334" hits="0"/><line number="335" hits="0"/><line number="339" hits="0"/><line number="353" hits="0"/><line number="354" hits="0"/><line number="375" hits="0"/><line number="376" hits="0"/><line number="377" hits="0"/><line number="378" hits="0"/><line number="387" hits="0"/><line number="388" hits="0"/><line number="389" hits="0"/><line number="391" hits="0"/><line number="414" hits="0"/><line number="415" hits="0"/><line number="419" hits="0"/><line number="422" hits="0"/><line number="430" hits="0"/><line number="431" hits="0"/><line number="433" hits="0"/><line number="434" hits="0"/><line number="442" hits="0"/><line number="443" hits="0"/><line number="445" hits="0"/><line number="446" hits="0"/><line number="449" hits="0"/><line number="451" hits="0"/><line number="452" hits="0"/><line number="453" hits="0"/><line number="454" hits="0"/><line number="455" hits="0"/><line number="456" hits="0"/><line number="464" hits="0"/><line number="465" hits="0"/><line number="466" hits="0"/><line number="467" hits="0"/><line number="468" hits="0"/><line number="469" hits="0"/><line number="470" hits="0"/><line number="473" hits="0"/><line number="474" hits="0"/><line number="475" hits="0"/><line number="476" hits="0"/><line number="477" hits="0"/><line number="478" hits="0"/><line number="479" hits="0"/><line number="483" hits="0"/><line number="484" hits="0"/><line number="491" hits="0"/><line number="522" hits="0"/><line number="524" hits="0"/><line number="528" hits="0"/><line number="536" hits="0"/><line number="537" hits="0"/><line number="539" hits="0"/><line number="540" hits="0"/><line number="541" hits="0"/><line number="547" hits="0"/><line number="548" hits="0"/><line number="549" hits="0"/><line number="553" hits="0"/><line number="554" hits="0"/><line number="555" hits="0"/><line number="560" hits="0"/><line number="561" hits="0"/><line number="566" hits="0"/><line number="567" hits="0"/><line number="576" hits="0"/><line number="589" hits="0"/><line number="590" hits="0"/><line number="594" hits="0"/><line number="595" hits="0"/><line number="599" hits="0"/><line number="600" hits="0"/><line number="624" hits="0"/><line number="640" hits="0"/><line number="653" hits="0"/><line number="659" hits="0"/><line number="666" hits="0"/><line number="667" hits="0"/><line number="678" hits="2"/><line number="679" hits="0"/><line number="682" hits="2"/><line number="683" hits="0"/><line number="685" hits="2"/><line number="686" hits="4"/><line number="687" hits="2"/><line number="688" hits="2"/><line number="690" hits="2"/><line number="694" hits="0"/><line number="695" hits="0"/><line number="698" hits="0"/><line number="699" hits="0"/><line number="702" hits="2"/><line number="703" hits="0"/><line number="706" hits="2"/><line number="707" hits="2"/><line number="708" hits="2"/><line number="709" hits="2"/><line number="710" hits="2"/><line number="712" hits="4"/><line number="713" hits="2"/><line number="714" hits="2"/><line number="715" hits="2"/><line number="717" hits="0"/><line number="721" hits="0"/><line number="729" hits="2"/><line number="730" hits="0"/><line number="731" hits="3"/><line number="732" hits="2"/><line number="734" hits="2"/><line number="736" hits="1"/><line number="742" hits="0"/><line number="746" hits="0"/><line number="750" hits="0"/><line number="754" hits="0"/><line number="767" hits="2"/><line number="768" hits="2"/><line number="771" hits="1"/><line number="772" hits="1"/><line number="776" hits="3"/><line number="779" hits="1"/><line number="780" hits="1"/><line number="782" hits="2"/><line number="784" hits="1"/><line number="785" hits="0"/><line number="789" hits="3"/><line number="792" hits="1"/><line number="793" hits="1"/><line number="795" hits="2"/><line number="796" hits="2"/><line number="797" hits="3"/><line number="798" hits="1"/><line number="803" hits="3"/><line number="806" hits="1"/><line number="807" hits="1"/><line number="809" hits="2"/><line number="811" hits="2"/><line number="812" hits="3"/><line number="813" hits="1"/><line number="818" hits="6"/><line number="821" hits="2"/><line number="822" hits="1"/><line number="824" hits="2"/><line number="828" hits="3"/><line number="829" hits="0"/><line number="831" hits="0"/><line number="834" hits="0"/><line number="839" hits="3"/><line number="842" hits="1"/><line number="843" hits="1"/><line number="845" hits="2"/><line number="847" hits="1"/><line number="849" hits="0"/><line number="850" hits="0"/><line number="851" hits="0"/></lines></class></classes></package><package name="../TDengine/examples/rust" line-rate="0" branch-rate="0" complexity="0"><classes></classes></package><package name="../taos-sys/benches" line-rate="0" branch-rate="0" complexity="0"><classes></classes></package><package name="../taos-sys/tests" line-rate="0" branch-rate="0" complexity="0"><classes><class name="raw_block" filename="../taos-sys/tests/raw_block.rs" line-rate="0" branch-rate="0" complexity="0"><methods/><lines><line number="221" hits="0"/><line number="223" hits="0"/><line number="224" hits="0"/><line number="229" hits="0"/><line number="230" hits="0"/><line number="235" hits="0"/><line number="236" hits="0"/><line number="241" hits="0"/><line number="243" hits="0"/><line number="244" hits="0"/><line number="250" hits="0"/><line number="251" hits="0"/><line number="253" hits="0"/><line number="254" hits="0"/><line number="255" hits="0"/><line number="259" hits="0"/><line number="260" hits="0"/><line number="261" hits="0"/><line number="262" hits="0"/><line number="263" hits="0"/><line number="265" hits="0"/><line number="266" hits="0"/><line number="267" hits="0"/><line number="272" hits="0"/><line number="273" hits="0"/><line number="274" hits="0"/><line number="275" hits="0"/><line number="276" hits="0"/><line number="277" hits="0"/><line number="278" hits="0"/><line number="279" hits="0"/><line number="280" hits="0"/><line number="281" hits="0"/><line number="283" hits="0"/><line number="284" hits="0"/><line number="285" hits="0"/><line number="286" hits="0"/><line number="288" hits="0"/><line number="289" hits="0"/><line number="291" hits="0"/><line number="292" hits="0"/><line number="293" hits="0"/><line number="295" hits="0"/><line number="299" hits="0"/><line number="300" hits="0"/><line number="301" hits="0"/><line number="302" hits="0"/><line number="304" hits="0"/><line number="305" hits="0"/><line number="308" hits="0"/><line number="309" hits="0"/><line number="310" hits="0"/><line number="311" hits="0"/><line number="312" hits="0"/><line number="314" hits="0"/><line number="315" hits="0"/><line number="318" hits="0"/><line number="319" hits="0"/><line number="320" hits="0"/><line number="324" hits="0"/><line number="325" hits="0"/><line number="326" hits="0"/><line number="327" hits="0"/><line number="328" hits="0"/><line number="329" hits="0"/><line number="330" hits="0"/><line number="331" hits="0"/><line number="332" hits="0"/><line number="334" hits="0"/><line number="335" hits="0"/><line number="336" hits="0"/><line number="337" hits="0"/><line number="338" hits="0"/><line number="339" hits="0"/><line number="340" hits="0"/><line number="342" hits="0"/><line number="344" hits="0"/><line number="345" hits="0"/><line number="515" hits="0"/><line number="517" hits="0"/><line number="518" hits="0"/><line number="519" hits="0"/><line number="520" hits="0"/><line number="521" hits="0"/></lines></class></classes></package><package name="../TDengine/docs/examples/rust/restexample/examples" line-rate="0" branch-rate="0" complexity="0"><classes></classes></package><package name="../taos/src/stmt" line-rate="0" branch-rate="0" complexity="0"><classes><class name="bind" filename="../taos/src/stmt/bind.rs" line-rate="0" branch-rate="0" complexity="0"><methods/><lines><line number="127" hits="0"/><line number="128" hits="0"/><line number="129" hits="0"/><line number="130" hits="0"/><line number="136" hits="0"/><line number="137" hits="0"/><line number="138" hits="0"/><line number="139" hits="0"/><line number="255" hits="0"/><line number="256" hits="0"/><line number="257" hits="0"/><line number="258" hits="0"/><line number="260" hits="0"/><line number="261" hits="0"/><line number="262" hits="0"/><line number="263" hits="0"/><line number="264" hits="0"/></lines></class><class name="mod" filename="../taos/src/stmt/mod.rs" line-rate="0" branch-rate="0" complexity="0"><methods/><lines><line number="13" hits="0"/><line number="14" hits="0"/><line number="17" hits="0"/><line number="18" hits="0"/><line number="21" hits="0"/><line number="22" hits="0"/><line number="23" hits="0"/><line number="24" hits="0"/><line number="27" hits="0"/><line number="28" hits="0"/><line number="31" hits="0"/><line number="32" hits="0"/><line number="35" hits="0"/><line number="36" hits="0"/><line number="38" hits="0"/><line number="39" hits="0"/><line number="41" hits="0"/><line number="42" hits="0"/><line number="45" hits="0"/><line number="46" hits="0"/><line number="49" hits="0"/><line number="50" hits="0"/><line number="129" hits="0"/><line number="130" hits="0"/><line number="131" hits="0"/><line number="132" hits="0"/><line number="133" hits="0"/><line number="134" hits="0"/></lines></class><class name="multi_bind" filename="../taos/src/stmt/multi_bind.rs" line-rate="0" branch-rate="0" complexity="0"><methods/><lines><line number="42" hits="0"/><line number="44" hits="0"/><line number="45" hits="0"/><line number="46" hits="0"/><line number="47" hits="0"/><line number="48" hits="0"/><line number="49" hits="0"/><line number="50" hits="0"/><line number="52" hits="0"/><line number="55" hits="0"/><line number="57" hits="0"/><line number="58" hits="0"/><line number="59" hits="0"/><line number="60" hits="0"/><line number="61" hits="0"/><line number="62" hits="0"/><line number="63" hits="0"/><line number="65" hits="0"/><line number="68" hits="0"/><line number="70" hits="0"/><line number="71" hits="0"/><line number="72" hits="0"/><line number="73" hits="0"/><line number="74" hits="0"/><line number="75" hits="0"/><line number="76" hits="0"/><line number="78" hits="0"/><line number="82" hits="0"/><line number="83" hits="0"/><line number="84" hits="0"/><line number="85" hits="0"/><line number="86" hits="0"/><line number="87" hits="0"/><line number="88" hits="0"/><line number="89" hits="0"/><line number="90" hits="0"/><line number="91" hits="0"/><line number="92" hits="0"/><line number="93" hits="0"/><line number="94" hits="0"/><line number="95" hits="0"/><line number="98" hits="0"/><line number="101" hits="0"/><line number="102" hits="0"/><line number="103" hits="0"/><line number="104" hits="0"/><line number="105" hits="0"/><line number="106" hits="0"/><line number="107" hits="0"/><line number="109" hits="0"/><line number="110" hits="0"/><line number="115" hits="0"/><line number="116" hits="0"/><line number="117" hits="0"/><line number="118" hits="0"/><line number="119" hits="0"/><line number="120" hits="0"/><line number="121" hits="0"/><line number="123" hits="0"/><line number="126" hits="0"/><line number="127" hits="0"/><line number="129" hits="0"/><line number="130" hits="0"/><line number="131" hits="0"/><line number="134" hits="0"/><line number="135" hits="0"/><line number="136" hits="0"/><line number="141" hits="0"/><line number="142" hits="0"/><line number="143" hits="0"/><line number="144" hits="0"/><line number="145" hits="0"/><line number="147" hits="0"/><line number="150" hits="0"/></lines></class></classes></package><package name="src/common/column" line-rate="0.12698412698412698" branch-rate="0" complexity="0"><classes><class name="mod" filename="src/common/column/mod.rs" line-rate="0.12698412698412698" branch-rate="0" complexity="0"><methods/><lines><line number="57" hits="0"/><line number="58" hits="0"/><line number="59" hits="0"/><line number="60" hits="0"/><line number="61" hits="0"/><line number="62" hits="0"/><line number="64" hits="0"/><line number="69" hits="0"/><line number="70" hits="0"/><line number="71" hits="0"/><line number="72" hits="0"/><line number="73" hits="0"/><line number="74" hits="0"/><line number="75" hits="0"/><line number="76" hits="0"/><line number="77" hits="0"/><line number="78" hits="0"/><line number="79" hits="0"/><line number="80" hits="0"/><line number="81" hits="0"/><line number="82" hits="0"/><line number="83" hits="0"/><line number="84" hits="0"/><line number="90" hits="0"/><line number="91" hits="0"/><line number="92" hits="0"/><line number="94" hits="0"/><line number="96" hits="0"/><line number="103" hits="0"/><line number="104" hits="0"/><line number="105" hits="0"/><line number="106" hits="0"/><line number="107" hits="0"/><line number="108" hits="0"/><line number="109" hits="0"/><line number="111" hits="0"/><line number="112" hits="0"/><line number="113" hits="0"/><line number="114" hits="0"/><line number="116" hits="0"/><line number="117" hits="0"/><line number="119" hits="0"/><line number="120" hits="0"/><line number="122" hits="0"/><line number="123" hits="0"/><line number="125" hits="0"/><line number="126" hits="0"/><line number="127" hits="0"/><line number="128" hits="0"/><line number="131" hits="0"/><line number="132" hits="0"/><line number="133" hits="0"/><line number="134" hits="0"/><line number="136" hits="0"/><line number="137" hits="0"/><line number="145" hits="3"/><line number="147" hits="1"/><line number="148" hits="4"/><line number="149" hits="1"/><line number="151" hits="2"/><line number="153" hits="2"/><line number="155" hits="2"/><line number="156" hits="1"/></lines></class></classes></package><package name="../TDengine/examples/rust/examples" line-rate="0" branch-rate="0" complexity="0"><classes></classes></package><package name="../TDengine/2.0/src/connector/odbc/examples/rust/main/src" line-rate="0" branch-rate="0" complexity="0"><classes><class name="main" filename="../TDengine/2.0/src/connector/odbc/examples/rust/main/src/main.rs" line-rate="0" branch-rate="0" complexity="0"><methods/><lines><line number="27" hits="0"/><line number="28" hits="0"/><line number="30" hits="0"/><line number="31" hits="0"/><line number="32" hits="0"/><line number="33" hits="0"/><line number="34" hits="0"/><line number="35" hits="0"/><line number="36" hits="0"/><line number="37" hits="0"/><line number="38" hits="0"/><line number="41" hits="0"/><line number="44" hits="0"/><line number="47" hits="0"/></lines></class></classes></package><package name="../taos/src/util" line-rate="0" branch-rate="0" complexity="0"><classes></classes></package><package name="../taos/src" line-rate="0.030303030303030304" branch-rate="0" complexity="0"><classes><class name="async_query" filename="../taos/src/async_query.rs" line-rate="0" branch-rate="0" complexity="0"><methods/><lines><line number="37" hits="0"/><line number="39" hits="0"/><line number="40" hits="0"/><line number="41" hits="0"/><line number="42" hits="0"/><line number="43" hits="0"/><line number="58" hits="0"/><line number="59" hits="0"/><line number="66" hits="0"/><line number="67" hits="0"/><line number="68" hits="0"/><line number="69" hits="0"/><line number="70" hits="0"/><line number="71" hits="0"/><line number="74" hits="0"/><line number="79" hits="0"/><line number="80" hits="0"/><line number="81" hits="0"/><line number="83" hits="0"/><line number="84" hits="0"/><line number="85" hits="0"/><line number="86" hits="0"/><line number="87" hits="0"/><line number="91" hits="0"/><line number="92" hits="0"/><line number="93" hits="0"/><line number="94" hits="0"/></lines></class><class name="lib" filename="../taos/src/lib.rs" line-rate="0" branch-rate="0" complexity="0"><methods/><lines><line number="51" hits="0"/><line number="58" hits="0"/><line number="59" hits="0"/><line number="60" hits="0"/><line number="61" hits="0"/><line number="62" hits="0"/><line number="63" hits="0"/><line number="186" hits="0"/><line number="187" hits="0"/><line number="193" hits="0"/><line number="196" hits="0"/><line number="197" hits="0"/><line number="201" hits="0"/></lines></class><class name="options" filename="../taos/src/options.rs" line-rate="0" branch-rate="0" complexity="0"><methods/><lines><line number="60" hits="0"/><line number="61" hits="0"/><line number="63" hits="0"/><line number="64" hits="0"/><line number="65" hits="0"/><line number="67" hits="0"/><line number="68" hits="0"/><line number="69" hits="0"/><line number="108" hits="0"/><line number="109" hits="0"/><line number="111" hits="0"/><line number="112" hits="0"/><line number="113" hits="0"/><line number="114" hits="0"/><line number="124" hits="0"/><line number="126" hits="0"/><line number="128" hits="0"/><line number="129" hits="0"/><line number="130" hits="0"/><line number="135" hits="0"/><line number="136" hits="0"/><line number="137" hits="0"/><line number="138" hits="0"/><line number="139" hits="0"/></lines></class><class name="r2d2" filename="../taos/src/r2d2.rs" line-rate="0" branch-rate="0" complexity="0"><methods/><lines><line number="10" hits="0"/><line number="11" hits="0"/><line number="14" hits="0"/><line number="15" hits="0"/><line number="18" hits="0"/></lines></class><class name="schemaless" filename="../taos/src/schemaless.rs" line-rate="0" branch-rate="0" complexity="0"><methods/><lines><line number="49" hits="0"/><line number="50" hits="0"/><line number="52" hits="0"/><line number="54" hits="0"/><line number="57" hits="0"/><line number="58" hits="0"/><line number="59" hits="0"/><line number="60" hits="0"/><line number="61" hits="0"/><line number="64" hits="0"/></lines></class></classes></package><package name="../src/util" line-rate="0" branch-rate="0" complexity="0"><classes></classes></package><package name="../taos/tests" line-rate="0" branch-rate="0" complexity="0"><classes></classes></package><package name="src/insert" line-rate="1" branch-rate="0" complexity="0"><classes><class name="mod" filename="src/insert/mod.rs" line-rate="1" branch-rate="0" complexity="0"><methods/><lines><line number="28" hits="2"/><line number="29" hits="2"/><line number="46" hits="3"/><line number="47" hits="2"/><line number="49" hits="1"/><line number="50" hits="2"/><line number="52" hits="2"/><line number="54" hits="1"/><line number="55" hits="2"/><line number="57" hits="2"/><line number="58" hits="1"/></lines></class></classes></package><package name="../taos-sys/src/types" line-rate="0" branch-rate="0" complexity="0"><classes><class name="field" filename="../taos-sys/src/types/field.rs" line-rate="0" branch-rate="0" complexity="0"><methods/><lines><line number="18" hits="0"/><line number="19" hits="0"/><line number="21" hits="0"/><line number="22" hits="0"/><line number="25" hits="0"/><line number="26" hits="0"/><line number="31" hits="0"/><line number="33" hits="0"/><line number="37" hits="0"/><line number="38" hits="0"/><line number="43" hits="0"/><line number="44" hits="0"/><line number="46" hits="0"/></lines></class><class name="mod" filename="../taos-sys/src/types/mod.rs" line-rate="0" branch-rate="0" complexity="0"><methods/><lines><line number="50" hits="0"/><line number="51" hits="0"/><line number="53" hits="0"/><line number="54" hits="0"/><line number="55" hits="0"/><line number="56" hits="0"/><line number="57" hits="0"/><line number="58" hits="0"/><line number="59" hits="0"/><line number="89" hits="0"/><line number="91" hits="0"/><line number="102" hits="0"/><line number="103" hits="0"/><line number="104" hits="0"/><line number="105" hits="0"/><line number="106" hits="0"/><line number="107" hits="0"/><line number="108" hits="0"/><line number="109" hits="0"/><line number="113" hits="0"/><line number="114" hits="0"/><line number="115" hits="0"/><line number="116" hits="0"/><line number="117" hits="0"/><line number="118" hits="0"/><line number="119" hits="0"/><line number="122" hits="0"/><line number="123" hits="0"/><line number="124" hits="0"/><line number="125" hits="0"/><line number="126" hits="0"/><line number="127" hits="0"/><line number="128" hits="0"/><line number="131" hits="0"/><line number="132" hits="0"/><line number="133" hits="0"/><line number="134" hits="0"/><line number="135" hits="0"/><line number="136" hits="0"/><line number="137" hits="0"/><line number="140" hits="0"/><line number="141" hits="0"/><line number="142" hits="0"/><line number="143" hits="0"/><line number="144" hits="0"/><line number="145" hits="0"/><line number="146" hits="0"/><line number="161" hits="0"/><line number="162" hits="0"/><line number="163" hits="0"/><line number="164" hits="0"/><line number="165" hits="0"/><line number="167" hits="0"/><line number="175" hits="0"/><line number="179" hits="0"/><line number="180" hits="0"/><line number="183" hits="0"/><line number="184" hits="0"/><line number="188" hits="0"/><line number="189" hits="0"/><line number="190" hits="0"/><line number="192" hits="0"/><line number="193" hits="0"/><line number="195" hits="0"/><line number="196" hits="0"/><line number="198" hits="0"/><line number="199" hits="0"/><line number="210" hits="0"/><line number="211" hits="0"/><line number="215" hits="0"/><line number="216" hits="0"/><line number="221" hits="0"/><line number="222" hits="0"/><line number="223" hits="0"/><line number="224" hits="0"/><line number="225" hits="0"/><line number="227" hits="0"/><line number="228" hits="0"/><line number="229" hits="0"/><line number="230" hits="0"/><line number="231" hits="0"/><line number="235" hits="0"/><line number="236" hits="0"/><line number="237" hits="0"/><line number="238" hits="0"/><line number="239" hits="0"/><line number="243" hits="0"/><line number="244" hits="0"/><line number="245" hits="0"/><line number="246" hits="0"/><line number="247" hits="0"/><line number="251" hits="0"/><line number="252" hits="0"/><line number="253" hits="0"/><line number="254" hits="0"/><line number="255" hits="0"/><line number="256" hits="0"/><line number="261" hits="0"/><line number="262" hits="0"/><line number="364" hits="0"/><line number="371" hits="0"/><line number="374" hits="0"/><line number="376" hits="0"/><line number="377" hits="0"/><line number="378" hits="0"/><line number="379" hits="0"/><line number="380" hits="0"/><line number="381" hits="0"/><line number="384" hits="0"/><line number="386" hits="0"/><line number="387" hits="0"/><line number="389" hits="0"/><line number="390" hits="0"/><line number="391" hits="0"/><line number="395" hits="0"/><line number="396" hits="0"/><line number="397" hits="0"/><line number="398" hits="0"/><line number="399" hits="0"/><line number="400" hits="0"/><line number="401" hits="0"/><line number="402" hits="0"/><line number="403" hits="0"/><line number="404" hits="0"/><line number="405" hits="0"/><line number="406" hits="0"/><line number="407" hits="0"/><line number="408" hits="0"/><line number="411" hits="0"/><line number="414" hits="0"/><line number="415" hits="0"/><line number="416" hits="0"/><line number="417" hits="0"/><line number="418" hits="0"/><line number="419" hits="0"/><line number="420" hits="0"/><line number="422" hits="0"/><line number="423" hits="0"/><line number="429" hits="0"/><line number="431" hits="0"/><line number="432" hits="0"/><line number="436" hits="0"/><line number="437" hits="0"/><line number="439" hits="0"/><line number="440" hits="0"/><line number="441" hits="0"/><line number="444" hits="0"/><line number="445" hits="0"/><line number="449" hits="0"/><line number="450" hits="0"/><line number="455" hits="0"/><line number="456" hits="0"/><line number="462" hits="0"/><line number="467" hits="0"/><line number="468" hits="0"/><line number="469" hits="0"/><line number="470" hits="0"/><line number="471" hits="0"/><line number="473" hits="0"/><line number="474" hits="0"/><line number="476" hits="0"/><line number="477" hits="0"/><line number="479" hits="0"/><line number="480" hits="0"/><line number="481" hits="0"/><line number="483" hits="0"/><line number="484" hits="0"/><line number="486" hits="0"/><line number="487" hits="0"/><line number="489" hits="0"/><line number="490" hits="0"/><line number="492" hits="0"/><line number="493" hits="0"/><line number="495" hits="0"/><line number="496" hits="0"/><line number="498" hits="0"/><line number="499" hits="0"/><line number="501" hits="0"/><line number="502" hits="0"/><line number="504" hits="0"/><line number="505" hits="0"/><line number="517" hits="0"/><line number="519" hits="0"/><line number="520" hits="0"/><line number="521" hits="0"/><line number="522" hits="0"/><line number="523" hits="0"/><line number="524" hits="0"/><line number="525" hits="0"/><line number="526" hits="0"/><line number="527" hits="0"/><line number="528" hits="0"/><line number="529" hits="0"/><line number="530" hits="0"/><line number="531" hits="0"/><line number="532" hits="0"/><line number="533" hits="0"/><line number="535" hits="0"/><line number="536" hits="0"/></lines></class></classes></package><package name="../src/bin/taosx/commands/restore" line-rate="0" branch-rate="0" complexity="0"><classes><class name="deserialize" filename="../src/bin/taosx/commands/restore/deserialize.rs" line-rate="0" branch-rate="0" complexity="0"><methods/><lines><line number="22" hits="0"/><line number="23" hits="0"/><line number="24" hits="0"/><line number="31" hits="0"/><line number="32" hits="0"/><line number="33" hits="0"/><line number="34" hits="0"/><line number="35" hits="0"/><line number="36" hits="0"/><line number="37" hits="0"/><line number="38" hits="0"/><line number="39" hits="0"/><line number="40" hits="0"/><line number="41" hits="0"/></lines></class><class name="restore" filename="../src/bin/taosx/commands/restore/restore.rs" line-rate="0" branch-rate="0" complexity="0"><methods/><lines><line number="32" hits="0"/><line number="33" hits="0"/><line number="34" hits="0"/><line number="35" hits="0"/><line number="36" hits="0"/><line number="37" hits="0"/><line number="38" hits="0"/><line number="42" hits="0"/><line number="43" hits="0"/><line number="45" hits="0"/><line number="46" hits="0"/><line number="48" hits="0"/><line number="51" hits="0"/><line number="52" hits="0"/><line number="53" hits="0"/><line number="55" hits="0"/><line number="57" hits="0"/><line number="58" hits="0"/><line number="61" hits="0"/><line number="62" hits="0"/><line number="66" hits="0"/><line number="67" hits="0"/><line number="69" hits="0"/><line number="70" hits="0"/></lines></class><class name="restore_parquet" filename="../src/bin/taosx/commands/restore/restore_parquet.rs" line-rate="0" branch-rate="0" complexity="0"><methods/><lines><line number="14" hits="0"/><line number="15" hits="0"/><line number="34" hits="0"/><line number="36" hits="0"/><line number="37" hits="0"/><line number="38" hits="0"/><line number="39" hits="0"/><line number="41" hits="0"/><line number="43" hits="0"/></lines></class></classes></package><package name="../taos-macros/examples/macros-demo/target/debug/build/taos-error-9a878855c40049e3/out" line-rate="0" branch-rate="0" complexity="0"><classes></classes></package><package name="src/common/raw" line-rate="0.6566265060240963" branch-rate="0" complexity="0"><classes><class name="inner" filename="src/common/raw/inner.rs" line-rate="0.6572769953051644" branch-rate="0" complexity="0"><methods/><lines><line number="20" hits="3"/><line number="25" hits="1"/><line number="26" hits="1"/><line number="28" hits="1"/><line number="29" hits="1"/><line number="30" hits="1"/><line number="33" hits="3"/><line number="34" hits="1"/><line number="35" hits="1"/><line number="37" hits="1"/><line number="38" hits="1"/><line number="46" hits="1"/><line number="47" hits="1"/><line number="48" hits="1"/><line number="74" hits="0"/><line number="77" hits="0"/><line number="78" hits="0"/><line number="79" hits="0"/><line number="80" hits="0"/><line number="82" hits="0"/><line number="89" hits="1"/><line number="90" hits="1"/><line number="97" hits="0"/><line number="98" hits="0"/><line number="99" hits="0"/><line number="102" hits="1"/><line number="103" hits="2"/><line number="108" hits="0"/><line number="109" hits="0"/><line number="110" hits="0"/><line number="111" hits="0"/><line number="112" hits="0"/><line number="113" hits="0"/><line number="118" hits="0"/><line number="119" hits="0"/><line number="121" hits="0"/><line number="126" hits="0"/><line number="127" hits="0"/><line number="128" hits="0"/><line number="132" hits="0"/><line number="133" hits="0"/><line number="134" hits="0"/><line number="138" hits="0"/><line number="139" hits="0"/><line number="140" hits="0"/><line number="145" hits="2"/><line number="151" hits="2"/><line number="152" hits="2"/><line number="153" hits="1"/><line number="158" hits="2"/><line number="159" hits="4"/><line number="160" hits="2"/><line number="161" hits="2"/><line number="162" hits="2"/><line number="163" hits="2"/><line number="171" hits="2"/><line number="177" hits="1"/><line number="178" hits="1"/><line number="182" hits="1"/><line number="183" hits="1"/><line number="187" hits="1"/><line number="188" hits="1"/><line number="193" hits="1"/><line number="194" hits="1"/><line number="200" hits="1"/><line number="201" hits="1"/><line number="206" hits="0"/><line number="207" hits="0"/><line number="212" hits="0"/><line number="213" hits="0"/><line number="218" hits="1"/><line number="219" hits="1"/><line number="224" hits="1"/><line number="227" hits="0"/><line number="232" hits="1"/><line number="234" hits="1"/><line number="239" hits="1"/><line number="240" hits="1"/><line number="244" hits="1"/><line number="245" hits="1"/><line number="249" hits="1"/><line number="250" hits="1"/><line number="262" hits="1"/><line number="263" hits="2"/><line number="264" hits="1"/><line number="265" hits="1"/><line number="266" hits="2"/><line number="269" hits="3"/><line number="270" hits="1"/><line number="271" hits="4"/><line number="272" hits="1"/><line number="273" hits="2"/><line number="274" hits="1"/><line number="276" hits="1"/><line number="277" hits="1"/><line number="278" hits="1"/><line number="279" hits="2"/><line number="281" hits="2"/><line number="283" hits="2"/><line number="284" hits="1"/><line number="293" hits="1"/><line number="295" hits="1"/><line number="296" hits="1"/><line number="303" hits="0"/><line number="304" hits="0"/><line number="310" hits="0"/><line number="311" hits="0"/><line number="316" hits="1"/><line number="318" hits="1"/><line number="319" hits="1"/><line number="325" hits="1"/><line number="326" hits="1"/><line number="328" hits="0"/><line number="329" hits="0"/><line number="330" hits="0"/><line number="334" hits="0"/><line number="335" hits="0"/><line number="336" hits="0"/><line number="337" hits="0"/><line number="338" hits="0"/><line number="340" hits="0"/><line number="341" hits="0"/><line number="342" hits="0"/><line number="347" hits="1"/><line number="348" hits="0"/><line number="349" hits="3"/><line number="350" hits="3"/><line number="351" hits="3"/><line number="352" hits="3"/><line number="353" hits="3"/><line number="354" hits="3"/><line number="355" hits="3"/><line number="356" hits="0"/><line number="358" hits="2"/><line number="359" hits="0"/><line number="360" hits="3"/><line number="361" hits="1"/><line number="363" hits="2"/><line number="364" hits="1"/><line number="366" hits="1"/><line number="367" hits="0"/><line number="368" hits="1"/><line number="370" hits="0"/><line number="374" hits="0"/><line number="375" hits="1"/><line number="376" hits="3"/><line number="377" hits="0"/><line number="379" hits="1"/><line number="380" hits="1"/><line number="383" hits="0"/><line number="384" hits="2"/><line number="385" hits="0"/><line number="386" hits="3"/><line number="387" hits="1"/><line number="389" hits="2"/><line number="390" hits="1"/><line number="393" hits="1"/><line number="394" hits="0"/><line number="395" hits="0"/><line number="399" hits="3"/><line number="400" hits="3"/><line number="401" hits="3"/><line number="402" hits="3"/><line number="403" hits="0"/><line number="404" hits="0"/><line number="405" hits="0"/><line number="406" hits="0"/><line number="407" hits="0"/><line number="409" hits="0"/><line number="410" hits="0"/><line number="411" hits="0"/><line number="412" hits="0"/><line number="413" hits="0"/><line number="414" hits="0"/><line number="415" hits="0"/><line number="417" hits="0"/><line number="419" hits="0"/><line number="420" hits="0"/><line number="429" hits="3"/><line number="432" hits="1"/><line number="433" hits="1"/><line number="434" hits="1"/><line number="435" hits="1"/><line number="437" hits="1"/><line number="439" hits="2"/><line number="440" hits="2"/><line number="441" hits="2"/><line number="444" hits="2"/><line number="445" hits="2"/><line number="446" hits="1"/><line number="447" hits="1"/><line number="448" hits="1"/><line number="449" hits="1"/><line number="450" hits="1"/><line number="451" hits="1"/><line number="452" hits="1"/><line number="453" hits="1"/><line number="454" hits="1"/><line number="455" hits="1"/><line number="456" hits="1"/><line number="457" hits="1"/><line number="458" hits="2"/><line number="459" hits="2"/><line number="462" hits="3"/><line number="463" hits="1"/><line number="464" hits="2"/><line number="468" hits="1"/><line number="470" hits="3"/><line number="471" hits="1"/><line number="472" hits="1"/><line number="473" hits="2"/><line number="477" hits="1"/><line number="478" hits="2"/></lines></class><class name="mod" filename="src/common/raw/mod.rs" line-rate="0.6554621848739496" branch-rate="0" complexity="0"><methods/><lines><line number="13" hits="0"/><line number="14" hits="2"/><line number="44" hits="1"/><line number="45" hits="3"/><line number="46" hits="2"/><line number="47" hits="1"/><line number="49" hits="0"/><line number="51" hits="3"/><line number="52" hits="1"/><line number="54" hits="0"/><line number="57" hits="3"/><line number="59" hits="0"/><line number="60" hits="0"/><line number="61" hits="0"/><line number="64" hits="1"/><line number="67" hits="2"/><line number="68" hits="0"/><line number="69" hits="2"/><line number="70" hits="0"/><line number="71" hits="3"/><line number="72" hits="0"/><line number="74" hits="1"/><line number="77" hits="2"/><line number="78" hits="2"/><line number="80" hits="2"/><line number="81" hits="1"/><line number="82" hits="3"/><line number="83" hits="1"/><line number="84" hits="1"/><line number="85" hits="1"/><line number="86" hits="1"/><line number="90" hits="1"/><line number="91" hits="1"/><line number="92" hits="1"/><line number="93" hits="1"/><line number="94" hits="1"/><line number="95" hits="1"/><line number="100" hits="1"/><line number="101" hits="2"/><line number="103" hits="3"/><line number="104" hits="3"/><line number="106" hits="3"/><line number="107" hits="3"/><line number="109" hits="2"/><line number="110" hits="0"/><line number="111" hits="0"/><line number="112" hits="0"/><line number="115" hits="2"/><line number="116" hits="2"/><line number="117" hits="3"/><line number="118" hits="3"/><line number="119" hits="1"/><line number="125" hits="0"/><line number="127" hits="0"/><line number="128" hits="0"/><line number="130" hits="0"/><line number="135" hits="1"/><line number="136" hits="1"/><line number="139" hits="1"/><line number="140" hits="1"/><line number="144" hits="1"/><line number="145" hits="2"/><line number="146" hits="0"/><line number="150" hits="1"/><line number="151" hits="2"/><line number="152" hits="0"/><line number="156" hits="0"/><line number="157" hits="0"/><line number="158" hits="0"/><line number="159" hits="0"/><line number="163" hits="1"/><line number="164" hits="1"/><line number="165" hits="2"/><line number="171" hits="1"/><line number="176" hits="0"/><line number="177" hits="0"/><line number="178" hits="0"/><line number="182" hits="0"/><line number="183" hits="0"/><line number="184" hits="0"/><line number="185" hits="0"/><line number="187" hits="0"/><line number="188" hits="0"/><line number="190" hits="0"/><line number="194" hits="1"/><line number="195" hits="1"/><line number="199" hits="0"/><line number="200" hits="0"/><line number="201" hits="0"/><line number="202" hits="0"/><line number="206" hits="0"/><line number="207" hits="0"/><line number="211" hits="0"/><line number="212" hits="0"/><line number="215" hits="1"/><line number="216" hits="1"/><line number="217" hits="1"/><line number="218" hits="1"/><line number="220" hits="2"/><line number="221" hits="1"/><line number="223" hits="2"/><line number="224" hits="0"/><line number="231" hits="3"/><line number="233" hits="1"/><line number="234" hits="1"/><line number="235" hits="1"/><line number="236" hits="1"/><line number="238" hits="1"/><line number="240" hits="1"/><line number="241" hits="2"/><line number="243" hits="1"/><line number="245" hits="1"/><line number="247" hits="2"/><line number="248" hits="1"/><line number="250" hits="2"/><line number="252" hits="2"/><line number="253" hits="1"/><line number="255" hits="2"/><line number="256" hits="1"/></lines></class></classes></package><package name="../src/plugins/sink" line-rate="0" branch-rate="0" complexity="0"><classes></classes></package><package name="../src/bin/taosx/commands/backup" line-rate="0" branch-rate="0" complexity="0"><classes><class name="backup" filename="../src/bin/taosx/commands/backup/backup.rs" line-rate="0" branch-rate="0" complexity="0"><methods/><lines><line number="53" hits="0"/><line number="54" hits="0"/><line number="55" hits="0"/><line number="56" hits="0"/><line number="57" hits="0"/><line number="59" hits="0"/><line number="61" hits="0"/><line number="62" hits="0"/><line number="64" hits="0"/><line number="65" hits="0"/><line number="67" hits="0"/><line number="70" hits="0"/><line number="71" hits="0"/><line number="72" hits="0"/><line number="74" hits="0"/><line number="76" hits="0"/><line number="77" hits="0"/><line number="80" hits="0"/><line number="81" hits="0"/><line number="86" hits="0"/><line number="87" hits="0"/><line number="88" hits="0"/><line number="89" hits="0"/><line number="90" hits="0"/><line number="91" hits="0"/><line number="94" hits="0"/><line number="95" hits="0"/></lines></class><class name="serialize" filename="../src/bin/taosx/commands/backup/serialize.rs" line-rate="0" branch-rate="0" complexity="0"><methods/><lines><line number="27" hits="0"/><line number="29" hits="0"/><line number="30" hits="0"/><line number="31" hits="0"/><line number="33" hits="0"/><line number="42" hits="0"/><line number="43" hits="0"/><line number="44" hits="0"/><line number="45" hits="0"/><line number="46" hits="0"/><line number="47" hits="0"/><line number="49" hits="0"/><line number="50" hits="0"/><line number="53" hits="0"/><line number="54" hits="0"/><line number="55" hits="0"/><line number="58" hits="0"/><line number="59" hits="0"/><line number="61" hits="0"/><line number="62" hits="0"/><line number="63" hits="0"/><line number="64" hits="0"/><line number="66" hits="0"/><line number="69" hits="0"/><line number="70" hits="0"/><line number="72" hits="0"/><line number="73" hits="0"/><line number="74" hits="0"/><line number="75" hits="0"/><line number="77" hits="0"/><line number="82" hits="0"/><line number="83" hits="0"/></lines></class></classes></package><package name="../TDengine/tools/taos-tools/deps/avro/lang/rust/src" line-rate="0" branch-rate="0" complexity="0"><classes><class name="de" filename="../TDengine/tools/taos-tools/deps/avro/lang/rust/src/de.rs" line-rate="0" branch-rate="0" complexity="0"><methods/><lines><line number="59" hits="0"/><line number="65" hits="0"/><line number="67" hits="0"/><line number="73" hits="0"/><line number="76" hits="0"/><line number="84" hits="0"/><line number="86" hits="0"/><line number="93" hits="0"/><line number="99" hits="0"/><line number="112" hits="0"/><line number="113" hits="0"/><line number="114" hits="0"/><line number="116" hits="0"/><line number="124" hits="0"/><line number="125" hits="0"/><line number="132" hits="0"/><line number="139" hits="0"/><line number="150" hits="0"/><line number="162" hits="0"/><line number="163" hits="0"/><line number="164" hits="0"/><line number="165" hits="0"/><line number="166" hits="0"/><line number="167" hits="0"/><line number="169" hits="0"/><line number="171" hits="0"/><line number="172" hits="0"/><line number="173" hits="0"/><line number="175" hits="0"/><line number="176" hits="0"/><line number="186" hits="0"/><line number="187" hits="0"/><line number="194" hits="0"/><line number="195" hits="0"/><line number="196" hits="0"/><line number="198" hits="0"/><line number="206" hits="0"/><line number="207" hits="0"/><line number="208" hits="0"/><line number="210" hits="0"/><line number="222" hits="0"/><line number="223" hits="0"/><line number="224" hits="0"/><line number="225" hits="0"/><line number="226" hits="0"/><line number="227" hits="0"/><line number="228" hits="0"/><line number="229" hits="0"/><line number="243" hits="0"/><line number="244" hits="0"/><line number="245" hits="0"/><line number="246" hits="0"/><line number="247" hits="0"/><line number="248" hits="0"/><line number="249" hits="0"/><line number="250" hits="0"/><line number="251" hits="0"/><line number="252" hits="0"/><line number="253" hits="0"/><line number="254" hits="0"/><line number="255" hits="0"/><line number="256" hits="0"/><line number="257" hits="0"/><line number="258" hits="0"/><line number="259" hits="0"/><line number="260" hits="0"/><line number="262" hits="0"/><line number="263" hits="0"/><line number="264" hits="0"/><line number="265" hits="0"/><line number="266" hits="0"/><line number="279" hits="0"/><line number="286" hits="0"/><line number="287" hits="0"/><line number="288" hits="0"/><line number="289" hits="0"/><line number="290" hits="0"/><line number="291" hits="0"/><line number="292" hits="0"/><line number="300" hits="0"/><line number="301" hits="0"/><line number="302" hits="0"/><line number="303" hits="0"/><line number="304" hits="0"/><line number="305" hits="0"/><line number="307" hits="0"/><line number="308" hits="0"/><line number="309" hits="0"/><line number="311" hits="0"/><line number="319" hits="0"/><line number="320" hits="0"/><line number="321" hits="0"/><line number="322" hits="0"/><line number="323" hits="0"/><line number="331" hits="0"/><line number="332" hits="0"/><line number="333" hits="0"/><line number="334" hits="0"/><line number="336" hits="0"/><line number="344" hits="0"/><line number="345" hits="0"/><line number="346" hits="0"/><line number="347" hits="0"/><line number="355" hits="0"/><line number="356" hits="0"/><line number="357" hits="0"/><line number="369" hits="0"/><line number="380" hits="0"/><line number="387" hits="0"/><line number="388" hits="0"/><line number="389" hits="0"/><line number="390" hits="0"/><line number="391" hits="0"/><line number="393" hits="0"/><line number="401" hits="0"/><line number="413" hits="0"/><line number="420" hits="0"/><line number="421" hits="0"/><line number="422" hits="0"/><line number="435" hits="0"/><line number="436" hits="0"/><line number="437" hits="0"/><line number="438" hits="0"/><line number="439" hits="0"/><line number="441" hits="0"/><line number="454" hits="0"/><line number="456" hits="0"/><line number="458" hits="0"/><line number="459" hits="0"/><line number="467" hits="0"/><line number="474" hits="0"/><line number="485" hits="0"/><line number="486" hits="0"/><line number="487" hits="0"/><line number="499" hits="0"/><line number="500" hits="0"/><line number="501" hits="0"/><line number="502" hits="0"/><line number="504" hits="0"/><line number="505" hits="0"/><line number="513" hits="0"/><line number="514" hits="0"/><line number="515" hits="0"/><line number="527" hits="0"/><line number="528" hits="0"/><line number="529" hits="0"/><line number="530" hits="0"/><line number="531" hits="0"/><line number="532" hits="0"/><line number="534" hits="0"/><line number="536" hits="0"/><line number="544" hits="0"/><line number="545" hits="0"/><line number="546" hits="0"/><line number="563" hits="0"/><line number="577" hits="0"/><line number="578" hits="0"/><line number="579" hits="0"/></lines></class><class name="decimal" filename="../TDengine/tools/taos-tools/deps/avro/lang/rust/src/decimal.rs" line-rate="0" branch-rate="0" complexity="0"><methods/><lines><line number="67" hits="0"/><line number="68" hits="0"/><line number="70" hits="0"/><line number="71" hits="0"/></lines></class><class name="decode" filename="../TDengine/tools/taos-tools/deps/avro/lang/rust/src/decode.rs" line-rate="0" branch-rate="0" complexity="0"><methods/><lines><line number="30" hits="0"/><line number="31" hits="0"/><line number="35" hits="0"/><line number="36" hits="0"/><line number="40" hits="0"/><line number="41" hits="0"/><line number="42" hits="0"/><line number="49" hits="0"/><line number="50" hits="0"/><line number="52" hits="0"/><line number="53" hits="0"/><line number="54" hits="0"/><line number="55" hits="0"/><line number="56" hits="0"/><line number="58" hits="0"/><line number="60" hits="0"/><line number="65" hits="0"/><line number="66" hits="0"/><line number="67" hits="0"/><line number="68" hits="0"/><line number="69" hits="0"/><line number="70" hits="0"/><line number="71" hits="0"/><line number="72" hits="0"/><line number="74" hits="0"/><line number="75" hits="0"/><line number="76" hits="0"/><line number="77" hits="0"/><line number="80" hits="0"/><line number="81" hits="0"/><line number="82" hits="0"/><line number="83" hits="0"/><line number="85" hits="0"/><line number="86" hits="0"/><line number="87" hits="0"/><line number="89" hits="0"/><line number="91" hits="0"/><line number="92" hits="0"/><line number="93" hits="0"/><line number="94" hits="0"/><line number="96" hits="0"/><line number="98" hits="0"/><line number="99" hits="0"/><line number="100" hits="0"/><line number="101" hits="0"/><line number="102" hits="0"/><line number="103" hits="0"/><line number="104" hits="0"/><line number="105" hits="0"/><line number="106" hits="0"/><line number="107" hits="0"/><line number="108" hits="0"/><line number="110" hits="0"/><line number="111" hits="0"/><line number="112" hits="0"/><line number="113" hits="0"/><line number="115" hits="0"/><line number="116" hits="0"/><line number="117" hits="0"/><line number="118" hits="0"/><line number="120" hits="0"/><line number="121" hits="0"/><line number="122" hits="0"/><line number="123" hits="0"/><line number="124" hits="0"/><line number="126" hits="0"/><line number="127" hits="0"/><line number="128" hits="0"/><line number="129" hits="0"/><line number="131" hits="0"/><line number="132" hits="0"/><line number="135" hits="0"/><line number="136" hits="0"/><line number="137" hits="0"/><line number="138" hits="0"/><line number="139" hits="0"/><line number="140" hits="0"/><line number="142" hits="0"/><line number="143" hits="0"/><line number="145" hits="0"/><line number="146" hits="0"/><line number="147" hits="0"/><line number="148" hits="0"/><line number="151" hits="0"/><line number="152" hits="0"/><line number="153" hits="0"/><line number="157" hits="0"/><line number="159" hits="0"/><line number="160" hits="0"/><line number="162" hits="0"/><line number="163" hits="0"/><line number="164" hits="0"/><line number="165" hits="0"/><line number="168" hits="0"/><line number="169" hits="0"/><line number="170" hits="0"/><line number="171" hits="0"/><line number="172" hits="0"/><line number="173" hits="0"/><line number="175" hits="0"/><line number="180" hits="0"/><line number="182" hits="0"/><line number="183" hits="0"/><line number="184" hits="0"/><line number="185" hits="0"/><line number="186" hits="0"/><line number="187" hits="0"/><line number="188" hits="0"/><line number="189" hits="0"/><line number="191" hits="0"/><line number="192" hits="0"/><line number="194" hits="0"/><line number="196" hits="0"/><line number="197" hits="0"/><line number="199" hits="0"/><line number="201" hits="0"/><line number="203" hits="0"/><line number="204" hits="0"/><line number="205" hits="0"/><line number="206" hits="0"/><line number="207" hits="0"/><line number="208" hits="0"/><line number="209" hits="0"/><line number="211" hits="0"/><line number="212" hits="0"/><line number="213" hits="0"/><line number="217" hits="0"/></lines></class><class name="encode" filename="../TDengine/tools/taos-tools/deps/avro/lang/rust/src/encode.rs" line-rate="0" branch-rate="0" complexity="0"><methods/><lines><line number="34" hits="0"/><line number="35" hits="0"/><line number="36" hits="0"/><line number="37" hits="0"/></lines></class><class name="error" filename="../TDengine/tools/taos-tools/deps/avro/lang/rust/src/error.rs" line-rate="0" branch-rate="0" complexity="0"><methods/><lines><line number="369" hits="0"/><line number="370" hits="0"/><line number="375" hits="0"/><line number="376" hits="0"/></lines></class><class name="reader" filename="../TDengine/tools/taos-tools/deps/avro/lang/rust/src/reader.rs" line-rate="0" branch-rate="0" complexity="0"><methods/><lines><line number="41" hits="0"/><line number="46" hits="0"/><line number="49" hits="0"/><line number="52" hits="0"/><line number="53" hits="0"/><line number="58" hits="0"/><line number="59" hits="0"/><line number="61" hits="0"/><line number="62" hits="0"/><line number="63" hits="0"/><line number="64" hits="0"/><line number="66" hits="0"/><line number="67" hits="0"/><line number="70" hits="0"/><line number="72" hits="0"/><line number="74" hits="0"/><line number="75" hits="0"/><line number="76" hits="0"/><line number="78" hits="0"/><line number="81" hits="0"/><line number="82" hits="0"/><line number="84" hits="0"/><line number="86" hits="0"/><line number="87" hits="0"/><line number="88" hits="0"/><line number="90" hits="0"/><line number="93" hits="0"/><line number="95" hits="0"/><line number="98" hits="0"/><line number="101" hits="0"/><line number="102" hits="0"/><line number="103" hits="0"/><line number="106" hits="0"/><line number="118" hits="0"/><line number="119" hits="0"/><line number="120" hits="0"/><line number="121" hits="0"/><line number="122" hits="0"/><line number="123" hits="0"/><line number="128" hits="0"/><line number="129" hits="0"/><line number="130" hits="0"/><line number="131" hits="0"/><line number="132" hits="0"/><line number="133" hits="0"/><line number="134" hits="0"/><line number="135" hits="0"/><line number="136" hits="0"/><line number="137" hits="0"/><line number="138" hits="0"/><line number="140" hits="0"/><line number="141" hits="0"/><line number="150" hits="0"/><line number="152" hits="0"/><line number="153" hits="0"/><line number="155" hits="0"/><line number="157" hits="0"/><line number="160" hits="0"/><line number="164" hits="0"/><line number="165" hits="0"/><line number="168" hits="0"/><line number="169" hits="0"/><line number="172" hits="0"/><line number="173" hits="0"/><line number="174" hits="0"/><line number="175" hits="0"/><line number="176" hits="0"/><line number="180" hits="0"/><line number="181" hits="0"/><line number="182" hits="0"/><line number="183" hits="0"/><line number="184" hits="0"/><line number="185" hits="0"/><line number="216" hits="0"/><line number="217" hits="0"/><line number="224" hits="0"/><line number="231" hits="0"/><line number="232" hits="0"/><line number="235" hits="0"/><line number="240" hits="0"/><line number="241" hits="0"/><line number="245" hits="0"/><line number="246" hits="0"/><line number="250" hits="0"/><line number="251" hits="0"/><line number="255" hits="0"/><line number="256" hits="0"/><line number="257" hits="0"/><line number="259" hits="0"/><line number="262" hits="0"/><line number="269" hits="0"/><line number="271" hits="0"/><line number="272" hits="0"/><line number="274" hits="0"/><line number="275" hits="0"/><line number="276" hits="0"/><line number="277" hits="0"/><line number="278" hits="0"/><line number="297" hits="0"/><line number="298" hits="0"/><line number="299" hits="0"/><line number="300" hits="0"/></lines></class><class name="schema" filename="../TDengine/tools/taos-tools/deps/avro/lang/rust/src/schema.rs" line-rate="0" branch-rate="0" complexity="0"><methods/><lines><line number="169" hits="0"/><line number="171" hits="0"/><line number="172" hits="0"/><line number="173" hits="0"/><line number="174" hits="0"/><line number="175" hits="0"/><line number="176" hits="0"/><line number="177" hits="0"/><line number="178" hits="0"/><line number="179" hits="0"/><line number="180" hits="0"/><line number="181" hits="0"/><line number="182" hits="0"/><line number="183" hits="0"/><line number="184" hits="0"/><line number="185" hits="0"/><line number="186" hits="0"/><line number="187" hits="0"/><line number="188" hits="0"/><line number="189" hits="0"/><line number="190" hits="0"/><line number="191" hits="0"/><line number="192" hits="0"/><line number="193" hits="0"/><line number="440" hits="0"/><line number="441" hits="0"/><line number="442" hits="0"/><line number="444" hits="0"/><line number="817" hits="0"/><line number="818" hits="0"/><line number="819" hits="0"/><line number="820" hits="0"/><line number="821" hits="0"/><
[...]
="2"/><line number="476" hits="3"/><line number="477" hits="1"/><line number="479" hits="1"/><line number="480" hits="1"/><line number="481" hits="1"/><line number="484" hits="4"/><line number="485" hits="1"/><line number="508" hits="18"/><line number="510" hits="1"/><line number="511" hits="1"/><line number="512" hits="1"/><line number="513" hits="1"/><line number="514" hits="1"/><line number="515" hits="1"/><line number="516" hits="1"/><line number="517" hits="1"/><line number="520" hits="1"/><line number="521" hits="1"/><line number="522" hits="1"/><line number="523" hits="1"/><line number="524" hits="4"/><line number="525" hits="4"/><line number="526" hits="4"/><line number="527" hits="2"/><line number="531" hits="4"/><line number="532" hits="1"/><line number="546" hits="1"/><line number="552" hits="2"/><line number="553" hits="1"/><line number="555" hits="1"/><line number="556" hits="1"/><line number="562" hits="1"/><line number="565" hits="4"/><line number="566" hits="1"/><line number="577" hits="2"/><line number="578" hits="2"/><line number="580" hits="1"/><line number="585" hits="1"/><line number="586" hits="2"/><line number="590" hits="2"/><line number="591" hits="2"/><line number="592" hits="2"/><line number="593" hits="2"/><line number="621" hits="2"/></lines></class><class name="mod" filename="src/common/value/de/mod.rs" line-rate="0.2222222222222222" branch-rate="0" complexity="0"><methods/><lines><line number="38" hits="0"/><line number="39" hits="0"/><line number="42" hits="0"/><line number="46" hits="0"/><line number="47" hits="0"/><line number="48" hits="0"/><line number="56" hits="0"/><line number="57" hits="0"/><line number="58" hits="0"/><line number="70" hits="0"/><line number="71" hits="0"/><line number="72" hits="0"/><line number="84" hits="1"/><line number="88" hits="1"/><line number="101" hits="0"/><line number="102" hits="0"/><line number="105" hits="1"/><line number="109" hits="1"/></lines></class><class name="ref_value" filename="src/common/value/de/ref_value.rs" line-rate="0.68" branch-rate="0" complexity="0"><methods/><lines><line number="13" hits="0"/><line number="17" hits="0"/><line number="18" hits="0"/><line number="19" hits="0"/><line number="20" hits="0"/><line number="22" hits="0"/><line number="37" hits="2"/><line number="43" hits="2"/><line number="44" hits="0"/><line number="45" hits="0"/><line number="46" hits="0"/><line number="48" hits="0"/><line number="49" hits="0"/><line number="51" hits="4"/><line number="52" hits="6"/><line number="53" hits="2"/><line number="55" hits="0"/><line number="56" hits="2"/><line number="58" hits="0"/><line number="59" hits="0"/><line number="60" hits="0"/><line number="62" hits="0"/><line number="63" hits="0"/><line number="83" hits="3"/><line number="87" hits="3"/><line number="101" hits="1"/><line number="105" hits="2"/><line number="107" hits="1"/><line number="108" hits="3"/><line number="109" hits="1"/><line number="111" hits="0"/><line number="112" hits="0"/><line number="120" hits="1"/><line number="121" hits="1"/><line number="124" hits="15"/><line number="128" hits="15"/><line number="153" hits="12"/><line number="157" hits="36"/><line number="160" hits="12"/><line number="161" hits="0"/><line number="162" hits="2"/><line number="163" hits="2"/><line number="164" hits="2"/><line number="165" hits="2"/><line number="166" hits="2"/><line number="167" hits="2"/><line number="168" hits="2"/><line number="169" hits="2"/><line number="170" hits="2"/><line number="171" hits="2"/><line number="172" hits="4"/><line number="173" hits="0"/><line number="174" hits="0"/><line number="175" hits="3"/><line number="178" hits="1"/><line number="179" hits="0"/><line number="180" hits="0"/><line number="181" hits="0"/><line number="182" hits="0"/><line number="183" hits="0"/><line number="196" hits="2"/><line number="200" hits="6"/><line number="202" hits="5"/><line number="203" hits="4"/><line number="204" hits="0"/><line number="205" hits="4"/><line number="206" hits="4"/><line number="207" hits="4"/><line number="208" hits="4"/><line number="209" hits="4"/><line number="210" hits="4"/><line number="211" hits="4"/><line number="212" hits="4"/><line number="213" hits="0"/><line number="214" hits="0"/><line number="215" hits="5"/><line number="216" hits="2"/><line number="217" hits="4"/><line number="218" hits="4"/><line number="219" hits="0"/><line number="220" hits="0"/><line number="222" hits="0"/><line number="223" hits="0"/><line number="228" hits="1"/><line number="232" hits="3"/><line number="233" hits="1"/><line number="236" hits="1"/><line number="240" hits="3"/><line number="241" hits="2"/><line number="242" hits="1"/><line number="244" hits="0"/><line number="248" hits="9"/><line number="256" hits="27"/><line number="258" hits="0"/><line number="259" hits="0"/><line number="260" hits="0"/><line number="263" hits="9"/><line number="264" hits="0"/><line number="265" hits="0"/><line number="266" hits="8"/><line number="267" hits="8"/><line number="268" hits="8"/><line number="269" hits="8"/><line number="270" hits="8"/><line number="271" hits="8"/><line number="272" hits="8"/><line number="273" hits="8"/><line number="274" hits="0"/><line number="275" hits="0"/><line number="276" hits="0"/><line number="277" hits="8"/><line number="278" hits="4"/><line number="279" hits="0"/><line number="280" hits="0"/><line number="281" hits="0"/><line number="282" hits="0"/><line number="284" hits="0"/><line number="285" hits="0"/><line number="294" hits="0"/><line number="295" hits="0"/><line number="298" hits="1"/><line number="302" hits="3"/><line number="304" hits="4"/><line number="305" hits="0"/><line number="307" hits="0"/><line number="308" hits="0"/><line number="311" hits="0"/><line number="312" hits="0"/><line number="313" hits="0"/><line number="317" hits="0"/><line number="318" hits="3"/><line number="319" hits="1"/><line number="321" hits="0"/><line number="325" hits="2"/><line number="334" hits="6"/><line number="336" hits="5"/><line number="337" hits="2"/><line number="339" hits="2"/><line number="340" hits="1"/><line number="342" hits="0"/><line number="346" hits="0"/><line number="349" hits="1"/><line number="358" hits="1"/><line number="359" hits="3"/><line number="362" hits="1"/><line number="363" hits="0"/><line number="364" hits="0"/><line number="372" hits="1"/><line number="373" hits="0"/><line number="384" hits="4"/><line number="385" hits="1"/><line number="399" hits="13"/><line number="402" hits="4"/><line number="403" hits="12"/><line number="404" hits="3"/><line number="408" hits="4"/><line number="409" hits="1"/><line number="423" hits="10"/><line number="435" hits="3"/><line number="436" hits="2"/><line number="438" hits="4"/><line number="439" hits="3"/><line number="440" hits="3"/><line number="444" hits="4"/><line number="445" hits="1"/><line number="472" hits="7"/><line number="481" hits="2"/><line number="482" hits="2"/><line number="484" hits="2"/><line number="488" hits="2"/><line number="489" hits="1"/><line number="492" hits="4"/><line number="493" hits="1"/><line number="520" hits="7"/><line number="534" hits="1"/><line number="535" hits="1"/><line number="536" hits="3"/><line number="537" hits="3"/><line number="538" hits="3"/><line number="539" hits="1"/><line number="543" hits="4"/><line number="544" hits="1"/><line number="555" hits="3"/><line number="556" hits="1"/><line number="558" hits="1"/><line number="565" hits="2"/><line number="566" hits="1"/><line number="568" hits="1"/><line number="569" hits="1"/><line number="574" hits="4"/><line number="575" hits="1"/><line number="587" hits="2"/><line number="588" hits="1"/><line number="590" hits="1"/><line number="595" hits="1"/><line number="596" hits="2"/><line number="597" hits="2"/><line number="598" hits="2"/><line number="599" hits="2"/><line number="627" hits="66"/></lines></class><class name="value" filename="src/common/value/de/value.rs" line-rate="0.7175925925925926" branch-rate="0" complexity="0"><methods/><lines><line number="13" hits="0"/><line number="17" hits="0"/><line number="18" hits="0"/><line number="19" hits="0"/><line number="20" hits="0"/><line number="22" hits="0"/><line number="37" hits="1"/><line number="43" hits="1"/><line number="44" hits="0"/><line number="45" hits="0"/><line number="46" hits="0"/><line number="48" hits="0"/><line number="49" hits="0"/><line number="51" hits="2"/><line number="52" hits="3"/><line number="53" hits="1"/><line number="55" hits="0"/><line number="56" hits="1"/><line number="58" hits="0"/><line number="59" hits="0"/><line number="60" hits="0"/><line number="62" hits="0"/><line number="63" hits="0"/><line number="83" hits="2"/><line number="87" hits="2"/><line number="101" hits="1"/><line number="105" hits="2"/><line number="107" hits="1"/><line number="108" hits="3"/><line number="109" hits="1"/><line number="111" hits="0"/><line number="112" hits="1"/><line number="120" hits="1"/><line number="121" hits="1"/><line number="124" hits="15"/><line number="128" hits="15"/><line number="153" hits="12"/><line number="157" hits="36"/><line number="160" hits="12"/><line number="161" hits="0"/><line number="162" hits="2"/><line number="163" hits="2"/><line number="164" hits="2"/><line number="165" hits="2"/><line number="166" hits="2"/><line number="167" hits="2"/><line number="168" hits="2"/><line number="169" hits="2"/><line number="170" hits="2"/><line number="171" hits="2"/><line number="172" hits="2"/><line number="173" hits="0"/><line number="174" hits="0"/><line number="175" hits="2"/><line number="177" hits="1"/><line number="178" hits="0"/><line number="179" hits="0"/><line number="180" hits="0"/><line number="181" hits="0"/><line number="183" hits="0"/><line number="184" hits="0"/><line number="197" hits="1"/><line number="201" hits="3"/><line number="203" hits="4"/><line number="204" hits="2"/><line number="208" hits="0"/><line number="209" hits="2"/><line number="210" hits="2"/><line number="211" hits="2"/><line number="212" hits="2"/><line number="213" hits="2"/><line number="214" hits="2"/><line number="215" hits="2"/><line number="216" hits="2"/><line number="217" hits="0"/><line number="218" hits="0"/><line number="219" hits="4"/><line number="220" hits="1"/><line number="221" hits="2"/><line number="222" hits="2"/><line number="223" hits="0"/><line number="224" hits="0"/><line number="226" hits="0"/><line number="227" hits="0"/><line number="232" hits="1"/><line number="236" hits="3"/><line number="237" hits="1"/><line number="240" hits="1"/><line number="244" hits="3"/><line number="245" hits="2"/><line number="246" hits="1"/><line number="248" hits="0"/><line number="252" hits="9"/><line number="260" hits="27"/><line number="262" hits="0"/><line number="263" hits="0"/><line number="264" hits="0"/><line number="267" hits="9"/><line number="268" hits="0"/><line number="269" hits="0"/><line number="270" hits="8"/><line number="271" hits="8"/><line number="272" hits="8"/><line number="273" hits="8"/><line number="274" hits="8"/><line number="275" hits="8"/><line number="276" hits="8"/><line number="277" hits="8"/><line number="278" hits="0"/><line number="279" hits="0"/><line number="280" hits="0"/><line number="281" hits="8"/><line number="282" hits="4"/><line number="283" hits="0"/><line number="284" hits="0"/><line number="285" hits="0"/><line number="286" hits="0"/><line number="288" hits="0"/><line number="289" hits="0"/><line number="298" hits="0"/><line number="299" hits="0"/><line number="302" hits="1"/><line number="306" hits="3"/><line number="308" hits="4"/><line number="309" hits="0"/><line number="311" hits="0"/><line number="312" hits="0"/><line number="314" hits="0"/><line number="315" hits="0"/><line number="316" hits="0"/><line number="320" hits="0"/><line number="321" hits="3"/><line number="322" hits="1"/><line number="328" hits="2"/><line number="337" hits="6"/><line number="339" hits="4"/><line number="340" hits="1"/><line number="342" hits="2"/><line number="343" hits="2"/><line number="345" hits="1"/><line number="349" hits="0"/><line number="352" hits="1"/><line number="361" hits="1"/><line number="362" hits="2"/><line number="364" hits="1"/><line number="365" hits="0"/><line number="366" hits="0"/><line number="374" hits="1"/><line number="375" hits="2"/><line number="386" hits="4"/><line number="387" hits="1"/><line number="401" hits="21"/><line number="402" hits="8"/><line number="403" hits="4"/><line number="404" hits="2"/><line number="405" hits="4"/><line number="406" hits="1"/><line number="410" hits="4"/><line number="411" hits="1"/><line number="424" hits="21"/><line number="425" hits="1"/><line number="426" hits="1"/><line number="427" hits="1"/><line number="428" hits="1"/><line number="429" hits="1"/><line number="430" hits="1"/><line number="431" hits="1"/><line number="432" hits="1"/><line number="433" hits="1"/><line number="434" hits="1"/><line number="435" hits="1"/><line number="436" hits="3"/><line number="437" hits="2"/><line number="438" hits="1"/><line number="439" hits="4"/><line number="440" hits="3"/><line number="441" hits="3"/><line number="445" hits="4"/><line number="446" hits="1"/><line number="473" hits="18"/><line number="474" hits="1"/><line number="475" hits="1"/><line number="476" hits="1"/><line number="477" hits="1"/><line number="478" hits="1"/><line number="479" hits="1"/><line number="480" hits="1"/><line number="481" hits="1"/><line number="484" hits="1"/><line number="485" hits="1"/><line number="486" hits="1"/><line number="487" hits="1"/><line number="488" hits="3"/><line number="489" hits="3"/><line number="490" hits="3"/><line number="491" hits="2"/><line number="495" hits="4"/><line number="496" hits="1"/><line number="507" hits="3"/><line number="508" hits="1"/><line number="510" hits="1"/><line number="517" hits="2"/><line number="518" hits="1"/><line number="520" hits="1"/><line number="521" hits="1"/><line number="526" hits="4"/><line number="527" hits="1"/><line number="539" hits="3"/><line number="540" hits="1"/><line number="542" hits="2"/><line number="547" hits="1"/><line number="548" hits="2"/><line number="549" hits="2"/><line number="550" hits="2"/><line number="551" hits="2"/><line number="579" hits="66"/></lines></class></classes></package><package name="../src/plugins/source/csv" line-rate="0" branch-rate="0" complexity="0"><classes></classes></package><package name="../taos/src/stream" line-rate="0" branch-rate="0" complexity="0"><classes></classes></package><package name="../taos/benches" line-rate="0" branch-rate="0" complexity="0"><classes></classes></package><package name="../taos/src/helpers" line-rate="0.14857142857142858" branch-rate="0" complexity="0"><classes><class name="tests" filename="../taos/src/helpers/tests.rs" line-rate="0.14857142857142858" branch-rate="0" complexity="0"><methods/><lines><line number="21" hits="0"/><line number="23" hits="0"/><line number="31" hits="0"/><line number="32" hits="0"/><line number="34" hits="0"/><line number="35" hits="0"/><line number="46" hits="0"/><line number="47" hits="0"/><line number="49" hits="0"/><line number="50" hits="0"/><line number="53" hits="0"/><line number="55" hits="0"/><line number="56" hits="0"/><line number="57" hits="0"/><line number="59" hits="0"/><line number="65" hits="0"/><line number="66" hits="0"/><line number="67" hits="0"/><line number="69" hits="0"/><line number="73" hits="0"/><line number="76" hits="0"/><line number="77" hits="0"/><line number="79" hits="0"/><line number="82" hits="0"/><line number="90" hits="0"/><line number="91" hits="0"/><line number="96" hits="0"/><line number="97" hits="0"/><line number="102" hits="0"/><line number="103" hits="0"/><line number="108" hits="0"/><line number="110" hits="0"/><line number="111" hits="0"/><line number="112" hits="0"/><line number="117" hits="0"/><line number="118" hits="0"/><line number="119" hits="0"/><line number="120" hits="0"/><line number="121" hits="0"/><line number="136" hits="0"/><line number="138" hits="0"/><line number="140" hits="0"/><line number="142" hits="0"/><line number="147" hits="0"/><line number="148" hits="0"/><line number="149" hits="0"/><line number="150" hits="0"/><line number="151" hits="0"/><line number="152" hits="0"/><line number="159" hits="0"/><line number="160" hits="0"/><line number="165" hits="0"/><line number="166" hits="0"/><line number="171" hits="0"/><line number="172" hits="0"/><line number="184" hits="0"/><line number="186" hits="0"/><line number="187" hits="0"/><line number="194" hits="0"/><line number="195" hits="0"/><line number="197" hits="0"/><line number="198" hits="0"/><line number="202" hits="0"/><line number="203" hits="0"/><line number="204" hits="0"/><line number="205" hits="0"/><line number="208" hits="0"/><line number="209" hits="0"/><line number="218" hits="0"/><line number="219" hits="0"/><line number="224" hits="0"/><line number="225" hits="0"/><line number="230" hits="0"/><line number="231" hits="0"/><line number="236" hits="0"/><line number="237" hits="0"/><line number="244" hits="0"/><line number="246" hits="0"/><line number="247" hits="0"/><line number="249" hits="0"/><line number="250" hits="0"/><line number="251" hits="0"/><line number="276" hits="1"/><line number="278" hits="1"/><line number="279" hits="1"/><line number="280" hits="0"/><line number="281" hits="0"/><line number="282" hits="0"/><line number="283" hits="0"/><line number="284" hits="0"/><line number="285" hits="0"/><line number="290" hits="1"/><line number="291" hits="1"/><line number="296" hits="1"/><line number="299" hits="1"/><line number="300" hits="2"/><line number="301" hits="2"/><line number="302" hits="2"/><line number="303" hits="2"/><line number="304" hits="3"/><line number="305" hits="0"/><line number="311" hits="1"/><line number="312" hits="1"/><line number="322" hits="2"/><line number="323" hits="2"/><line number="324" hits="2"/><line number="327" hits="1"/><line number="328" hits="1"/><line number="330" hits="2"/><line number="331" hits="1"/><line number="332" hits="3"/><line number="333" hits="0"/><line number="335" hits="1"/><line number="336" hits="0"/><line number="339" hits="2"/><line number="341" hits="0"/><line number="342" hits="0"/><line number="346" hits="0"/><line number="347" hits="0"/><line number="348" hits="0"/><line number="349" hits="0"/><line number="350" hits="0"/><line number="351" hits="0"/><line number="354" hits="0"/><line number="355" hits="0"/><line number="356" hits="0"/><line number="358" hits="0"/><line number="360" hits="0"/><line number="361" hits="0"/><line number="363" hits="0"/><line number="366" hits="0"/><line number="369" hits="0"/><line number="375" hits="4"/><line number="376" hits="3"/><line number="414" hits="0"/><line number="415" hits="0"/><line number="416" hits="0"/><line number="419" hits="0"/><line number="420" hits="0"/><line number="421" hits="0"/><line number="423" hits="0"/><line number="424" hits="0"/><line number="426" hits="0"/><line number="429" hits="0"/><line number="430" hits="0"/><line number="432" hits="0"/><line number="433" hits="0"/><line number="434" hits="0"/><line number="435" hits="0"/><line number="437" hits="0"/><line number="441" hits="0"/><line number="442" hits="0"/><line number="443" hits="0"/><line number="446" hits="0"/><line number="447" hits="0"/><line number="448" hits="0"/><line number="449" hits="0"/><line number="463" hits="0"/><line number="469" hits="0"/><line number="470" hits="0"/><line number="475" hits="0"/><line number="479" hits="0"/><line number="480" hits="0"/><line number="483" hits="0"/><line number="484" hits="0"/><line number="487" hits="0"/><line number="488" hits="0"/><line number="491" hits="0"/><line number="492" hits="0"/><line number="493" hits="0"/><line number="494" hits="0"/><line number="495" hits="0"/><line number="496" hits="0"/><line number="497" hits="0"/><line number="500" hits="0"/></lines></class></classes></package></packages></coverage>