TN:
SF:/home/huolinhe/Projects/taosdata/taosx/TDengine/2.0/src/connector/odbc/examples/rust/main/src/main.rs
FNF:0
DA:27,0
DA:28,0
DA:30,0
DA:31,0
DA:32,0
DA:33,0
DA:34,0
DA:35,0
DA:36,0
DA:37,0
DA:38,0
DA:41,0
DA:44,0
DA:47,0
LF:14
LH:0
end_of_record
TN:
SF:/home/huolinhe/Projects/taosdata/taosx/TDengine/examples/rust/src/utils.rs
FNF:0
DA:87,0
DA:88,0
LF:2
LH:0
end_of_record
TN:
SF:/home/huolinhe/Projects/taosdata/taosx/TDengine/tools/taos-tools/deps/avro/lang/rust/src/de.rs
FNF:0
DA:59,0
DA:65,0
DA:67,0
DA:73,0
DA:76,0
DA:84,0
DA:86,0
DA:93,0
DA:99,0
DA:112,0
DA:113,0
DA:114,0
DA:116,0
DA:124,0
DA:125,0
DA:132,0
DA:139,0
DA:150,0
DA:162,0
DA:163,0
DA:164,0
DA:165,0
DA:166,0
DA:167,0
DA:169,0
DA:171,0
DA:172,0
DA:173,0
DA:175,0
DA:176,0
DA:186,0
DA:187,0
DA:194,0
DA:195,0
DA:196,0
DA:198,0
DA:206,0
DA:207,0
DA:208,0
DA:210,0
DA:222,0
DA:223,0
DA:224,0
DA:225,0
DA:226,0
DA:227,0
DA:228,0
DA:229,0
DA:243,0
DA:244,0
DA:245,0
DA:246,0
DA:247,0
DA:248,0
DA:249,0
DA:250,0
DA:251,0
DA:252,0
DA:253,0
DA:254,0
DA:255,0
DA:256,0
DA:257,0
DA:258,0
DA:259,0
DA:260,0
DA:262,0
DA:263,0
DA:264,0
DA:265,0
DA:266,0
DA:279,0
DA:286,0
DA:287,0
DA:288,0
DA:289,0
DA:290,0
DA:291,0
DA:292,0
DA:300,0
DA:301,0
DA:302,0
DA:303,0
DA:304,0
DA:305,0
DA:307,0
DA:308,0
DA:309,0
DA:311,0
DA:319,0
DA:320,0
DA:321,0
DA:322,0
DA:323,0
DA:331,0
DA:332,0
DA:333,0
DA:334,0
DA:336,0
DA:344,0
DA:345,0
DA:346,0
DA:347,0
DA:355,0
DA:356,0
DA:357,0
DA:369,0
DA:380,0
DA:387,0
DA:388,0
DA:389,0
DA:390,0
DA:391,0
DA:393,0
DA:401,0
DA:413,0
DA:420,0
DA:421,0
DA:422,0
DA:435,0
DA:436,0
DA:437,0
DA:438,0
DA:439,0
DA:441,0
DA:454,0
DA:456,0
DA:458,0
DA:459,0
DA:467,0
DA:474,0
DA:485,0
DA:486,0
DA:487,0
DA:499,0
DA:500,0
DA:501,0
DA:502,0
DA:504,0
DA:505,0
DA:513,0
DA:514,0
DA:515,0
DA:527,0
DA:528,0
DA:529,0
DA:530,0
DA:531,0
DA:532,0
DA:534,0
DA:536,0
DA:544,0
DA:545,0
DA:546,0
DA:563,0
DA:577,0
DA:578,0
DA:579,0
LF:158
LH:0
end_of_record
TN:
SF:/home/huolinhe/Projects/taosdata/taosx/TDengine/tools/taos-tools/deps/avro/lang/rust/src/decimal.rs
FNF:0
DA:67,0
DA:68,0
DA:70,0
DA:71,0
LF:4
LH:0
end_of_record
TN:
SF:/home/huolinhe/Projects/taosdata/taosx/TDengine/tools/taos-tools/deps/avro/lang/rust/src/decode.rs
FNF:0
DA:30,0
DA:31,0
DA:35,0
DA:36,0
DA:40,0
DA:41,0
DA:42,0
DA:49,0
DA:50,0
DA:52,0
DA:53,0
DA:54,0
DA:55,0
DA:56,0
DA:58,0
DA:60,0
DA:65,0
DA:66,0
DA:67,0
DA:68,0
DA:69,0
DA:70,0
DA:71,0
DA:72,0
DA:74,0
DA:75,0
DA:76,0
DA:77,0
DA:80,0
DA:81,0
DA:82,0
DA:83,0
DA:85,0
DA:86,0
DA:87,0
DA:89,0
DA:91,0
DA:92,0
DA:93,0
DA:94,0
DA:96,0
DA:98,0
DA:99,0
DA:100,0
DA:101,0
DA:102,0
DA:103,0
DA:104,0
DA:105,0
DA:106,0
DA:107,0
DA:108,0
DA:110,0
DA:111,0
DA:112,0
DA:113,0
DA:115,0
DA:116,0
DA:117,0
DA:118,0
DA:120,0
DA:121,0
DA:122,0
DA:123,0
DA:124,0
DA:126,0
DA:127,0
DA:128,0
DA:129,0
DA:131,0
DA:132,0
DA:135,0
DA:136,0
DA:137,0
DA:138,0
DA:139,0
DA:140,0
DA:142,0
DA:143,0
DA:145,0
DA:146,0
DA:147,0
DA:148,0
DA:151,0
DA:152,0
DA:153,0
DA:157,0
DA:159,0
DA:160,0
DA:162,0
DA:163,0
DA:164,0
DA:165,0
DA:168,0
DA:169,0
DA:170,0
DA:171,0
DA:172,0
DA:173,0
DA:175,0
DA:180,0
DA:182,0
DA:183,0
DA:184,0
DA:185,0
DA:186,0
DA:187,0
DA:188,0
DA:189,0
DA:191,0
DA:192,0
DA:194,0
DA:196,0
DA:197,0
DA:199,0
DA:201,0
DA:203,0
DA:204,0
DA:205,0
DA:206,0
DA:207,0
DA:208,0
DA:209,0
DA:211,0
DA:212,0
DA:213,0
DA:217,0
LF:127
LH:0
end_of_record
TN:
SF:/home/huolinhe/Projects/taosdata/taosx/TDengine/tools/taos-tools/deps/avro/lang/rust/src/encode.rs
FNF:0
DA:34,0
DA:35,0
DA:36,0
DA:37,0
LF:4
LH:0
end_of_record
TN:
SF:/home/huolinhe/Projects/taosdata/taosx/TDengine/tools/taos-tools/deps/avro/lang/rust/src/error.rs
FNF:0
DA:369,0
DA:370,0
DA:375,0
DA:376,0
LF:4
LH:0
end_of_record
TN:
SF:/home/huolinhe/Projects/taosdata/taosx/TDengine/tools/taos-tools/deps/avro/lang/rust/src/reader.rs
FNF:0
DA:41,0
DA:46,0
DA:49,0
DA:52,0
DA:53,0
DA:58,0
DA:59,0
DA:61,0
DA:62,0
DA:63,0
DA:64,0
DA:66,0
DA:67,0
DA:70,0
DA:72,0
DA:74,0
DA:75,0
DA:76,0
DA:78,0
DA:81,0
DA:82,0
DA:84,0
DA:86,0
DA:87,0
DA:88,0
DA:90,0
DA:93,0
DA:95,0
DA:98,0
DA:101,0
DA:102,0
DA:103,0
DA:106,0
DA:118,0
DA:119,0
DA:120,0
DA:121,0
DA:122,0
DA:123,0
DA:128,0
DA:129,0
DA:130,0
DA:131,0
DA:132,0
DA:133,0
DA:134,0
DA:135,0
DA:136,0
DA:137,0
DA:138,0
DA:140,0
DA:141,0
DA:150,0
DA:152,0
DA:153,0
DA:155,0
DA:157,0
DA:160,0
DA:164,0
DA:165,0
DA:168,0
DA:169,0
DA:172,0
DA:173,0
DA:174,0
DA:175,0
DA:176,0
DA:180,0
DA:181,0
DA:182,0
DA:183,0
DA:184,0
DA:185,0
DA:216,0
DA:217,0
DA:224,0
DA:231,0
DA:232,0
DA:235,0
DA:240,0
DA:241,0
DA:245,0
DA:246,0
DA:250,0
DA:251,0
DA:255,0
DA:256,0
DA:257,0
DA:259,0
DA:262,0
DA:269,0
DA:271,0
DA:272,0
DA:274,0
DA:275,0
DA:276,0
DA:277,0
DA:278,0
DA:297,0
DA:298,0
DA:299,0
DA:300,0
LF:102
LH:0
end_of_record
TN:
SF:/home/huolinhe/Projects/taosdata/taosx/TDengine/tools/taos-tools/deps/avro/lang/rust/src/schema.rs
FNF:0
DA:169,0
DA:171,0
DA:172,0
DA:173,0
DA:174,0
DA:175,0
DA:176,0
DA:177,0
DA:178,0
DA:179,0
DA:180,0
DA:181,0
DA:182,0
DA:183,0
DA:184,0
DA:185,0
DA:186,0
DA:187,0
DA:188,0
DA:189,0
DA:190,0
DA:191,0
DA:192,0
DA:193,0
DA:440,0
DA:441,0
DA:442,0
DA:444,0
DA:817,0
DA:818,0
DA:819,0
DA:820,0
DA:821,0
DA:822,0
DA:823,0
DA:824,0
DA:825,0
DA:826,0
DA:827,0
DA:828,0
DA:829,0
DA:830,0
DA:832,0
DA:833,0
DA:834,0
DA:835,0
DA:836,0
DA:838,0
DA:839,0
DA:840,0
DA:841,0
DA:842,0
DA:844,0
DA:846,0
DA:847,0
DA:848,0
DA:849,0
DA:850,0
DA:851,0
DA:852,0
DA:853,0
DA:854,0
DA:855,0
DA:857,0
DA:858,0
DA:859,0
DA:861,0
DA:862,0
DA:864,0
DA:865,0
DA:867,0
DA:868,0
DA:869,0
DA:870,0
DA:871,0
DA:872,0
DA:873,0
DA:874,0
DA:875,0
DA:876,0
DA:878,0
DA:879,0
DA:880,0
DA:881,0
DA:882,0
DA:883,0
DA:885,0
DA:886,0
DA:887,0
DA:888,0
DA:889,0
DA:890,0
DA:891,0
DA:892,0
DA:893,0
DA:894,0
DA:895,0
DA:897,0
DA:898,0
DA:899,0
DA:900,0
DA:901,0
DA:903,0
DA:904,0
DA:905,0
DA:906,0
DA:907,0
DA:909,0
DA:910,0
DA:911,0
DA:912,0
DA:913,0
DA:915,0
DA:916,0
DA:917,0
DA:918,0
DA:919,0
DA:921,0
DA:922,0
DA:923,0
DA:924,0
DA:925,0
DA:927,0
DA:928,0
DA:929,0
DA:930,0
DA:931,0
DA:933,0
DA:934,0
DA:939,0
DA:942,0
DA:943,0
DA:944,0
DA:955,0
DA:956,0
DA:957,0
DA:959,0
DA:960,0
DA:963,0
LF:139
LH:0
end_of_record
TN:
SF:/home/huolinhe/Projects/taosdata/taosx/TDengine/tools/taos-tools/deps/avro/lang/rust/src/ser.rs
FNF:0
DA:63,0
DA:64,0
DA:65,0
DA:66,0
DA:96,0
DA:100,0
DA:116,0
DA:117,0
DA:120,0
DA:121,0
DA:124,0
DA:125,0
DA:128,0
DA:129,0
DA:132,0
DA:133,0
DA:136,0
DA:137,0
DA:140,0
DA:141,0
DA:144,0
DA:145,0
DA:146,0
DA:148,0
DA:152,0
DA:153,0
DA:154,0
DA:156,0
DA:160,0
DA:161,0
DA:164,0
DA:165,0
DA:168,0
DA:169,0
DA:172,0
DA:173,0
DA:176,0
DA:177,0
DA:180,0
DA:181,0
DA:188,0
DA:189,0
DA:192,0
DA:193,0
DA:196,0
DA:197,0
DA:206,0
DA:217,0
DA:230,0
DA:232,0
DA:233,0
DA:236,0
DA:237,0
DA:242,0
DA:243,0
DA:246,0
DA:247,0
DA:255,0
DA:265,0
DA:268,0
DA:269,0
DA:277,0
DA:287,0
DA:299,0
DA:300,0
DA:301,0
DA:304,0
DA:305,0
DA:317,0
DA:320,0
DA:321,0
DA:333,0
DA:349,0
DA:350,0
DA:352,0
DA:355,0
DA:356,0
DA:358,0
DA:359,0
DA:361,0
DA:374,0
DA:377,0
DA:378,0
DA:390,0
DA:392,0
DA:393,0
DA:394,0
DA:396,0
DA:404,0
DA:405,0
DA:406,0
DA:433,0
DA:434,0
DA:435,0
DA:437,0
DA:457,0
DA:458,0
DA:459,0
DA:461,0
DA:464,0
DA:465,0
DA:467,0
DA:468,0
DA:471,0
DA:472,0
DA:482,0
DA:483,0
DA:484,0
LF:108
LH:0
end_of_record
TN:
SF:/home/huolinhe/Projects/taosdata/taosx/TDengine/tools/taos-tools/deps/avro/lang/rust/src/types.rs
FNF:0
DA:115,0
DA:116,0
DA:171,0
DA:172,0
DA:182,0
DA:184,0
DA:185,0
DA:186,0
DA:187,0
DA:206,0
DA:207,0
DA:208,0
DA:209,0
DA:210,0
DA:211,0
DA:212,0
DA:213,0
DA:214,0
DA:215,0
DA:218,0
DA:219,0
DA:220,0
DA:223,0
DA:236,0
DA:237,0
DA:243,0
DA:244,0
LF:27
LH:0
end_of_record
TN:
SF:/home/huolinhe/Projects/taosdata/taosx/TDengine/tools/taos-tools/deps/avro/lang/rust/src/util.rs
FNF:0
DA:32,0
DA:33,0
DA:36,0
DA:37,0
DA:49,0
DA:50,0
DA:61,0
DA:62,0
DA:63,0
DA:66,0
DA:67,0
DA:68,0
DA:69,0
DA:71,0
DA:87,0
DA:88,0
DA:89,0
DA:91,0
DA:92,0
DA:93,0
DA:95,0
DA:97,0
DA:98,0
DA:99,0
DA:100,0
DA:101,0
DA:102,0
DA:104,0
DA:108,0
LF:29
LH:0
end_of_record
TN:
SF:/home/huolinhe/Projects/taosdata/taosx/TDengine/tools/taos-tools/deps/avro/lang/rust/src/writer.rs
FNF:0
DA:58,0
DA:59,0
DA:64,0
DA:65,0
DA:66,0
DA:67,0
DA:68,0
DA:73,0
DA:74,0
DA:85,0
DA:86,0
DA:87,0
DA:88,0
DA:89,0
DA:90,0
DA:92,0
DA:95,0
DA:96,0
DA:98,0
DA:100,0
DA:101,0
DA:104,0
DA:114,0
DA:115,0
DA:116,0
DA:117,0
DA:118,0
DA:119,0
DA:121,0
DA:124,0
DA:126,0
DA:128,0
DA:129,0
DA:132,0
DA:144,0
DA:145,0
DA:146,0
DA:174,0
DA:175,0
DA:176,0
DA:178,0
DA:180,0
DA:209,0
DA:210,0
DA:211,0
DA:213,0
DA:215,0
DA:225,0
DA:226,0
DA:227,0
DA:228,0
DA:230,0
DA:232,0
DA:239,0
DA:240,0
DA:241,0
DA:244,0
DA:246,0
DA:247,0
DA:249,0
DA:250,0
DA:251,0
DA:252,0
DA:253,0
DA:254,0
DA:255,0
DA:257,0
DA:258,0
DA:260,0
DA:267,0
DA:268,0
DA:269,0
DA:273,0
DA:276,0
DA:280,0
DA:281,0
DA:285,0
DA:286,0
DA:290,0
DA:291,0
DA:292,0
DA:295,0
DA:296,0
DA:297,0
DA:299,0
DA:300,0
DA:302,0
DA:303,0
DA:304,0
DA:306,0
DA:308,0
DA:322,0
DA:323,0
DA:324,0
DA:326,0
DA:327,0
DA:344,0
DA:345,0
DA:346,0
DA:347,0
DA:432,0
DA:433,0
DA:435,0
DA:436,0
DA:437,0
DA:440,0
DA:441,0
DA:442,0
DA:443,0
LF:109
LH:0
end_of_record
TN:
SF:/home/huolinhe/Projects/taosdata/taosx/TDengine/tools/taos-tools/deps/avro/lang/rust/tests/schema.rs
FNF:0
DA:812,0
DA:813,0
DA:814,0
DA:815,0
DA:816,0
DA:817,0
DA:818,0
DA:819,0
DA:821,0
DA:823,0
LF:10
LH:0
end_of_record
TN:
SF:/home/huolinhe/Projects/taosdata/taosx/mdsn/src/lib.rs
FN:138,is_empty
FN:146,from_str
FN:169,fmt
FN:211,into_dsn
FN:217,into_dsn
FN:223,into_dsn
FN:229,into_dsn
FN:234,into_dsn
FN:240,fmt
FN:271,{closure#0}
FN:282,parse<&str>
FN:290,try_from
FN:298,try_from
FN:306,try_from
FN:314,try_from
FN:321,from_str
FNF:16
FNDA:0,is_empty
FNDA:0,from_str
FNDA:0,fmt
FNDA:0,into_dsn
FNDA:0,into_dsn
FNDA:0,into_dsn
FNDA:0,into_dsn
FNDA:0,into_dsn
FNDA:0,fmt
FNDA:0,{closure#0}
FNDA:1,parse<&str>
FNDA:0,try_from
FNDA:0,try_from
FNDA:0,try_from
FNDA:0,try_from
FNDA:1,from_str
DA:112,0
DA:114,0
DA:115,0
DA:121,0
DA:123,0
DA:130,0
DA:132,0
DA:138,0
DA:139,0
DA:146,0
DA:147,0
DA:148,0
DA:149,0
DA:150,0
DA:151,0
DA:152,0
DA:154,0
DA:155,0
DA:164,0
DA:169,0
DA:170,0
DA:171,0
DA:172,0
DA:173,0
DA:174,0
DA:175,0
DA:211,0
DA:212,0
DA:217,0
DA:218,0
DA:223,0
DA:224,0
DA:229,0
DA:230,0
DA:234,0
DA:235,0
DA:240,0
DA:241,0
DA:242,0
DA:243,0
DA:245,0
DA:246,0
DA:247,0
DA:248,0
DA:249,0
DA:252,0
DA:253,0
DA:256,0
DA:259,0
DA:260,0
DA:262,0
DA:263,0
DA:265,0
DA:266,0
DA:269,0
DA:271,0
DA:275,0
DA:282,1
DA:283,2
DA:290,0
DA:291,0
DA:298,0
DA:299,0
DA:306,0
DA:307,0
DA:314,0
DA:315,0
DA:321,1
DA:322,1
DA:324,1
DA:325,3
DA:326,2
DA:328,2
DA:329,2
DA:330,2
DA:331,0
DA:338,2
DA:339,2
DA:340,2
DA:341,1
DA:347,3
DA:348,2
DA:350,2
DA:351,2
DA:353,1
DA:354,3
DA:355,2
DA:357,2
DA:360,2
DA:363,0
DA:364,0
DA:372,1
DA:378,2
DA:383,1
DA:384,1
DA:386,0
DA:387,0
DA:390,2
DA:391,2
DA:392,2
DA:393,2
DA:394,1
DA:398,1
DA:404,1
LF:104
LH:34
end_of_record
TN:
SF:/home/huolinhe/Projects/taosdata/taosx/src/bin/taosx/commands/backup/backup.rs
FNF:0
DA:53,0
DA:54,0
DA:55,0
DA:56,0
DA:57,0
DA:59,0
DA:61,0
DA:62,0
DA:64,0
DA:65,0
DA:67,0
DA:70,0
DA:71,0
DA:72,0
DA:74,0
DA:76,0
DA:77,0
DA:80,0
DA:81,0
DA:86,0
DA:87,0
DA:88,0
DA:89,0
DA:90,0
DA:91,0
DA:94,0
DA:95,0
LF:27
LH:0
end_of_record
TN:
SF:/home/huolinhe/Projects/taosdata/taosx/src/bin/taosx/commands/backup/serialize.rs
FNF:0
DA:27,0
DA:29,0
DA:30,0
DA:31,0
DA:33,0
DA:42,0
DA:43,0
DA:44,0
DA:45,0
DA:46,0
DA:47,0
DA:49,0
DA:50,0
DA:53,0
DA:54,0
DA:55,0
DA:58,0
DA:59,0
DA:61,0
DA:62,0
DA:63,0
DA:64,0
DA:66,0
DA:69,0
DA:70,0
DA:72,0
DA:73,0
DA:74,0
DA:75,0
DA:77,0
DA:82,0
DA:83,0
LF:32
LH:0
end_of_record
TN:
SF:/home/huolinhe/Projects/taosdata/taosx/src/bin/taosx/commands/restore/deserialize.rs
FNF:0
DA:22,0
DA:23,0
DA:24,0
DA:31,0
DA:32,0
DA:33,0
DA:34,0
DA:35,0
DA:36,0
DA:37,0
DA:38,0
DA:39,0
DA:40,0
DA:41,0
LF:14
LH:0
end_of_record
TN:
SF:/home/huolinhe/Projects/taosdata/taosx/src/bin/taosx/commands/restore/restore.rs
FNF:0
DA:32,0
DA:33,0
DA:34,0
DA:35,0
DA:36,0
DA:37,0
DA:38,0
DA:42,0
DA:43,0
DA:45,0
DA:46,0
DA:48,0
DA:51,0
DA:52,0
DA:53,0
DA:55,0
DA:57,0
DA:58,0
DA:61,0
DA:62,0
DA:66,0
DA:67,0
DA:69,0
DA:70,0
LF:24
LH:0
end_of_record
TN:
SF:/home/huolinhe/Projects/taosdata/taosx/src/bin/taosx/commands/restore/restore_parquet.rs
FNF:0
DA:14,0
DA:15,0
DA:34,0
DA:36,0
DA:37,0
DA:38,0
DA:39,0
DA:41,0
DA:43,0
LF:9
LH:0
end_of_record
TN:
SF:/home/huolinhe/Projects/taosdata/taosx/src/bin/taosx/main.rs
FNF:0
DA:30,0
DA:31,0
LF:2
LH:0
end_of_record
TN:
SF:/home/huolinhe/Projects/taosdata/taosx/src/lib.rs
FN:86,deunicode_with_tofu_cow
FN:88,{closure#0}
FN:89,into_owned
FN:98,fmt
FN:99,try_init_timed
FN:102,next
FN:118,fmt
FN:122,new
FN:136,new
FN:170,is_synchronous<std::io::util::Sink>
FN:171,nfd<unicode_normalization::stream_safe::StreamSafe<core::str::iter::Chars>>
FN:176,nfkd<core::str::iter::Chars>
FN:181,nfc<unicode_normalization::stream_safe::StreamSafe<core::str::iter::Chars>>
FN:186,nfkc<core::str::iter::Chars>
FN:191,clone
FN:196,stream_safe<core::str::iter::Chars>
FN:200,base_url
FN:207,encoding_override
FN:211,{closure#0}
FN:220,{closure#0}
FN:234,syntax_violation_callback
FN:262,new
FN:268,clone
FN:271,clone
FN:275,parse
FN:283,ensure
FN:284,fmt
FN:300,clone
FN:306,new
FN:310,reordered_levels
FN:318,reordered_levels_per_char
FN:330,reorder_line
FN:334,{closure#0}
FNF:33
FNDA:0,deunicode_with_tofu_cow
FNDA:0,{closure#0}
FNDA:0,into_owned
FNDA:0,fmt
FNDA:0,try_init_timed
FNDA:0,next
FNDA:0,fmt
FNDA:0,new
FNDA:0,new
FNDA:0,is_synchronous<std::io::util::Sink>
FNDA:0,nfd<unicode_normalization::stream_safe::StreamSafe<core::str::iter::Chars>>
FNDA:0,nfkd<core::str::iter::Chars>
FNDA:0,nfc<unicode_normalization::stream_safe::StreamSafe<core::str::iter::Chars>>
FNDA:0,nfkc<core::str::iter::Chars>
FNDA:0,clone
FNDA:0,stream_safe<core::str::iter::Chars>
FNDA:0,base_url
FNDA:0,encoding_override
FNDA:0,{closure#0}
FNDA:0,{closure#0}
FNDA:0,syntax_violation_callback
FNDA:0,new
FNDA:0,clone
FNDA:0,clone
FNDA:0,parse
FNDA:1,ensure
FNDA:1,fmt
FNDA:0,clone
FNDA:0,new
FNDA:0,reordered_levels
FNDA:0,reordered_levels_per_char
FNDA:1,reorder_line
FNDA:0,{closure#0}
DA:72,0
DA:73,0
DA:74,0
DA:79,0
DA:82,0
DA:85,0
DA:86,0
DA:87,0
DA:88,0
DA:89,0
DA:98,0
DA:99,0
DA:100,0
DA:101,0
DA:102,0
DA:103,0
DA:104,0
DA:106,0
DA:118,0
DA:119,0
DA:120,0
DA:121,0
DA:122,0
DA:127,0
DA:128,0
DA:131,0
DA:132,0
DA:133,0
DA:134,0
DA:135,0
DA:136,0
DA:165,0
DA:166,0
DA:167,0
DA:168,0
DA:169,0
DA:170,0
DA:171,0
DA:172,0
DA:173,0
DA:174,0
DA:175,0
DA:176,0
DA:177,0
DA:178,0
DA:179,0
DA:180,0
DA:181,0
DA:182,0
DA:183,0
DA:184,0
DA:185,0
DA:186,0
DA:187,0
DA:191,0
DA:192,0
DA:193,0
DA:195,2
DA:196,0
DA:199,0
DA:200,0
DA:203,0
DA:204,0
DA:207,0
DA:208,0
DA:211,0
DA:212,0
DA:215,0
DA:216,0
DA:219,0
DA:220,0
DA:222,0
DA:224,0
DA:225,0
DA:227,0
DA:229,0
DA:233,0
DA:234,0
DA:237,0
DA:238,0
DA:241,0
DA:242,0
DA:245,0
DA:246,0
DA:249,0
DA:250,0
DA:253,1
DA:254,0
DA:257,1
DA:258,0
DA:261,1
DA:262,0
DA:267,0
DA:268,0
DA:269,1
DA:271,0
DA:272,0
DA:275,0
DA:276,0
DA:279,0
DA:280,0
DA:283,1
DA:284,1
DA:287,1
DA:291,0
DA:292,0
DA:295,1
DA:296,0
DA:298,0
DA:300,0
DA:301,0
DA:303,0
DA:305,0
DA:306,0
DA:310,0
DA:313,1
DA:314,1
DA:317,0
DA:318,0
DA:321,0
DA:322,0
DA:325,0
DA:326,0
DA:330,1
DA:333,0
DA:334,0
DA:337,0
DA:338,0
LF:128
LH:12
end_of_record
TN:
SF:/home/huolinhe/Projects/taosdata/taosx/src/plugins/sink/taos/mod.rs
FNF:0
DA:50,0
DA:51,0
DA:52,0
DA:53,0
DA:54,0
DA:55,0
DA:57,0
DA:58,0
DA:59,0
DA:61,0
DA:62,0
DA:64,0
DA:66,0
DA:67,0
DA:71,0
DA:72,0
DA:73,0
DA:74,0
DA:75,0
DA:76,0
DA:77,0
LF:21
LH:0
end_of_record
TN:
SF:/home/huolinhe/Projects/taosdata/taosx/src/plugins/source/taos.rs
FNF:0
DA:43,0
DA:44,0
DA:45,0
DA:49,0
DA:50,0
DA:51,0
DA:55,0
DA:56,0
DA:59,0
DA:60,0
DA:63,0
DA:64,0
DA:67,0
DA:68,0
DA:71,0
DA:72,0
DA:75,0
DA:76,0
DA:116,0
DA:117,0
DA:118,0
DA:119,0
DA:120,0
DA:124,0
DA:127,0
DA:129,0
DA:132,0
DA:140,0
DA:141,0
DA:142,0
DA:143,0
DA:145,0
DA:147,0
DA:148,0
DA:149,0
DA:150,0
DA:151,0
DA:152,0
DA:154,0
DA:155,0
DA:157,0
DA:158,0
DA:162,0
DA:165,0
DA:168,0
DA:172,0
DA:174,0
DA:175,0
DA:176,0
DA:180,0
DA:181,0
DA:182,0
DA:183,0
DA:184,0
DA:187,0
DA:188,0
DA:190,0
DA:191,0
DA:193,0
DA:194,0
DA:197,0
DA:198,0
DA:199,0
DA:202,0
DA:203,0
DA:207,0
DA:208,0
DA:212,0
DA:213,0
DA:215,0
DA:217,0
DA:218,0
DA:219,0
DA:220,0
DA:221,0
DA:222,0
LF:76
LH:0
end_of_record
TN:
SF:/home/huolinhe/Projects/taosdata/taosx/src/stream/source.rs
FNF:0
DA:71,0
DA:72,0
DA:75,0
LF:3
LH:0
end_of_record
TN:
SF:/home/huolinhe/Projects/taosdata/taosx/src/stream/stream/mod.rs
FNF:0
DA:63,0
DA:64,0
DA:76,0
DA:77,0
DA:92,0
DA:95,0
DA:96,0
DA:97,0
DA:99,0
DA:100,0
DA:101,0
DA:103,0
DA:104,0
DA:105,0
DA:107,0
DA:111,0
DA:112,0
DA:113,0
DA:115,0
DA:118,0
DA:119,0
DA:120,0
DA:122,0
DA:125,0
DA:126,0
DA:127,0
DA:129,0
DA:140,0
DA:147,0
DA:154,0
DA:155,0
DA:158,0
DA:159,0
DA:162,0
DA:166,0
DA:198,0
DA:199,0
DA:202,0
DA:206,0
DA:207,0
DA:210,0
DA:211,0
DA:214,0
DA:215,0
DA:218,0
DA:219,0
DA:222,0
DA:223,0
DA:226,0
DA:227,0
DA:248,0
DA:249,0
DA:251,0
DA:252,0
DA:258,0
DA:259,0
DA:261,0
DA:262,0
LF:58
LH:0
end_of_record
TN:
SF:/home/huolinhe/Projects/taosdata/taosx/src/stream/transformer.rs
FNF:0
DA:263,0
LF:1
LH:0
end_of_record
TN:
SF:/home/huolinhe/Projects/taosdata/taosx/src/task/mod.rs
FNF:0
DA:43,0
LF:1
LH:0
end_of_record
TN:
SF:/home/huolinhe/Projects/taosdata/taosx/taos/src/async_query.rs
FNF:0
DA:37,0
DA:39,0
DA:40,0
DA:41,0
DA:42,0
DA:43,0
DA:58,0
DA:59,0
DA:66,0
DA:67,0
DA:68,0
DA:69,0
DA:70,0
DA:71,0
DA:74,0
DA:79,0
DA:80,0
DA:81,0
DA:83,0
DA:84,0
DA:85,0
DA:86,0
DA:87,0
DA:91,0
DA:92,0
DA:93,0
DA:94,0
LF:27
LH:0
end_of_record
TN:
SF:/home/huolinhe/Projects/taosdata/taosx/taos/src/block/mod.rs
FN:26,from_raw
FN:40,append_num_of_rows
FN:63,poll_next
FN:89,async_fetch_callback
FNF:4
FNDA:0,from_raw
FNDA:0,append_num_of_rows
FNDA:0,poll_next
FNDA:0,async_fetch_callback
DA:26,0
DA:27,0
DA:31,0
DA:40,0
DA:42,0
DA:43,0
DA:63,0
DA:68,0
DA:69,0
DA:70,0
DA:72,0
DA:74,0
DA:75,0
DA:76,0
DA:77,0
DA:80,0
DA:83,0
DA:85,0
DA:88,0
DA:89,0
DA:94,0
DA:95,0
DA:96,0
DA:98,0
DA:99,0
DA:100,0
DA:101,0
DA:102,0
DA:106,0
DA:107,0
DA:108,0
DA:109,0
DA:110,0
DA:112,0
DA:115,0
DA:116,0
DA:117,0
DA:120,0
DA:121,0
DA:123,0
DA:124,0
DA:126,0
DA:128,0
DA:129,0
DA:133,0
DA:135,0
DA:138,0
LF:47
LH:0
end_of_record
TN:
SF:/home/huolinhe/Projects/taosdata/taosx/taos/src/helpers/tests.rs
FN:21,name
FN:90,next
FN:96,default
FN:102,from
FN:108,from
FN:117,from
FN:136,drop_after
FN:140,drop_before
FN:147,from
FN:159,from
FN:165,from
FN:171,default
FN:184,precision
FN:194,{closure#0}
FN:218,next
FN:224,from
FN:230,default
FN:236,from
FN:244,from_str
FN:276,to_log_level_filter
FN:290,default
FN:296,from
FN:311,from
FN:322,log_level<()>
FN:327,init
FN:330,{closure#0}
FN:341,{closure#0}
FN:342,colored_level
FN:414,databases
FN:419,build
FN:463,deref
FN:469,drop
FN:475,taos
FN:479,databases_with_precision
FN:483,databases
FN:484,{closure#0}
FN:487,default_database
FN:491,clean
FNF:38
FNDA:0,name
FNDA:0,next
FNDA:0,default
FNDA:0,from
FNDA:0,from
FNDA:0,from
FNDA:0,drop_after
FNDA:0,drop_before
FNDA:0,from
FNDA:0,from
FNDA:0,from
FNDA:0,default
FNDA:0,precision
FNDA:0,{closure#0}
FNDA:0,next
FNDA:0,from
FNDA:0,default
FNDA:0,from
FNDA:0,from_str
FNDA:1,to_log_level_filter
FNDA:1,default
FNDA:1,from
FNDA:1,from
FNDA:2,log_level<()>
FNDA:1,init
FNDA:2,{closure#0}
FNDA:0,{closure#0}
FNDA:0,colored_level
FNDA:0,databases
FNDA:0,build
FNDA:0,deref
FNDA:0,drop
FNDA:0,taos
FNDA:0,databases_with_precision
FNDA:0,databases
FNDA:0,{closure#0}
FNDA:0,default_database
FNDA:0,clean
DA:21,0
DA:23,0
DA:31,0
DA:32,0
DA:34,0
DA:35,0
DA:46,0
DA:47,0
DA:49,0
DA:50,0
DA:53,0
DA:55,0
DA:56,0
DA:57,0
DA:59,0
DA:65,0
DA:66,0
DA:67,0
DA:69,0
DA:73,0
DA:76,0
DA:77,0
DA:79,0
DA:82,0
DA:90,0
DA:91,0
DA:96,0
DA:97,0
DA:102,0
DA:103,0
DA:108,0
DA:110,0
DA:111,0
DA:112,0
DA:117,0
DA:118,0
DA:119,0
DA:120,0
DA:121,0
DA:136,0
DA:138,0
DA:140,0
DA:142,0
DA:147,0
DA:148,0
DA:149,0
DA:150,0
DA:151,0
DA:152,0
DA:159,0
DA:160,0
DA:165,0
DA:166,0
DA:171,0
DA:172,0
DA:184,0
DA:186,0
DA:187,0
DA:194,0
DA:195,0
DA:197,0
DA:198,0
DA:202,0
DA:203,0
DA:204,0
DA:205,0
DA:208,0
DA:209,0
DA:218,0
DA:219,0
DA:224,0
DA:225,0
DA:230,0
DA:231,0
DA:236,0
DA:237,0
DA:244,0
DA:246,0
DA:247,0
DA:249,0
DA:250,0
DA:251,0
DA:276,1
DA:278,1
DA:279,1
DA:280,0
DA:281,0
DA:282,0
DA:283,0
DA:284,0
DA:285,0
DA:290,1
DA:291,1
DA:296,1
DA:299,1
DA:300,2
DA:301,2
DA:302,2
DA:303,2
DA:304,3
DA:305,0
DA:311,1
DA:312,1
DA:322,2
DA:323,2
DA:324,2
DA:327,1
DA:328,1
DA:330,2
DA:331,1
DA:332,3
DA:333,0
DA:335,1
DA:336,0
DA:339,2
DA:341,0
DA:342,0
DA:346,0
DA:347,0
DA:348,0
DA:349,0
DA:350,0
DA:351,0
DA:354,0
DA:355,0
DA:356,0
DA:358,0
DA:360,0
DA:361,0
DA:363,0
DA:366,0
DA:369,0
DA:375,4
DA:376,3
DA:414,0
DA:415,0
DA:416,0
DA:419,0
DA:420,0
DA:421,0
DA:423,0
DA:424,0
DA:426,0
DA:429,0
DA:430,0
DA:432,0
DA:433,0
DA:434,0
DA:435,0
DA:437,0
DA:441,0
DA:442,0
DA:443,0
DA:446,0
DA:447,0
DA:448,0
DA:449,0
DA:463,0
DA:469,0
DA:470,0
DA:475,0
DA:479,0
DA:480,0
DA:483,0
DA:484,0
DA:487,0
DA:488,0
DA:491,0
DA:492,0
DA:493,0
DA:494,0
DA:495,0
DA:496,0
DA:497,0
DA:500,0
LF:175
LH:26
end_of_record
TN:
SF:/home/huolinhe/Projects/taosdata/taosx/taos/src/impls/asyncs.rs
FN:18,affected_rows
FN:23,precision
FN:28,fields
FN:33,summary
FN:42,block_stream
FN:54,query<alloc::string::String>
FN:66,async_query_callback
FNF:7
FNDA:0,affected_rows
FNDA:0,precision
FNDA:0,fields
FNDA:0,summary
FNDA:0,block_stream
FNDA:0,query<alloc::string::String>
FNDA:0,async_query_callback
DA:18,0
DA:19,0
DA:23,0
DA:24,0
DA:28,0
DA:29,0
DA:33,0
DA:36,0
DA:37,0
DA:42,0
DA:43,0
DA:54,0
DA:59,0
DA:60,0
DA:61,0
DA:64,0
DA:66,0
DA:71,0
DA:72,0
DA:73,0
DA:74,0
DA:76,0
DA:80,0
DA:81,0
DA:83,0
DA:84,0
DA:85,0
DA:86,0
DA:88,0
LF:29
LH:0
end_of_record
TN:
SF:/home/huolinhe/Projects/taosdata/taosx/taos/src/impls/mod.rs
FN:37,custom<alloc::string::String>
FN:46,custom<core::fmt::Arguments>
FN:64,from_ptr
FN:72,from_ptr_with_code<i32>
FN:84,as_ptr
FN:88,from_raw_res
FN:96,new
FN:104,independent
FN:109,append_num_of_rows
FN:130,tmq_table_name
FN:133,tmq_db_name
FN:141,num_of_rows
FN:145,fields
FN:153,precision
FN:157,is_null
FN:161,cell_unchecked
FN:234,get_col_unchecked
FN:309,fields
FN:313,precision
FN:317,summary
FN:325,affected_rows
FN:333,next
FN:359,from_raw_with_ptr
FN:381,from_async_query
FN:395,query<&str>
FN:405,hygienize
FN:434,ping
FNF:27
FNDA:0,custom<alloc::string::String>
FNDA:0,custom<core::fmt::Arguments>
FNDA:0,from_ptr
FNDA:0,from_ptr_with_code<i32>
FNDA:0,as_ptr
FNDA:0,from_raw_res
FNDA:0,new
FNDA:0,independent
FNDA:0,append_num_of_rows
FNDA:0,tmq_table_name
FNDA:0,tmq_db_name
FNDA:0,num_of_rows
FNDA:0,fields
FNDA:0,precision
FNDA:0,is_null
FNDA:0,cell_unchecked
FNDA:0,get_col_unchecked
FNDA:0,fields
FNDA:0,precision
FNDA:0,summary
FNDA:0,affected_rows
FNDA:0,next
FNDA:0,from_raw_with_ptr
FNDA:0,from_async_query
FNDA:0,query<&str>
FNDA:0,hygienize
FNDA:0,ping
DA:37,0
DA:41,0
DA:46,0
DA:50,0
DA:64,0
DA:65,0
DA:66,0
DA:67,0
DA:69,0
DA:72,0
DA:76,0
DA:77,0
DA:78,0
DA:80,0
DA:84,0
DA:85,0
DA:88,0
DA:90,0
DA:92,0
DA:96,0
DA:100,0
DA:104,0
DA:105,0
DA:106,0
DA:109,0
DA:111,0
DA:112,0
DA:130,0
DA:131,0
DA:133,0
DA:134,0
DA:141,0
DA:142,0
DA:145,0
DA:146,0
DA:147,0
DA:149,0
DA:153,0
DA:154,0
DA:157,0
DA:158,0
DA:161,0
DA:162,0
DA:165,0
DA:166,0
DA:167,0
DA:168,0
DA:171,0
DA:172,0
DA:173,0
DA:174,0
DA:175,0
DA:181,0
DA:182,0
DA:183,0
DA:184,0
DA:185,0
DA:186,0
DA:188,0
DA:189,0
DA:190,0
DA:192,0
DA:195,0
DA:196,0
DA:197,0
DA:198,0
DA:200,0
DA:204,0
DA:205,0
DA:206,0
DA:207,0
DA:208,0
DA:209,0
DA:210,0
DA:211,0
DA:212,0
DA:213,0
DA:214,0
DA:215,0
DA:216,0
DA:217,0
DA:218,0
DA:219,0
DA:220,0
DA:222,0
DA:223,0
DA:226,0
DA:228,0
DA:229,0
DA:231,0
DA:234,0
DA:235,0
DA:236,0
DA:237,0
DA:238,0
DA:239,0
DA:241,0
DA:242,0
DA:243,0
DA:244,0
DA:245,0
DA:250,0
DA:251,0
DA:252,0
DA:253,0
DA:254,0
DA:255,0
DA:256,0
DA:257,0
DA:258,0
DA:259,0
DA:260,0
DA:261,0
DA:262,0
DA:263,0
DA:264,0
DA:265,0
DA:267,0
DA:268,0
DA:269,0
DA:270,0
DA:271,0
DA:272,0
DA:273,0
DA:274,0
DA:275,0
DA:277,0
DA:282,0
DA:284,0
DA:285,0
DA:286,0
DA:287,0
DA:288,0
DA:289,0
DA:290,0
DA:291,0
DA:292,0
DA:294,0
DA:295,0
DA:301,0
DA:309,0
DA:310,0
DA:313,0
DA:314,0
DA:317,0
DA:320,0
DA:321,0
DA:325,0
DA:326,0
DA:333,0
DA:334,0
DA:335,0
DA:336,0
DA:337,0
DA:338,0
DA:340,0
DA:343,0
DA:344,0
DA:345,0
DA:346,0
DA:349,0
DA:352,0
DA:359,0
DA:364,0
DA:365,0
DA:366,0
DA:367,0
DA:368,0
DA:369,0
DA:370,0
DA:371,0
DA:372,0
DA:373,0
DA:376,0
DA:381,0
DA:386,0
DA:395,0
DA:396,0
DA:397,0
DA:398,0
DA:405,0
DA:406,0
DA:407,0
DA:409,0
DA:412,0
DA:413,0
DA:414,0
DA:415,0
DA:417,0
DA:418,0
DA:419,0
DA:420,0
DA:423,0
DA:424,0
DA:425,0
DA:426,0
DA:427,0
DA:428,0
DA:429,0
DA:434,0
DA:435,0
LF:201
LH:0
end_of_record
TN:
SF:/home/huolinhe/Projects/taosdata/taosx/taos/src/lib.rs
FN:51,new<&core::option::Option<alloc::string::String>, &core::option::Option<alloc::string::String>, &core::option::Option<alloc::string::String>, &core::option::Option<alloc::string::String>>
FN:186,as_raw
FN:193,client_info
FN:196,{closure#0}
FNF:4
FNDA:0,new<&core::option::Option<alloc::string::String>, &core::option::Option<alloc::string::String>, &core::option::Option<alloc::string::String>, &core::option::Option<alloc::string::String>>
FNDA:0,as_raw
FNDA:0,client_info
FNDA:0,{closure#0}
DA:51,0
DA:58,0
DA:59,0
DA:60,0
DA:61,0
DA:62,0
DA:63,0
DA:186,0
DA:187,0
DA:193,0
DA:196,0
DA:197,0
DA:201,0
LF:13
LH:0
end_of_record
TN:
SF:/home/huolinhe/Projects/taosdata/taosx/taos/src/options.rs
FN:60,new
FN:63,parse
FN:108,set_config_json
FN:124,build
FNF:4
FNDA:0,new
FNDA:0,parse
FNDA:0,set_config_json
FNDA:0,build
DA:60,0
DA:61,0
DA:63,0
DA:64,0
DA:65,0
DA:67,0
DA:68,0
DA:69,0
DA:108,0
DA:109,0
DA:111,0
DA:112,0
DA:113,0
DA:114,0
DA:124,0
DA:126,0
DA:128,0
DA:129,0
DA:130,0
DA:135,0
DA:136,0
DA:137,0
DA:138,0
DA:139,0
LF:24
LH:0
end_of_record
TN:
SF:/home/huolinhe/Projects/taosdata/taosx/taos/src/r2d2.rs
FN:10,connect
FN:14,is_valid
FN:18,has_broken
FNF:3
FNDA:0,connect
FNDA:0,is_valid
FNDA:0,has_broken
DA:10,0
DA:11,0
DA:14,0
DA:15,0
DA:18,0
LF:5
LH:0
end_of_record
TN:
SF:/home/huolinhe/Projects/taosdata/taosx/taos/src/schemaless.rs
FNF:0
DA:49,0
DA:50,0
DA:52,0
DA:54,0
DA:57,0
DA:58,0
DA:59,0
DA:60,0
DA:61,0
DA:64,0
LF:10
LH:0
end_of_record
TN:
SF:/home/huolinhe/Projects/taosdata/taosx/taos/src/stmt/bind.rs
FNF:0
DA:127,0
DA:128,0
DA:129,0
DA:130,0
DA:136,0
DA:137,0
DA:138,0
DA:139,0
DA:255,0
DA:256,0
DA:257,0
DA:258,0
DA:260,0
DA:261,0
DA:262,0
DA:263,0
DA:264,0
LF:17
LH:0
end_of_record
TN:
SF:/home/huolinhe/Projects/taosdata/taosx/taos/src/stmt/mod.rs
FNF:0
DA:13,0
DA:14,0
DA:17,0
DA:18,0
DA:21,0
DA:22,0
DA:23,0
DA:24,0
DA:27,0
DA:28,0
DA:31,0
DA:32,0
DA:35,0
DA:36,0
DA:38,0
DA:39,0
DA:41,0
DA:42,0
DA:45,0
DA:46,0
DA:49,0
DA:50,0
DA:129,0
DA:130,0
DA:131,0
DA:132,0
DA:133,0
DA:134,0
LF:28
LH:0
end_of_record
TN:
SF:/home/huolinhe/Projects/taosdata/taosx/taos/src/stmt/multi_bind.rs
FNF:0
DA:42,0
DA:44,0
DA:45,0
DA:46,0
DA:47,0
DA:48,0
DA:49,0
DA:50,0
DA:52,0
DA:55,0
DA:57,0
DA:58,0
DA:59,0
DA:60,0
DA:61,0
DA:62,0
DA:63,0
DA:65,0
DA:68,0
DA:70,0
DA:71,0
DA:72,0
DA:73,0
DA:74,0
DA:75,0
DA:76,0
DA:78,0
DA:82,0
DA:83,0
DA:84,0
DA:85,0
DA:86,0
DA:87,0
DA:88,0
DA:89,0
DA:90,0
DA:91,0
DA:92,0
DA:93,0
DA:94,0
DA:95,0
DA:98,0
DA:101,0
DA:102,0
DA:103,0
DA:104,0
DA:105,0
DA:106,0
DA:107,0
DA:109,0
DA:110,0
DA:115,0
DA:116,0
DA:117,0
DA:118,0
DA:119,0
DA:120,0
DA:121,0
DA:123,0
DA:126,0
DA:127,0
DA:129,0
DA:130,0
DA:131,0
DA:134,0
DA:135,0
DA:136,0
DA:141,0
DA:142,0
DA:143,0
DA:144,0
DA:145,0
DA:147,0
DA:150,0
LF:74
LH:0
end_of_record
TN:
SF:/home/huolinhe/Projects/taosdata/taosx/taos/src/tmq/conf.rs
FN:13,as_ptr
FN:16,new
FN:20,from_dsn
FN:42,from_opts
FN:64,{closure#0}
FN:67,group_id
FN:72,client_id
FN:78,enable_auto_commit
FN:84,with<&alloc::string::String, &alloc::string::String, core::iter::adapters::filter::Filter<alloc::collections::btree::map::Iter<alloc::string::String, alloc::string::String>, taos::tmq::conf::{impl#0}::from_dsn::{closure_env#0}>>
FN:94,set<&str, &str>
FN:109,set_auto_commit_cb
FN:115,consumer
FN:131,drop
FNF:13
FNDA:0,as_ptr
FNDA:0,new
FNDA:0,from_dsn
FNDA:0,from_opts
FNDA:0,{closure#0}
FNDA:0,group_id
FNDA:0,client_id
FNDA:0,enable_auto_commit
FNDA:0,with<&alloc::string::String, &alloc::string::String, core::iter::adapters::filter::Filter<alloc::collections::btree::map::Iter<alloc::string::String, alloc::string::String>, taos::tmq::conf::{impl#0}::from_dsn::{closure_env#0}>>
FNDA:0,set<&str, &str>
FNDA:0,set_auto_commit_cb
FNDA:0,consumer
FNDA:0,drop
DA:13,0
DA:14,0
DA:16,0
DA:17,0
DA:20,0
DA:21,0
DA:36,0
DA:37,0
DA:38,0
DA:39,0
DA:42,0
DA:43,0
DA:58,0
DA:59,0
DA:60,0
DA:61,0
DA:62,0
DA:64,0
DA:67,0
DA:68,0
DA:70,0
DA:72,0
DA:73,0
DA:75,0
DA:78,0
DA:79,0
DA:81,0
DA:84,0
DA:88,0
DA:89,0
DA:91,0
DA:94,0
DA:97,0
DA:98,0
DA:99,0
DA:102,0
DA:103,0
DA:104,0
DA:105,0
DA:109,0
DA:111,0
DA:115,0
DA:117,0
DA:118,0
DA:119,0
DA:120,0
DA:121,0
DA:124,0
DA:131,0
DA:132,0
DA:133,0
DA:134,0
LF:52
LH:0
end_of_record
TN:
SF:/home/huolinhe/Projects/taosdata/taosx/taos/src/tmq/consumer.rs
FN:14,from_ptr
FN:17,commit
FN:34,as_raw
FN:37,new
FN:41,subscribe
FN:45,subscription
FN:58,commit_sync
FN:62,commit_non_blocking
FN:73,commit
FN:76,tmq_commit_async_cb
FN:81,{closure#0}
FN:98,poll
FN:105,{closure#0}
FN:111,async_poll
FN:120,{closure#0}
FN:128,{closure#0}
FN:134,{closure#1}
FN:137,async_poll2
FN:160,poll_wait
FN:169,unsubscribe
FN:181,next
FN:187,drop
FN:199,poll_next
FNF:23
FNDA:0,from_ptr
FNDA:0,commit
FNDA:0,as_raw
FNDA:0,new
FNDA:0,subscribe
FNDA:0,subscription
FNDA:0,commit_sync
FNDA:0,commit_non_blocking
FNDA:0,commit
FNDA:0,tmq_commit_async_cb
FNDA:0,{closure#0}
FNDA:0,poll
FNDA:0,{closure#0}
FNDA:0,async_poll
FNDA:0,{closure#0}
FNDA:0,{closure#0}
FNDA:0,{closure#1}
FNDA:0,async_poll2
FNDA:0,poll_wait
FNDA:0,unsubscribe
FNDA:0,next
FNDA:0,drop
FNDA:0,poll_next
DA:14,0
DA:15,0
DA:17,0
DA:18,0
DA:34,0
DA:35,0
DA:37,0
DA:41,0
DA:42,0
DA:45,0
DA:46,0
DA:48,0
DA:50,0
DA:51,0
DA:58,0
DA:59,0
DA:62,0
DA:65,0
DA:66,0
DA:68,0
DA:73,0
DA:76,0
DA:81,0
DA:82,0
DA:83,0
DA:84,0
DA:98,0
DA:99,0
DA:100,0
DA:101,0
DA:104,0
DA:105,0
DA:111,0
DA:118,0
DA:119,0
DA:120,0
DA:121,0
DA:122,0
DA:123,0
DA:124,0
DA:126,0
DA:127,0
DA:128,0
DA:134,0
DA:137,0
DA:160,0
DA:161,0
DA:162,0
DA:163,0
DA:165,0
DA:169,0
DA:171,0
DA:172,0
DA:173,0
DA:181,0
DA:187,0
DA:189,0
DA:190,0
DA:191,0
DA:199,0
DA:204,0
LF:61
LH:0
end_of_record
TN:
SF:/home/huolinhe/Projects/taosdata/taosx/taos/src/tmq/mod.rs
FN:16,tmq_commit_callback
FN:31,new
FN:34,as_ptr
FN:54,iter
FN:58,to_str_vec
FN:68,{closure#0}
FN:83,into_iter
FN:90,drop
FN:171,on_auto_commit
FN:181,build
FNF:10
FNDA:0,tmq_commit_callback
FNDA:0,new
FNDA:0,as_ptr
FNDA:0,iter
FNDA:0,to_str_vec
FNDA:0,{closure#0}
FNDA:0,into_iter
FNDA:0,drop
FNDA:0,on_auto_commit
FNDA:0,build
DA:16,0
DA:21,0
DA:22,0
DA:23,0
DA:24,0
DA:31,0
DA:32,0
DA:34,0
DA:35,0
DA:37,0
DA:38,0
DA:39,0
DA:40,0
DA:42,0
DA:46,0
DA:47,0
DA:48,0
DA:49,0
DA:51,0
DA:54,0
DA:55,0
DA:58,0
DA:60,0
DA:61,0
DA:62,0
DA:63,0
DA:65,0
DA:66,0
DA:68,0
DA:69,0
DA:83,0
DA:84,0
DA:90,0
DA:92,0
DA:93,0
DA:94,0
DA:115,0
DA:116,0
DA:117,0
DA:118,0
DA:119,0
DA:120,0
DA:121,0
DA:122,0
DA:125,0
DA:126,0
DA:127,0
DA:133,0
DA:134,0
DA:135,0
DA:137,0
DA:138,0
DA:139,0
DA:141,0
DA:142,0
DA:145,0
DA:148,0
DA:151,0
DA:152,0
DA:154,0
DA:156,0
DA:157,0
DA:158,0
DA:159,0
DA:160,0
DA:163,0
DA:164,0
DA:165,0
DA:166,0
DA:167,0
DA:171,0
DA:172,0
DA:173,0
DA:174,0
DA:176,0
DA:177,0
DA:178,0
DA:181,0
DA:183,0
DA:184,0
DA:185,0
DA:186,0
DA:187,0
DA:190,0
DA:191,0
DA:192,0
DA:202,0
DA:203,0
DA:204,0
DA:205,0
DA:206,0
DA:209,0
DA:210,0
DA:211,0
DA:212,0
LF:95
LH:0
end_of_record
TN:
SF:/home/huolinhe/Projects/taosdata/taosx/taos-error/src/lib.rs
FN:26,new<taos_error::code::Code, alloc::string::String>
FN:34,from_code<taos_error::code::Code>
FN:42,from_string<&str>
FN:54,from_str
FN:64,fmt
FN:71,custom<core::fmt::Arguments>
FNF:6
FNDA:0,new<taos_error::code::Code, alloc::string::String>
FNDA:0,from_code<taos_error::code::Code>
FNDA:0,from_string<&str>
FNDA:0,from_str
FNDA:0,fmt
FNDA:0,custom<core::fmt::Arguments>
DA:26,0
DA:28,0
DA:29,0
DA:34,0
DA:36,0
DA:37,0
DA:42,0
DA:45,0
DA:54,0
DA:55,0
DA:56,0
DA:57,0
DA:64,0
DA:65,0
DA:71,0
DA:72,0
LF:16
LH:0
end_of_record
TN:
SF:/home/huolinhe/Projects/taosdata/taosx/taos-query/src/common/column/mod.rs
FN:57,get
FN:103,into_owned
FN:127,{closure#0}
FN:133,{closure#1}
FN:145,{closure#0}
FN:148,{closure#0}
FNF:6
FNDA:0,get
FNDA:0,into_owned
FNDA:0,{closure#0}
FNDA:0,{closure#1}
FNDA:3,{closure#0}
FNDA:4,{closure#0}
DA:57,0
DA:58,0
DA:59,0
DA:60,0
DA:61,0
DA:62,0
DA:64,0
DA:69,0
DA:70,0
DA:71,0
DA:72,0
DA:73,0
DA:74,0
DA:75,0
DA:76,0
DA:77,0
DA:78,0
DA:79,0
DA:80,0
DA:81,0
DA:82,0
DA:83,0
DA:84,0
DA:90,0
DA:91,0
DA:92,0
DA:94,0
DA:96,0
DA:103,0
DA:104,0
DA:105,0
DA:106,0
DA:107,0
DA:108,0
DA:109,0
DA:111,0
DA:112,0
DA:113,0
DA:114,0
DA:116,0
DA:117,0
DA:119,0
DA:120,0
DA:122,0
DA:123,0
DA:125,0
DA:126,0
DA:127,0
DA:128,0
DA:131,0
DA:132,0
DA:133,0
DA:134,0
DA:136,0
DA:137,0
DA:145,3
DA:147,1
DA:148,4
DA:149,1
DA:151,2
DA:153,2
DA:155,2
DA:156,1
LF:63
LH:8
end_of_record
TN:
SF:/home/huolinhe/Projects/taosdata/taosx/taos-query/src/common/describe.rs
FN:16,into_iter
FN:30,deref
FN:36,deref_mut
FN:42,fields
FN:45,is_stable
FN:46,{closure#0}
FN:48,names
FN:52,tag_names
FN:58,to_create_table_sql
FN:59,{closure#0}
FNF:10
FNDA:0,into_iter
FNDA:0,deref
FNDA:0,deref_mut
FNDA:0,fields
FNDA:0,is_stable
FNDA:0,{closure#0}
FNDA:0,names
FNDA:0,tag_names
FNDA:0,to_create_table_sql
FNDA:0,{closure#0}
DA:16,0
DA:17,0
DA:22,0
DA:23,0
DA:30,0
DA:36,0
DA:42,0
DA:43,0
DA:45,0
DA:46,0
DA:48,0
DA:49,0
DA:52,0
DA:53,0
DA:58,0
DA:59,0
DA:60,0
DA:62,0
DA:63,0
DA:65,0
DA:66,0
LF:21
LH:0
end_of_record
TN:
SF:/home/huolinhe/Projects/taosdata/taosx/taos-query/src/common/field.rs
FN:26,write_inlined<&mut alloc::vec::Vec<u8, alloc::alloc::Global>>
FN:33,read_inlined<&mut &[u8]>
FN:42,new<&str>
FN:48,name
FN:53,ty
FN:60,bytes
FN:67,sql_repr
FN:78,fmt
FNF:8
FNDA:0,write_inlined<&mut alloc::vec::Vec<u8, alloc::alloc::Global>>
FNDA:0,read_inlined<&mut &[u8]>
FNDA:2,new<&str>
FNDA:0,name
FNDA:0,ty
FNDA:0,bytes
FNDA:0,sql_repr
FNDA:0,fmt
DA:26,0
DA:27,0
DA:28,0
DA:29,0
DA:30,0
DA:33,0
DA:34,0
DA:35,0
DA:36,0
DA:37,0
DA:42,2
DA:43,2
DA:48,0
DA:49,0
DA:53,0
DA:54,0
DA:60,0
DA:61,0
DA:67,0
DA:68,0
DA:69,0
DA:70,0
DA:72,0
DA:78,0
DA:79,0
DA:80,0
DA:81,0
DA:83,0
LF:28
LH:2
end_of_record
TN:
SF:/home/huolinhe/Projects/taosdata/taosx/taos-query/src/common/itypes.rs
FN:47,from
FN:52,from
FN:58,new
FN:61,with_capacity
FN:68,is_null<rust_decimal::decimal::Decimal>
FN:72,is_primitive<rust_decimal::decimal::Decimal>
FN:76,as_timestamp<i16>
FN:81,as_var_char<i16>
FN:86,as_nchar<u8>
FN:91,as_medium_blob<u8>
FN:96,as_blob<rust_decimal::decimal::Decimal>
FN:139,is_null<taos_query::common::itypes::ITimestamp>
FN:151,is_null
FN:154,into_value
FN:160,into_inner
FN:174,is_null
FN:179,into_value
FN:184,into_inner
FN:210,is_primitive<rust_decimal::decimal::Decimal>
FN:238,as_timestamp
FN:247,as_var_char
FN:256,as_nchar
FN:266,as_var_char
FN:276,as_nchar
FN:286,to_json
FN:296,as_medium_blob
FN:306,as_blob
FN:316,into_value
FN:320,into_inner
FNF:29
FNDA:0,from
FNDA:0,from
FNDA:0,new
FNDA:0,with_capacity
FNDA:0,is_null<rust_decimal::decimal::Decimal>
FNDA:0,is_primitive<rust_decimal::decimal::Decimal>
FNDA:0,as_timestamp<i16>
FNDA:0,as_var_char<i16>
FNDA:0,as_nchar<u8>
FNDA:0,as_medium_blob<u8>
FNDA:0,as_blob<rust_decimal::decimal::Decimal>
FNDA:0,is_null<taos_query::common::itypes::ITimestamp>
FNDA:0,is_null
FNDA:0,into_value
FNDA:0,into_inner
FNDA:0,is_null
FNDA:0,into_value
FNDA:0,into_inner
FNDA:0,is_primitive<rust_decimal::decimal::Decimal>
FNDA:0,as_timestamp
FNDA:0,as_var_char
FNDA:0,as_nchar
FNDA:0,as_var_char
FNDA:0,as_nchar
FNDA:0,to_json
FNDA:0,as_medium_blob
FNDA:0,as_blob
FNDA:0,into_value
FNDA:0,into_inner
DA:47,0
DA:48,0
DA:52,0
DA:53,0
DA:58,0
DA:59,0
DA:61,0
DA:62,0
DA:68,0
DA:69,0
DA:72,0
DA:73,0
DA:76,0
DA:77,0
DA:81,0
DA:82,0
DA:86,0
DA:87,0
DA:91,0
DA:92,0
DA:96,0
DA:97,0
DA:108,0
DA:109,0
DA:112,0
DA:113,0
DA:116,0
DA:117,0
DA:120,0
DA:121,0
DA:123,0
DA:124,0
DA:126,0
DA:127,0
DA:129,0
DA:130,0
DA:139,0
DA:140,0
DA:151,0
DA:154,0
DA:155,0
DA:160,0
DA:174,0
DA:179,0
DA:180,0
DA:184,0
DA:185,0
DA:210,0
DA:211,0
DA:238,0
DA:239,0
DA:247,0
DA:248,0
DA:256,0
DA:257,0
DA:266,0
DA:267,0
DA:276,0
DA:277,0
DA:286,0
DA:287,0
DA:296,0
DA:297,0
DA:306,0
DA:307,0
DA:316,0
DA:320,0
LF:67
LH:0
end_of_record
TN:
SF:/home/huolinhe/Projects/taosdata/taosx/taos-query/src/common/opts.rs
FN:20,host<&str>
FN:27,port<u16>
FN:36,new
FN:40,to_dsn_string
FN:64,parse
FN:97,{closure#0}
FN:103,{closure#0}
FNF:7
FNDA:3,host<&str>
FNDA:1,port<u16>
FNDA:1,new
FNDA:0,to_dsn_string
FNDA:1,parse
FNDA:3,{closure#0}
FNDA:3,{closure#0}
DA:20,3
DA:21,6
DA:22,3
DA:27,1
DA:28,2
DA:29,1
DA:36,1
DA:37,1
DA:40,0
DA:64,1
DA:65,1
DA:66,0
DA:68,2
DA:70,1
DA:84,0
DA:85,0
DA:87,0
DA:97,3
DA:98,1
DA:99,1
DA:103,3
DA:104,1
DA:110,1
DA:112,1
DA:113,2
DA:114,1
DA:115,2
DA:116,2
DA:117,1
DA:118,1
LF:30
LH:25
end_of_record
TN:
SF:/home/huolinhe/Projects/taosdata/taosx/taos-query/src/common/precision.rs
FN:24,eq
FN:30,eq
FN:36,as_str
FN:45,as_u8
FN:52,from_u8
FN:65,from
FN:75,fmt
FN:83,from_str
FN:94,deserialize<serde::de::value::UnitDeserializer<serde::de::value::Error>>
FN:103,expecting
FN:107,visit_i8<serde::de::value::Error>
FN:113,visit_i16<serde::de::value::Error>
FN:120,visit_i32<serde::de::value::Error>
FN:127,visit_i64<serde::de::value::Error>
FN:134,visit_u8<serde::de::value::Error>
FN:141,visit_u16<serde::de::value::Error>
FN:148,visit_u32<serde::de::value::Error>
FN:155,visit_u64<serde::de::value::Error>
FN:162,visit_str<serde::de::value::Error>
FN:169,visit_none<serde::de::value::Error>
FN:176,visit_some<serde::__private::de::content::ContentDeserializer<serde::de::value::Error>>
FN:183,visit_unit<serde::de::value::Error>
FN:208,{closure#0}
FNF:23
FNDA:0,eq
FNDA:0,eq
FNDA:1,as_str
FNDA:0,as_u8
FNDA:1,from_u8
FNDA:1,from
FNDA:1,fmt
FNDA:1,from_str
FNDA:3,deserialize<serde::de::value::UnitDeserializer<serde::de::value::Error>>
FNDA:0,expecting
FNDA:0,visit_i8<serde::de::value::Error>
FNDA:0,visit_i16<serde::de::value::Error>
FNDA:1,visit_i32<serde::de::value::Error>
FNDA:0,visit_i64<serde::de::value::Error>
FNDA:0,visit_u8<serde::de::value::Error>
FNDA:0,visit_u16<serde::de::value::Error>
FNDA:0,visit_u32<serde::de::value::Error>
FNDA:0,visit_u64<serde::de::value::Error>
FNDA:1,visit_str<serde::de::value::Error>
FNDA:0,visit_none<serde::de::value::Error>
FNDA:0,visit_some<serde::__private::de::content::ContentDeserializer<serde::de::value::Error>>
FNDA:1,visit_unit<serde::de::value::Error>
FNDA:3,{closure#0}
DA:24,0
DA:25,0
DA:30,0
DA:31,0
DA:36,1
DA:38,1
DA:39,0
DA:40,1
DA:41,0
DA:45,0
DA:46,0
DA:47,0
DA:48,0
DA:49,0
DA:52,1
DA:53,1
DA:54,1
DA:55,1
DA:56,1
DA:57,0
DA:65,1
DA:66,1
DA:75,1
DA:76,1
DA:83,1
DA:85,2
DA:86,3
DA:87,3
DA:88,0
DA:94,3
DA:100,0
DA:101,0
DA:103,0
DA:104,0
DA:107,0
DA:111,0
DA:113,0
DA:117,0
DA:120,1
DA:124,1
DA:127,0
DA:131,0
DA:134,0
DA:138,0
DA:141,0
DA:145,0
DA:148,0
DA:152,0
DA:155,0
DA:159,0
DA:162,1
DA:166,1
DA:169,0
DA:173,0
DA:176,0
DA:180,0
DA:183,1
DA:187,1
DA:191,3
DA:208,3
DA:210,1
DA:211,1
DA:212,2
DA:213,1
DA:214,2
DA:215,1
DA:218,2
DA:219,1
DA:220,2
DA:221,1
DA:222,2
DA:223,1
DA:226,2
DA:227,1
DA:229,2
DA:230,2
LF:76
LH:41
end_of_record
TN:
SF:/home/huolinhe/Projects/taosdata/taosx/taos-query/src/common/raw/inner.rs
FN:20,col_schema
FN:33,test_bin
FN:74,default
FN:89,drop
FN:102,write_inlined<&mut alloc::vec::Vec<u8, alloc::alloc::Global>>
FN:108,new
FN:126,with_rows
FN:132,with_cols
FN:138,with_precision
FN:145,from_ptr
FN:158,from_bytes
FN:177,len
FN:182,nrows
FN:187,ncols
FN:193,group_id
FN:200,as_bytes
FN:206,to_vec
FN:212,into_vec
FN:218,as_ptr
FN:224,schema_offset
FN:232,lengths_offset
FN:239,data_offset
FN:244,offset
FN:249,bitmap_len
FN:262,column_offsets
FN:263,{closure#0}
FN:269,{closure#0}
FN:293,schemas
FN:303,get_type_of
FN:310,get_schema_of
FN:316,lengths
FN:325,get_unchecked
FN:429,{closure#0}
FNF:33
FNDA:3,col_schema
FNDA:3,test_bin
FNDA:0,default
FNDA:1,drop
FNDA:1,write_inlined<&mut alloc::vec::Vec<u8, alloc::alloc::Global>>
FNDA:0,new
FNDA:0,with_rows
FNDA:0,with_cols
FNDA:0,with_precision
FNDA:2,from_ptr
FNDA:2,from_bytes
FNDA:1,len
FNDA:1,nrows
FNDA:1,ncols
FNDA:1,group_id
FNDA:1,as_bytes
FNDA:0,to_vec
FNDA:0,into_vec
FNDA:1,as_ptr
FNDA:1,schema_offset
FNDA:1,lengths_offset
FNDA:1,data_offset
FNDA:1,offset
FNDA:1,bitmap_len
FNDA:1,column_offsets
FNDA:2,{closure#0}
FNDA:3,{closure#0}
FNDA:1,schemas
FNDA:0,get_type_of
FNDA:0,get_schema_of
FNDA:1,lengths
FNDA:1,get_unchecked
FNDA:3,{closure#0}
DA:20,3
DA:25,1
DA:26,1
DA:28,1
DA:29,1
DA:30,1
DA:33,3
DA:34,1
DA:35,1
DA:37,1
DA:38,1
DA:46,1
DA:47,1
DA:48,1
DA:74,0
DA:77,0
DA:78,0
DA:79,0
DA:80,0
DA:82,0
DA:89,1
DA:90,1
DA:97,0
DA:98,0
DA:99,0
DA:102,1
DA:103,2
DA:108,0
DA:109,0
DA:110,0
DA:111,0
DA:112,0
DA:113,0
DA:118,0
DA:119,0
DA:121,0
DA:126,0
DA:127,0
DA:128,0
DA:132,0
DA:133,0
DA:134,0
DA:138,0
DA:139,0
DA:140,0
DA:145,2
DA:151,2
DA:152,2
DA:153,1
DA:158,2
DA:159,4
DA:160,2
DA:161,2
DA:162,2
DA:163,2
DA:171,2
DA:177,1
DA:178,1
DA:182,1
DA:183,1
DA:187,1
DA:188,1
DA:193,1
DA:194,1
DA:200,1
DA:201,1
DA:206,0
DA:207,0
DA:212,0
DA:213,0
DA:218,1
DA:219,1
DA:224,1
DA:227,0
DA:232,1
DA:234,1
DA:239,1
DA:240,1
DA:244,1
DA:245,1
DA:249,1
DA:250,1
DA:262,1
DA:263,2
DA:264,1
DA:265,1
DA:266,2
DA:269,3
DA:270,1
DA:271,4
DA:272,1
DA:273,2
DA:274,1
DA:276,1
DA:277,1
DA:278,1
DA:279,2
DA:281,2
DA:283,2
DA:284,1
DA:293,1
DA:295,1
DA:296,1
DA:303,0
DA:304,0
DA:310,0
DA:311,0
DA:316,1
DA:318,1
DA:319,1
DA:325,1
DA:326,1
DA:328,0
DA:329,0
DA:330,0
DA:334,0
DA:335,0
DA:336,0
DA:337,0
DA:338,0
DA:340,0
DA:341,0
DA:342,0
DA:347,1
DA:348,0
DA:349,3
DA:350,3
DA:351,3
DA:352,3
DA:353,3
DA:354,3
DA:355,3
DA:356,0
DA:358,2
DA:359,0
DA:360,3
DA:361,1
DA:363,2
DA:364,1
DA:366,1
DA:367,0
DA:368,1
DA:370,0
DA:374,0
DA:375,1
DA:376,3
DA:377,0
DA:379,1
DA:380,1
DA:383,0
DA:384,2
DA:385,0
DA:386,3
DA:387,1
DA:389,2
DA:390,1
DA:393,1
DA:394,0
DA:395,0
DA:399,3
DA:400,3
DA:401,3
DA:402,3
DA:403,0
DA:404,0
DA:405,0
DA:406,0
DA:407,0
DA:409,0
DA:410,0
DA:411,0
DA:412,0
DA:413,0
DA:414,0
DA:415,0
DA:417,0
DA:419,0
DA:420,0
DA:429,3
DA:432,1
DA:433,1
DA:434,1
DA:435,1
DA:437,1
DA:439,2
DA:440,2
DA:441,2
DA:444,2
DA:445,2
DA:446,1
DA:447,1
DA:448,1
DA:449,1
DA:450,1
DA:451,1
DA:452,1
DA:453,1
DA:454,1
DA:455,1
DA:456,1
DA:457,1
DA:458,2
DA:459,2
DA:462,3
DA:463,1
DA:464,2
DA:468,1
DA:470,3
DA:471,1
DA:472,1
DA:473,2
DA:477,1
DA:478,2
LF:213
LH:140
end_of_record
TN:
SF:/home/huolinhe/Projects/taosdata/taosx/taos-query/src/common/raw/mod.rs
FN:14,default
FN:44,read_inlined<&[u8]>
FN:60,{closure#0}<&[u8]>
FN:100,write_inlined<&mut alloc::vec::Vec<u8, alloc::alloc::Global>>
FN:125,fields
FN:135,has_database_name
FN:139,has_table_name
FN:144,with_database_name
FN:150,with_table_name
FN:156,with_fields
FN:163,from_raw_block
FN:176,from_raw_bytes
FN:194,as_raw_block
FN:199,to_raw_vec
FN:206,nrows
FN:211,ncols
FN:215,flags
FN:231,inner_block
FNF:18
FNDA:2,default
FNDA:1,read_inlined<&[u8]>
FNDA:0,{closure#0}<&[u8]>
FNDA:1,write_inlined<&mut alloc::vec::Vec<u8, alloc::alloc::Global>>
FNDA:0,fields
FNDA:1,has_database_name
FNDA:1,has_table_name
FNDA:1,with_database_name
FNDA:1,with_table_name
FNDA:0,with_fields
FNDA:1,from_raw_block
FNDA:0,from_raw_bytes
FNDA:1,as_raw_block
FNDA:0,to_raw_vec
FNDA:0,nrows
FNDA:0,ncols
FNDA:1,flags
FNDA:3,inner_block
DA:13,0
DA:14,2
DA:44,1
DA:45,3
DA:46,2
DA:47,1
DA:49,0
DA:51,3
DA:52,1
DA:54,0
DA:57,3
DA:59,0
DA:60,0
DA:61,0
DA:64,1
DA:67,2
DA:68,0
DA:69,2
DA:70,0
DA:71,3
DA:72,0
DA:74,1
DA:77,2
DA:78,2
DA:80,2
DA:81,1
DA:82,3
DA:83,1
DA:84,1
DA:85,1
DA:86,1
DA:90,1
DA:91,1
DA:92,1
DA:93,1
DA:94,1
DA:95,1
DA:100,1
DA:101,2
DA:103,3
DA:104,3
DA:106,3
DA:107,3
DA:109,2
DA:110,0
DA:111,0
DA:112,0
DA:115,2
DA:116,2
DA:117,3
DA:118,3
DA:119,1
DA:125,0
DA:127,0
DA:128,0
DA:130,0
DA:135,1
DA:136,1
DA:139,1
DA:140,1
DA:144,1
DA:145,2
DA:146,0
DA:150,1
DA:151,2
DA:152,0
DA:156,0
DA:157,0
DA:158,0
DA:159,0
DA:163,1
DA:164,1
DA:165,2
DA:171,1
DA:176,0
DA:177,0
DA:178,0
DA:182,0
DA:183,0
DA:184,0
DA:185,0
DA:187,0
DA:188,0
DA:190,0
DA:194,1
DA:195,1
DA:199,0
DA:200,0
DA:201,0
DA:202,0
DA:206,0
DA:207,0
DA:211,0
DA:212,0
DA:215,1
DA:216,1
DA:217,1
DA:218,1
DA:220,2
DA:221,1
DA:223,2
DA:224,0
DA:231,3
DA:233,1
DA:234,1
DA:235,1
DA:236,1
DA:238,1
DA:240,1
DA:241,2
DA:243,1
DA:245,1
DA:247,2
DA:248,1
DA:250,2
DA:252,2
DA:253,1
DA:255,2
DA:256,1
LF:119
LH:78
end_of_record
TN:
SF:/home/huolinhe/Projects/taosdata/taosx/taos-query/src/common/timestamp.rs
FN:15,fmt
FN:29,fmt
FN:35,new
FN:42,as_raw_i64
FN:49,to_naive_datetime
FN:61,to_datetime_with_tz
FN:69,ts_new
FN:79,ts_debug
FNF:8
FNDA:1,fmt
FNDA:1,fmt
FNDA:2,new
FNDA:1,as_raw_i64
FNDA:1,to_naive_datetime
FNDA:0,to_datetime_with_tz
FNDA:3,ts_new
FNDA:3,ts_debug
DA:15,1
DA:16,1
DA:17,1
DA:18,2
DA:19,0
DA:20,0
DA:23,2
DA:29,1
DA:30,1
DA:35,2
DA:36,2
DA:37,2
DA:38,1
DA:39,1
DA:42,1
DA:43,3
DA:44,1
DA:49,1
DA:50,2
DA:51,2
DA:52,1
DA:53,1
DA:55,4
DA:56,2
DA:61,0
DA:69,3
DA:71,1
DA:72,1
DA:73,1
DA:74,2
DA:79,3
DA:80,1
DA:81,1
DA:82,1
DA:83,1
LF:35
LH:32
end_of_record
TN:
SF:/home/huolinhe/Projects/taosdata/taosx/taos-query/src/common/ty.rs
FN:108,deserialize<&mut serde_json::de::Deserializer<serde_json::read::StrRead>>
FN:117,expecting
FN:120,visit_i64<serde::de::value::Error>
FN:127,visit_u8<serde::de::value::Error>
FN:134,visit_u64<serde_json::error::Error>
FN:141,visit_str<serde::de::value::Error>
FN:148,visit_none<serde::de::value::Error>
FN:162,visit_unit<serde_json::error::Error>
FN:177,from_str
FN:205,is_null
FN:210,is_var_type
FN:215,is_primitive
FN:234,fixed_length
FN:255,name
FN:282,as_variant_str
FN:297,from_u8
FN:325,from
FN:331,fmt
FN:339,from
FNF:19
FNDA:1,deserialize<&mut serde_json::de::Deserializer<serde_json::read::StrRead>>
FNDA:0,expecting
FNDA:0,visit_i64<serde::de::value::Error>
FNDA:0,visit_u8<serde::de::value::Error>
FNDA:1,visit_u64<serde_json::error::Error>
FNDA:0,visit_str<serde::de::value::Error>
FNDA:0,visit_none<serde::de::value::Error>
FNDA:0,visit_unit<serde_json::error::Error>
FNDA:0,from_str
FNDA:0,is_null
FNDA:1,is_var_type
FNDA:0,is_primitive
FNDA:0,fixed_length
FNDA:0,name
FNDA:1,as_variant_str
FNDA:1,from_u8
FNDA:0,from
FNDA:0,fmt
FNDA:0,from
DA:108,1
DA:114,0
DA:115,0
DA:117,0
DA:118,0
DA:120,0
DA:124,0
DA:127,0
DA:131,0
DA:134,1
DA:138,1
DA:141,0
DA:145,0
DA:148,0
DA:152,0
DA:155,0
DA:159,0
DA:162,0
DA:166,0
DA:170,1
DA:177,0
DA:178,0
DA:179,0
DA:180,0
DA:181,0
DA:182,0
DA:183,0
DA:184,0
DA:185,0
DA:186,0
DA:187,0
DA:188,0
DA:189,0
DA:190,0
DA:191,0
DA:192,0
DA:193,0
DA:194,0
DA:195,0
DA:196,0
DA:197,0
DA:198,0
DA:205,0
DA:206,0
DA:210,1
DA:212,1
DA:215,0
DA:217,0
DA:218,0
DA:234,0
DA:236,0
DA:237,0
DA:238,0
DA:239,0
DA:240,0
DA:241,0
DA:242,0
DA:243,0
DA:244,0
DA:245,0
DA:246,0
DA:247,0
DA:248,0
DA:249,0
DA:250,0
DA:255,0
DA:257,0
DA:258,0
DA:259,0
DA:260,0
DA:261,0
DA:262,0
DA:263,0
DA:264,0
DA:265,0
DA:266,0
DA:267,0
DA:268,0
DA:269,0
DA:270,0
DA:271,0
DA:272,0
DA:273,0
DA:274,0
DA:275,0
DA:276,0
DA:277,0
DA:282,1
DA:291,1
DA:297,1
DA:299,1
DA:300,0
DA:301,0
DA:302,0
DA:303,0
DA:304,0
DA:305,1
DA:306,0
DA:307,0
DA:308,0
DA:309,0
DA:310,0
DA:311,0
DA:312,0
DA:313,0
DA:314,0
DA:315,0
DA:316,0
DA:317,0
DA:318,0
DA:319,0
DA:325,0
DA:326,0
DA:331,0
DA:332,0
DA:339,0
DA:340,0
LF:117
LH:11
end_of_record
TN:
SF:/home/huolinhe/Projects/taosdata/taosx/taos-query/src/common/value/de/borrowed.rs
FN:13,variant_seed<core::marker::PhantomData<taos_query::common::timestamp::_::{impl#0}::deserialize::__Field>>
FN:18,{closure#0}<core::marker::PhantomData<taos_query::common::timestamp::_::{impl#0}::deserialize::__Field>>
FN:37,variant_seed<core::marker::PhantomData<taos_query::common::timestamp::_::{impl#0}::deserialize::__Field>>
FN:43,{closure#0}<core::marker::PhantomData<taos_query::common::timestamp::_::{impl#0}::deserialize::__Field>>
FN:50,unit_variant
FN:54,newtype_variant_seed<core::marker::PhantomData<i64>>
FN:85,variant_seed<core::marker::PhantomData<taos_query::common::timestamp::_::{impl#0}::deserialize::__Field>>
FN:113,deserialize_any<serde::de::impls::{impl#53}::deserialize::PrimitiveVisitor>
FN:164,deserialize_str<chrono::naive::datetime::serde::NaiveDateTimeVisitor>
FN:186,{closure#0}<chrono::naive::datetime::serde::NaiveDateTimeVisitor>
FN:189,{closure#1}<serde::de::impls::StringVisitor>
FN:207,deserialize_string<serde::de::impls::StringVisitor>
FN:215,deserialize_option<serde::de::impls::OptionVisitor<chrono::naive::datetime::NaiveDateTime>>
FN:227,deserialize_newtype_struct<taos_query::common::value::de::borrowed::tests::de_newtype_struct::de_newtype_struct::_::{impl#0}::deserialize::__Visitor<u16>>
FN:284,deserialize_seq<serde::de::impls::{impl#19}::deserialize::VecVisitor<u8>>
FN:313,deserialize_enum<taos_query::common::timestamp::_::{impl#0}::deserialize::__Visitor>
FN:337,deserialize_struct<taos_query::common::value::de::borrowed::tests::de_json::de_json::_::{impl#0}::deserialize::__Visitor>
FN:389,into_deserializer
FN:401,{closure#0}
FN:402,de_value_as_inner
FN:436,{closure#0}
FN:437,de_borrowed_str
FN:484,{closure#0}
FN:485,de_string
FN:531,{closure#0}
FN:532,de_json
FN:565,{closure#0}
FN:566,de_newtype_struct
FNF:28
FNDA:0,variant_seed<core::marker::PhantomData<taos_query::common::timestamp::_::{impl#0}::deserialize::__Field>>
FNDA:0,{closure#0}<core::marker::PhantomData<taos_query::common::timestamp::_::{impl#0}::deserialize::__Field>>
FNDA:0,variant_seed<core::marker::PhantomData<taos_query::common::timestamp::_::{impl#0}::deserialize::__Field>>
FNDA:0,{closure#0}<core::marker::PhantomData<taos_query::common::timestamp::_::{impl#0}::deserialize::__Field>>
FNDA:0,unit_variant
FNDA:0,newtype_variant_seed<core::marker::PhantomData<i64>>
FNDA:1,variant_seed<core::marker::PhantomData<taos_query::common::timestamp::_::{impl#0}::deserialize::__Field>>
FNDA:10,deserialize_any<serde::de::impls::{impl#53}::deserialize::PrimitiveVisitor>
FNDA:3,deserialize_str<chrono::naive::datetime::serde::NaiveDateTimeVisitor>
FNDA:0,{closure#0}<chrono::naive::datetime::serde::NaiveDateTimeVisitor>
FNDA:6,{closure#1}<serde::de::impls::StringVisitor>
FNDA:2,deserialize_string<serde::de::impls::StringVisitor>
FNDA:1,deserialize_option<serde::de::impls::OptionVisitor<chrono::naive::datetime::NaiveDateTime>>
FNDA:10,deserialize_newtype_struct<taos_query::common::value::de::borrowed::tests::de_newtype_struct::de_newtype_struct::_::{impl#0}::deserialize::__Visitor<u16>>
FNDA:1,deserialize_seq<serde::de::impls::{impl#19}::deserialize::VecVisitor<u8>>
FNDA:1,deserialize_enum<taos_query::common::timestamp::_::{impl#0}::deserialize::__Visitor>
FNDA:1,deserialize_struct<taos_query::common::value::de::borrowed::tests::de_json::de_json::_::{impl#0}::deserialize::__Visitor>
FNDA:1,into_deserializer
FNDA:4,{closure#0}
FNDA:1,de_value_as_inner
FNDA:4,{closure#0}
FNDA:1,de_borrowed_str
FNDA:4,{closure#0}
FNDA:1,de_string
FNDA:4,{closure#0}
FNDA:1,de_json
FNDA:4,{closure#0}
FNDA:1,de_newtype_struct
DA:13,0
DA:17,0
DA:18,0
DA:37,0
DA:41,0
DA:42,0
DA:43,0
DA:50,0
DA:51,0
DA:54,0
DA:58,0
DA:85,1
DA:92,1
DA:93,0
DA:94,0
DA:95,0
DA:97,2
DA:98,1
DA:99,1
DA:101,0
DA:102,0
DA:103,0
DA:113,10
DA:117,30
DA:120,10
DA:121,0
DA:122,0
DA:123,2
DA:124,2
DA:125,6
DA:126,2
DA:127,2
DA:128,2
DA:129,2
DA:130,2
DA:131,2
DA:132,2
DA:133,0
DA:134,0
DA:135,0
DA:136,0
DA:138,0
DA:139,0
DA:140,0
DA:141,0
DA:142,0
DA:143,0
DA:145,0
DA:146,0
DA:148,1
DA:149,0
DA:150,0
DA:151,0
DA:164,3
DA:168,9
DA:170,3
DA:171,4
DA:172,0
DA:173,4
DA:174,4
DA:175,4
DA:176,4
DA:177,4
DA:178,4
DA:179,4
DA:180,4
DA:181,0
DA:182,0
DA:183,2
DA:184,0
DA:185,0
DA:186,0
DA:187,6
DA:188,0
DA:189,6
DA:191,4
DA:192,1
DA:193,2
DA:194,0
DA:196,4
DA:197,4
DA:198,0
DA:199,0
DA:201,0
DA:202,0
DA:207,2
DA:211,6
DA:212,2
DA:215,1
DA:219,3
DA:220,2
DA:221,1
DA:223,0
DA:227,10
DA:235,30
DA:237,0
DA:238,0
DA:239,0
DA:243,10
DA:244,0
DA:245,0
DA:246,8
DA:247,8
DA:248,8
DA:249,8
DA:250,8
DA:251,8
DA:252,8
DA:253,8
DA:254,0
DA:255,0
DA:256,0
DA:257,0
DA:258,3
DA:259,0
DA:260,0
DA:261,0
DA:262,9
DA:263,0
DA:265,3
DA:266,3
DA:268,0
DA:269,0
DA:270,0
DA:271,0
DA:280,0
DA:281,0
DA:284,1
DA:288,3
DA:290,4
DA:291,0
DA:293,0
DA:294,0
DA:296,0
DA:300,0
DA:301,0
DA:305,0
DA:306,3
DA:307,1
DA:313,1
DA:322,3
DA:324,2
DA:325,1
DA:327,0
DA:328,0
DA:330,0
DA:334,0
DA:337,1
DA:346,1
DA:347,1
DA:348,0
DA:349,0
DA:350,0
DA:351,3
DA:352,0
DA:354,1
DA:355,1
DA:357,0
DA:370,0
DA:371,0
DA:372,0
DA:373,0
DA:374,0
DA:375,0
DA:376,0
DA:378,0
DA:379,0
DA:381,0
DA:389,1
DA:390,1
DA:401,4
DA:402,1
DA:415,21
DA:416,1
DA:417,1
DA:418,1
DA:419,1
DA:420,1
DA:421,1
DA:422,1
DA:423,1
DA:424,1
DA:425,1
DA:426,1
DA:427,2
DA:428,2
DA:429,1
DA:430,3
DA:431,3
DA:432,3
DA:436,4
DA:437,1
DA:464,18
DA:465,1
DA:466,1
DA:467,1
DA:468,1
DA:469,1
DA:470,1
DA:471,1
DA:472,1
DA:473,3
DA:474,3
DA:475,2
DA:476,3
DA:477,1
DA:479,1
DA:480,1
DA:481,1
DA:484,4
DA:485,1
DA:508,18
DA:510,1
DA:511,1
DA:512,1
DA:513,1
DA:514,1
DA:515,1
DA:516,1
DA:517,1
DA:520,1
DA:521,1
DA:522,1
DA:523,1
DA:524,4
DA:525,4
DA:526,4
DA:527,2
DA:531,4
DA:532,1
DA:546,1
DA:552,2
DA:553,1
DA:555,1
DA:556,1
DA:562,1
DA:565,4
DA:566,1
DA:577,2
DA:578,2
DA:580,1
DA:585,1
DA:586,2
DA:590,2
DA:591,2
DA:592,2
DA:593,2
DA:621,2
LF:248
LH:156
end_of_record
TN:
SF:/home/huolinhe/Projects/taosdata/taosx/taos-query/src/common/value/de/mod.rs
FN:38,unit_variant
FN:42,newtype_variant_seed<core::marker::PhantomData<u32>>
FN:84,deserialize_any<serde::de::impls::BoolVisitor>
FN:101,unit_variant
FN:105,newtype_variant_seed<core::marker::PhantomData<u64>>
FNF:5
FNDA:0,unit_variant
FNDA:0,newtype_variant_seed<core::marker::PhantomData<u32>>
FNDA:1,deserialize_any<serde::de::impls::BoolVisitor>
FNDA:0,unit_variant
FNDA:1,newtype_variant_seed<core::marker::PhantomData<u64>>
DA:38,0
DA:39,0
DA:42,0
DA:46,0
DA:47,0
DA:48,0
DA:56,0
DA:57,0
DA:58,0
DA:70,0
DA:71,0
DA:72,0
DA:84,1
DA:88,1
DA:101,0
DA:102,0
DA:105,1
DA:109,1
LF:18
LH:4
end_of_record
TN:
SF:/home/huolinhe/Projects/taosdata/taosx/taos-query/src/common/value/de/ref_value.rs
FN:13,variant_seed<core::marker::PhantomData<taos_query::common::value::_::{impl#0}::deserialize::__Field>>
FN:37,variant_seed<core::marker::PhantomData<taos_query::common::timestamp::_::{impl#0}::deserialize::__Field>>
FN:83,deserialize_any<taos_query::common::timestamp::_::{impl#0}::deserialize::__FieldVisitor>
FN:101,variant_seed<core::marker::PhantomData<taos_query::common::value::_::{impl#0}::deserialize::__Field>>
FN:120,unit_variant
FN:124,newtype_variant_seed<core::marker::PhantomData<i8>>
FN:153,deserialize_any<taos_query::common::value::de::ref_value::tests::de_json::de_json::_::{impl#0}::deserialize::__Visitor>
FN:196,deserialize_str<serde::de::impls::StrVisitor>
FN:228,deserialize_string<serde::de::impls::StringVisitor>
FN:236,deserialize_option<serde::de::impls::OptionVisitor<u8>>
FN:248,deserialize_newtype_struct<taos_query::common::value::de::ref_value::tests::de_newtype_struct::de_newtype_struct::_::{impl#0}::deserialize::__Visitor<u16>>
FN:298,deserialize_seq<serde::de::impls::{impl#19}::deserialize::VecVisitor<u8>>
FN:325,deserialize_enum<taos_query::common::timestamp::_::{impl#0}::deserialize::__Visitor>
FN:349,deserialize_struct<taos_query::common::value::de::ref_value::tests::de_json::de_json::_::{impl#0}::deserialize::__Visitor>
FN:372,into_deserializer
FN:384,value_de_value_ref
FN:385,value_de_value_ref
FN:408,de_value_as_inner
FN:409,de_value_as_inner
FN:444,de_borrowed_str
FN:445,de_borrowed_str
FN:492,de_string
FN:493,de_string
FN:543,de_json
FN:544,de_json
FN:574,de_newtype_struct
FN:575,de_newtype_struct
FNF:27
FNDA:0,variant_seed<core::marker::PhantomData<taos_query::common::value::_::{impl#0}::deserialize::__Field>>
FNDA:2,variant_seed<core::marker::PhantomData<taos_query::common::timestamp::_::{impl#0}::deserialize::__Field>>
FNDA:3,deserialize_any<taos_query::common::timestamp::_::{impl#0}::deserialize::__FieldVisitor>
FNDA:1,variant_seed<core::marker::PhantomData<taos_query::common::value::_::{impl#0}::deserialize::__Field>>
FNDA:1,unit_variant
FNDA:15,newtype_variant_seed<core::marker::PhantomData<i8>>
FNDA:12,deserialize_any<taos_query::common::value::de::ref_value::tests::de_json::de_json::_::{impl#0}::deserialize::__Visitor>
FNDA:2,deserialize_str<serde::de::impls::StrVisitor>
FNDA:1,deserialize_string<serde::de::impls::StringVisitor>
FNDA:1,deserialize_option<serde::de::impls::OptionVisitor<u8>>
FNDA:9,deserialize_newtype_struct<taos_query::common::value::de::ref_value::tests::de_newtype_struct::de_newtype_struct::_::{impl#0}::deserialize::__Visitor<u16>>
FNDA:1,deserialize_seq<serde::de::impls::{impl#19}::deserialize::VecVisitor<u8>>
FNDA:2,deserialize_enum<taos_query::common::timestamp::_::{impl#0}::deserialize::__Visitor>
FNDA:1,deserialize_struct<taos_query::common::value::de::ref_value::tests::de_json::de_json::_::{impl#0}::deserialize::__Visitor>
FNDA:1,into_deserializer
FNDA:4,value_de_value_ref
FNDA:1,value_de_value_ref
FNDA:4,de_value_as_inner
FNDA:1,de_value_as_inner
FNDA:4,de_borrowed_str
FNDA:1,de_borrowed_str
FNDA:4,de_string
FNDA:1,de_string
FNDA:4,de_json
FNDA:1,de_json
FNDA:4,de_newtype_struct
FNDA:1,de_newtype_struct
DA:13,0
DA:17,0
DA:18,0
DA:19,0
DA:20,0
DA:22,0
DA:37,2
DA:43,2
DA:44,0
DA:45,0
DA:46,0
DA:48,0
DA:49,0
DA:51,4
DA:52,6
DA:53,2
DA:55,0
DA:56,2
DA:58,0
DA:59,0
DA:60,0
DA:62,0
DA:63,0
DA:83,3
DA:87,3
DA:101,1
DA:105,2
DA:107,1
DA:108,3
DA:109,1
DA:111,0
DA:112,0
DA:120,1
DA:121,1
DA:124,15
DA:128,15
DA:153,12
DA:157,36
DA:160,12
DA:161,0
DA:162,2
DA:163,2
DA:164,2
DA:165,2
DA:166,2
DA:167,2
DA:168,2
DA:169,2
DA:170,2
DA:171,2
DA:172,4
DA:173,0
DA:174,0
DA:175,3
DA:178,1
DA:179,0
DA:180,0
DA:181,0
DA:182,0
DA:183,0
DA:196,2
DA:200,6
DA:202,5
DA:203,4
DA:204,0
DA:205,4
DA:206,4
DA:207,4
DA:208,4
DA:209,4
DA:210,4
DA:211,4
DA:212,4
DA:213,0
DA:214,0
DA:215,5
DA:216,2
DA:217,4
DA:218,4
DA:219,0
DA:220,0
DA:222,0
DA:223,0
DA:228,1
DA:232,3
DA:233,1
DA:236,1
DA:240,3
DA:241,2
DA:242,1
DA:244,0
DA:248,9
DA:256,27
DA:258,0
DA:259,0
DA:260,0
DA:263,9
DA:264,0
DA:265,0
DA:266,8
DA:267,8
DA:268,8
DA:269,8
DA:270,8
DA:271,8
DA:272,8
DA:273,8
DA:274,0
DA:275,0
DA:276,0
DA:277,8
DA:278,4
DA:279,0
DA:280,0
DA:281,0
DA:282,0
DA:284,0
DA:285,0
DA:294,0
DA:295,0
DA:298,1
DA:302,3
DA:304,4
DA:305,0
DA:307,0
DA:308,0
DA:311,0
DA:312,0
DA:313,0
DA:317,0
DA:318,3
DA:319,1
DA:321,0
DA:325,2
DA:334,6
DA:336,5
DA:337,2
DA:339,2
DA:340,1
DA:342,0
DA:346,0
DA:349,1
DA:358,1
DA:359,3
DA:362,1
DA:363,0
DA:364,0
DA:372,1
DA:373,0
DA:384,4
DA:385,1
DA:399,13
DA:402,4
DA:403,12
DA:404,3
DA:408,4
DA:409,1
DA:423,10
DA:435,3
DA:436,2
DA:438,4
DA:439,3
DA:440,3
DA:444,4
DA:445,1
DA:472,7
DA:481,2
DA:482,2
DA:484,2
DA:488,2
DA:489,1
DA:492,4
DA:493,1
DA:520,7
DA:534,1
DA:535,1
DA:536,3
DA:537,3
DA:538,3
DA:539,1
DA:543,4
DA:544,1
DA:555,3
DA:556,1
DA:558,1
DA:565,2
DA:566,1
DA:568,1
DA:569,1
DA:574,4
DA:575,1
DA:587,2
DA:588,1
DA:590,1
DA:595,1
DA:596,2
DA:597,2
DA:598,2
DA:599,2
DA:627,66
LF:200
LH:136
end_of_record
TN:
SF:/home/huolinhe/Projects/taosdata/taosx/taos-query/src/common/value/de/value.rs
FN:13,variant_seed<core::marker::PhantomData<taos_query::common::timestamp::_::{impl#0}::deserialize::__Field>>
FN:37,variant_seed<core::marker::PhantomData<taos_query::common::timestamp::_::{impl#0}::deserialize::__Field>>
FN:83,deserialize_any<taos_query::common::timestamp::_::{impl#0}::deserialize::__FieldVisitor>
FN:101,variant_seed<core::marker::PhantomData<taos_query::common::timestamp::_::{impl#0}::deserialize::__Field>>
FN:120,unit_variant
FN:124,newtype_variant_seed<core::marker::PhantomData<u64>>
FN:153,deserialize_any<serde::de::impls::{impl#49}::deserialize::PrimitiveVisitor>
FN:197,deserialize_str<serde::de::impls::StringVisitor>
FN:232,deserialize_string<serde::de::impls::StringVisitor>
FN:240,deserialize_option<serde::de::impls::OptionVisitor<u8>>
FN:252,deserialize_newtype_struct<taos_query::common::value::de::value::tests::de_newtype_struct::de_newtype_struct::_::{impl#0}::deserialize::__Visitor<i16>>
FN:302,deserialize_seq<serde::de::impls::{impl#19}::deserialize::VecVisitor<u8>>
FN:328,deserialize_enum<taos_query::common::timestamp::_::{impl#0}::deserialize::__Visitor>
FN:352,deserialize_struct<taos_query::common::value::de::value::tests::de_json::de_json::_::{impl#0}::deserialize::__Visitor>
FN:374,into_deserializer
FN:386,value_de_value
FN:387,value_de_value
FN:410,de_value_as_inner
FN:411,de_value_as_inner
FN:445,de_str
FN:446,de_str
FN:495,de_json
FN:496,de_json
FN:526,de_newtype_struct
FN:527,de_newtype_struct
FNF:25
FNDA:0,variant_seed<core::marker::PhantomData<taos_query::common::timestamp::_::{impl#0}::deserialize::__Field>>
FNDA:1,variant_seed<core::marker::PhantomData<taos_query::common::timestamp::_::{impl#0}::deserialize::__Field>>
FNDA:2,deserialize_any<taos_query::common::timestamp::_::{impl#0}::deserialize::__FieldVisitor>
FNDA:1,variant_seed<core::marker::PhantomData<taos_query::common::timestamp::_::{impl#0}::deserialize::__Field>>
FNDA:1,unit_variant
FNDA:15,newtype_variant_seed<core::marker::PhantomData<u64>>
FNDA:12,deserialize_any<serde::de::impls::{impl#49}::deserialize::PrimitiveVisitor>
FNDA:1,deserialize_str<serde::de::impls::StringVisitor>
FNDA:1,deserialize_string<serde::de::impls::StringVisitor>
FNDA:1,deserialize_option<serde::de::impls::OptionVisitor<u8>>
FNDA:9,deserialize_newtype_struct<taos_query::common::value::de::value::tests::de_newtype_struct::de_newtype_struct::_::{impl#0}::deserialize::__Visitor<i16>>
FNDA:1,deserialize_seq<serde::de::impls::{impl#19}::deserialize::VecVisitor<u8>>
FNDA:2,deserialize_enum<taos_query::common::timestamp::_::{impl#0}::deserialize::__Visitor>
FNDA:1,deserialize_struct<taos_query::common::value::de::value::tests::de_json::de_json::_::{impl#0}::deserialize::__Visitor>
FNDA:1,into_deserializer
FNDA:4,value_de_value
FNDA:1,value_de_value
FNDA:4,de_value_as_inner
FNDA:1,de_value_as_inner
FNDA:4,de_str
FNDA:1,de_str
FNDA:4,de_json
FNDA:1,de_json
FNDA:4,de_newtype_struct
FNDA:1,de_newtype_struct
DA:13,0
DA:17,0
DA:18,0
DA:19,0
DA:20,0
DA:22,0
DA:37,1
DA:43,1
DA:44,0
DA:45,0
DA:46,0
DA:48,0
DA:49,0
DA:51,2
DA:52,3
DA:53,1
DA:55,0
DA:56,1
DA:58,0
DA:59,0
DA:60,0
DA:62,0
DA:63,0
DA:83,2
DA:87,2
DA:101,1
DA:105,2
DA:107,1
DA:108,3
DA:109,1
DA:111,0
DA:112,1
DA:120,1
DA:121,1
DA:124,15
DA:128,15
DA:153,12
DA:157,36
DA:160,12
DA:161,0
DA:162,2
DA:163,2
DA:164,2
DA:165,2
DA:166,2
DA:167,2
DA:168,2
DA:169,2
DA:170,2
DA:171,2
DA:172,2
DA:173,0
DA:174,0
DA:175,2
DA:177,1
DA:178,0
DA:179,0
DA:180,0
DA:181,0
DA:183,0
DA:184,0
DA:197,1
DA:201,3
DA:203,4
DA:204,2
DA:208,0
DA:209,2
DA:210,2
DA:211,2
DA:212,2
DA:213,2
DA:214,2
DA:215,2
DA:216,2
DA:217,0
DA:218,0
DA:219,4
DA:220,1
DA:221,2
DA:222,2
DA:223,0
DA:224,0
DA:226,0
DA:227,0
DA:232,1
DA:236,3
DA:237,1
DA:240,1
DA:244,3
DA:245,2
DA:246,1
DA:248,0
DA:252,9
DA:260,27
DA:262,0
DA:263,0
DA:264,0
DA:267,9
DA:268,0
DA:269,0
DA:270,8
DA:271,8
DA:272,8
DA:273,8
DA:274,8
DA:275,8
DA:276,8
DA:277,8
DA:278,0
DA:279,0
DA:280,0
DA:281,8
DA:282,4
DA:283,0
DA:284,0
DA:285,0
DA:286,0
DA:288,0
DA:289,0
DA:298,0
DA:299,0
DA:302,1
DA:306,3
DA:308,4
DA:309,0
DA:311,0
DA:312,0
DA:314,0
DA:315,0
DA:316,0
DA:320,0
DA:321,3
DA:322,1
DA:328,2
DA:337,6
DA:339,4
DA:340,1
DA:342,2
DA:343,2
DA:345,1
DA:349,0
DA:352,1
DA:361,1
DA:362,2
DA:364,1
DA:365,0
DA:366,0
DA:374,1
DA:375,2
DA:386,4
DA:387,1
DA:401,21
DA:402,8
DA:403,4
DA:404,2
DA:405,4
DA:406,1
DA:410,4
DA:411,1
DA:424,21
DA:425,1
DA:426,1
DA:427,1
DA:428,1
DA:429,1
DA:430,1
DA:431,1
DA:432,1
DA:433,1
DA:434,1
DA:435,1
DA:436,3
DA:437,2
DA:438,1
DA:439,4
DA:440,3
DA:441,3
DA:445,4
DA:446,1
DA:473,18
DA:474,1
DA:475,1
DA:476,1
DA:477,1
DA:478,1
DA:479,1
DA:480,1
DA:481,1
DA:484,1
DA:485,1
DA:486,1
DA:487,1
DA:488,3
DA:489,3
DA:490,3
DA:491,2
DA:495,4
DA:496,1
DA:507,3
DA:508,1
DA:510,1
DA:517,2
DA:518,1
DA:520,1
DA:521,1
DA:526,4
DA:527,1
DA:539,3
DA:540,1
DA:542,2
DA:547,1
DA:548,2
DA:549,2
DA:550,2
DA:551,2
DA:579,66
LF:216
LH:155
end_of_record
TN:
SF:/home/huolinhe/Projects/taosdata/taosx/taos-query/src/common/value.rs
FN:34,ty
FN:61,is_null
FN:65,strict_as_str
FN:75,to_string
FN:100,to_value
FN:129,into_value
FN:186,fmt
FN:193,ty
FN:219,to_borrowed_value
FN:246,is_null
FN:250,strict_as_str
FN:262,to_sql_value
FN:288,to_string
FNF:13
FNDA:0,ty
FNDA:1,is_null
FNDA:0,strict_as_str
FNDA:0,to_string
FNDA:0,to_value
FNDA:0,into_value
FNDA:0,fmt
FNDA:1,ty
FNDA:0,to_borrowed_value
FNDA:1,is_null
FNDA:0,strict_as_str
FNDA:0,to_sql_value
FNDA:0,to_string
DA:34,0
DA:36,0
DA:37,0
DA:38,0
DA:39,0
DA:40,0
DA:41,0
DA:42,0
DA:43,0
DA:44,0
DA:45,0
DA:46,0
DA:47,0
DA:48,0
DA:49,0
DA:50,0
DA:51,0
DA:52,0
DA:53,0
DA:54,0
DA:55,0
DA:56,0
DA:61,1
DA:62,1
DA:65,0
DA:67,0
DA:68,0
DA:69,0
DA:70,0
DA:71,0
DA:72,0
DA:75,0
DA:77,0
DA:78,0
DA:79,0
DA:80,0
DA:81,0
DA:82,0
DA:83,0
DA:84,0
DA:85,0
DA:86,0
DA:87,0
DA:88,0
DA:89,0
DA:90,0
DA:91,0
DA:92,0
DA:93,0
DA:94,0
DA:95,0
DA:100,0
DA:102,0
DA:103,0
DA:104,0
DA:105,0
DA:106,0
DA:107,0
DA:108,0
DA:109,0
DA:110,0
DA:111,0
DA:112,0
DA:113,0
DA:114,0
DA:115,0
DA:116,0
DA:117,0
DA:118,0
DA:120,0
DA:129,0
DA:131,0
DA:132,0
DA:133,0
DA:134,0
DA:135,0
DA:136,0
DA:137,0
DA:138,0
DA:139,0
DA:140,0
DA:141,0
DA:142,0
DA:143,0
DA:144,0
DA:145,0
DA:146,0
DA:147,0
DA:149,0
DA:186,0
DA:193,1
DA:195,1
DA:196,1
DA:197,1
DA:198,1
DA:199,1
DA:200,1
DA:201,1
DA:202,1
DA:203,1
DA:204,1
DA:205,1
DA:206,1
DA:207,1
DA:208,1
DA:209,1
DA:210,1
DA:211,1
DA:212,1
DA:213,0
DA:214,1
DA:215,1
DA:219,0
DA:221,0
DA:222,0
DA:223,0
DA:224,0
DA:225,0
DA:226,0
DA:227,0
DA:228,0
DA:229,0
DA:230,0
DA:231,0
DA:232,0
DA:233,0
DA:234,0
DA:235,0
DA:236,0
DA:237,0
DA:238,0
DA:239,0
DA:240,0
DA:241,0
DA:246,1
DA:247,1
DA:250,0
DA:252,0
DA:253,0
DA:254,0
DA:255,0
DA:256,0
DA:257,0
DA:258,0
DA:262,0
DA:264,0
DA:265,0
DA:266,0
DA:267,0
DA:268,0
DA:269,0
DA:270,0
DA:271,0
DA:272,0
DA:273,0
DA:274,0
DA:275,0
DA:276,0
DA:277,0
DA:278,0
DA:279,0
DA:280,0
DA:288,0
DA:290,0
DA:291,0
DA:292,0
DA:293,0
DA:294,0
DA:295,0
DA:296,0
DA:297,0
DA:298,0
DA:299,0
DA:300,0
DA:301,0
DA:302,0
DA:303,0
DA:304,0
DA:305,0
DA:308,0
LF:180
LH:25
end_of_record
TN:
SF:/home/huolinhe/Projects/taosdata/taosx/taos-query/src/de/mod.rs
FN:28,from<&taos_query::iter::QueryRowIter<taos_query::tests::Block>>
FN:52,next_key_seed<&taos_query::iter::QueryRowIter<taos::impls::SyncBlock>, core::marker::PhantomData<taos_query::helpers::describe::{impl#4}::deserialize::Meta>>
FN:66,next_value_seed<&taos_query::iter::QueryRowIter<taos_query::tests::Block>, core::marker::PhantomData<taos_query::common::ty::Ty>>
FN:84,next_element_seed<&taos_query::iter::QueryRowIter<taos_query::tests::Block>, core::marker::PhantomData<alloc::string::String>>
FN:223,deserialize_tuple<taos_query::iter::RowInBlock<taos_query::tests::Block>, serde::de::impls::{impl#173}::deserialize::TupleVisitor<alloc::string::String, &str, u8>>
FN:247,deserialize_map<&taos_query::iter::QueryRowIter<taos_query::tests::Block>, taos_query::helpers::describe::{impl#4}::deserialize::MetaVisitor>
FN:263,deserialize_struct<&taos_query::iter::QueryRowIter<taos_query::tests::Block>, taos_query::helpers::topic::_::{impl#0}::deserialize::__Visitor>
FNF:7
FNDA:2,from<&taos_query::iter::QueryRowIter<taos_query::tests::Block>>
FNDA:0,next_key_seed<&taos_query::iter::QueryRowIter<taos::impls::SyncBlock>, core::marker::PhantomData<taos_query::helpers::describe::{impl#4}::deserialize::Meta>>
FNDA:0,next_value_seed<&taos_query::iter::QueryRowIter<taos_query::tests::Block>, core::marker::PhantomData<taos_query::common::ty::Ty>>
FNDA:5,next_element_seed<&taos_query::iter::QueryRowIter<taos_query::tests::Block>, core::marker::PhantomData<alloc::string::String>>
FNDA:2,deserialize_tuple<taos_query::iter::RowInBlock<taos_query::tests::Block>, serde::de::impls::{impl#173}::deserialize::TupleVisitor<alloc::string::String, &str, u8>>
FNDA:0,deserialize_map<&taos_query::iter::QueryRowIter<taos_query::tests::Block>, taos_query::helpers::describe::{impl#4}::deserialize::MetaVisitor>
FNDA:0,deserialize_struct<&taos_query::iter::QueryRowIter<taos_query::tests::Block>, taos_query::helpers::topic::_::{impl#0}::deserialize::__Visitor>
DA:28,2
DA:30,2
DA:41,0
DA:42,0
DA:52,0
DA:56,0
DA:57,0
DA:58,0
DA:59,0
DA:60,0
DA:62,0
DA:66,0
DA:70,0
DA:72,0
DA:73,0
DA:74,0
DA:84,5
DA:88,12
DA:89,18
DA:90,6
DA:91,0
DA:92,0
DA:93,0
DA:111,0
DA:112,0
DA:113,0
DA:114,0
DA:115,0
DA:116,0
DA:117,0
DA:133,0
DA:134,0
DA:135,0
DA:136,0
DA:137,0
DA:138,0
DA:139,0
DA:148,0
DA:155,0
DA:156,0
DA:157,0
DA:158,0
DA:159,0
DA:161,0
DA:162,0
DA:163,0
DA:166,0
DA:167,0
DA:177,0
DA:178,0
DA:179,0
DA:180,0
DA:194,0
DA:208,0
DA:209,0
DA:219,0
DA:223,2
DA:228,2
DA:241,0
DA:247,0
DA:253,0
DA:254,0
DA:263,0
DA:272,0
DA:273,0
LF:65
LH:8
end_of_record
TN:
SF:/home/huolinhe/Projects/taosdata/taosx/taos-query/src/helpers/database.rs
FN:32,vgroups
FN:39,new
FN:54,fmt
FN:98,from_str
FN:110,parse_name
FN:119,parse_props
FN:159,{closure#0}
FNF:7
FNDA:14,vgroups
FNDA:1,new
FNDA:1,fmt
FNDA:1,from_str
FNDA:1,parse_name
FNDA:1,parse_props
FNDA:3,{closure#0}
DA:32,14
DA:33,15
DA:34,14
DA:35,14
DA:39,1
DA:40,1
DA:54,1
DA:55,1
DA:57,0
DA:58,0
DA:59,0
DA:60,0
DA:61,0
DA:63,0
DA:64,0
DA:66,0
DA:68,0
DA:69,0
DA:70,0
DA:71,0
DA:73,0
DA:74,0
DA:76,0
DA:78,0
DA:79,0
DA:80,0
DA:82,0
DA:83,0
DA:84,0
DA:89,1
DA:90,0
DA:91,1
DA:98,1
DA:108,1
DA:110,1
DA:117,2
DA:119,1
DA:130,3
DA:131,3
DA:144,2
DA:151,1
DA:153,0
DA:159,3
DA:160,1
DA:162,1
DA:164,1
DA:166,1
DA:168,1
LF:48
LH:25
end_of_record
TN:
SF:/home/huolinhe/Projects/taosdata/taosx/taos-query/src/helpers/describe.rs
FN:26,sql_repr
FN:45,deref
FN:54,deref_mut
FN:63,deserialize<taos_query::de::RecordDeserializer<&taos_query::iter::QueryRowIter<taos_query::tests::Block>>>
FN:75,deserialize<serde::de::value::StrDeserializer<serde::de::value::Error>>
FN:84,expecting
FN:88,visit_str<serde::de::value::Error>
FN:111,expecting
FN:115,visit_seq<serde_json::de::SeqAccess<serde_json::read::StrRead>>
FN:121,{closure#4}<serde_json::de::SeqAccess<serde_json::read::StrRead>>
FN:124,{closure#0}<serde_json::de::SeqAccess<serde_json::read::StrRead>>
FN:125,{closure#1}<serde_json::de::SeqAccess<serde_json::read::StrRead>>
FN:128,{closure#2}<serde_json::de::SeqAccess<serde_json::read::StrRead>>
FN:131,{closure#3}<serde_json::de::SeqAccess<serde_json::read::StrRead>>
FN:140,visit_map<serde_json::de::MapAccess<serde_json::read::StrRead>>
FN:178,{closure#0}<serde_json::de::MapAccess<serde_json::read::StrRead>>
FN:179,{closure#1}<taos_query::de::RecordDeserializer<&taos_query::iter::QueryRowIter<taos_query::tests::Block>>>
FN:180,{closure#2}<taos_query::de::RecordDeserializer<&taos_query::iter::QueryRowIter<taos_query::tests::Block>>>
FN:182,{closure#3}<taos_query::de::RecordDeserializer<&taos_query::iter::QueryRowIter<taos_query::tests::Block>>>
FN:196,field
FN:201,ty
FN:206,length
FN:211,note
FN:217,is_tag
FN:223,serde_meta
FNF:25
FNDA:0,sql_repr
FNDA:0,deref
FNDA:0,deref_mut
FNDA:1,deserialize<taos_query::de::RecordDeserializer<&taos_query::iter::QueryRowIter<taos_query::tests::Block>>>
FNDA:1,deserialize<serde::de::value::StrDeserializer<serde::de::value::Error>>
FNDA:0,expecting
FNDA:1,visit_str<serde::de::value::Error>
FNDA:0,expecting
FNDA:0,visit_seq<serde_json::de::SeqAccess<serde_json::read::StrRead>>
FNDA:0,{closure#4}<serde_json::de::SeqAccess<serde_json::read::StrRead>>
FNDA:0,{closure#0}<serde_json::de::SeqAccess<serde_json::read::StrRead>>
FNDA:0,{closure#1}<serde_json::de::SeqAccess<serde_json::read::StrRead>>
FNDA:0,{closure#2}<serde_json::de::SeqAccess<serde_json::read::StrRead>>
FNDA:0,{closure#3}<serde_json::de::SeqAccess<serde_json::read::StrRead>>
FNDA:1,visit_map<serde_json::de::MapAccess<serde_json::read::StrRead>>
FNDA:1,{closure#0}<serde_json::de::MapAccess<serde_json::read::StrRead>>
FNDA:2,{closure#1}<taos_query::de::RecordDeserializer<&taos_query::iter::QueryRowIter<taos_query::tests::Block>>>
FNDA:2,{closure#2}<taos_query::de::RecordDeserializer<&taos_query::iter::QueryRowIter<taos_query::tests::Block>>>
FNDA:2,{closure#3}<taos_query::de::RecordDeserializer<&taos_query::iter::QueryRowIter<taos_query::tests::Block>>>
FNDA:0,field
FNDA:0,ty
FNDA:0,length
FNDA:0,note
FNDA:0,is_tag
FNDA:3,serde_meta
DA:26,0
DA:27,0
DA:28,0
DA:29,0
DA:31,0
DA:45,0
DA:46,0
DA:47,0
DA:48,0
DA:54,0
DA:55,0
DA:56,0
DA:57,0
DA:63,1
DA:74,0
DA:75,1
DA:81,0
DA:82,0
DA:84,0
DA:85,0
DA:88,1
DA:92,2
DA:93,2
DA:94,3
DA:95,3
DA:96,3
DA:97,0
DA:102,1
DA:108,0
DA:109,0
DA:111,0
DA:112,0
DA:115,0
DA:119,0
DA:120,0
DA:121,0
DA:122,0
DA:124,0
DA:125,0
DA:126,0
DA:128,0
DA:129,0
DA:131,0
DA:132,0
DA:133,0
DA:134,0
DA:136,0
DA:140,1
DA:144,1
DA:145,1
DA:146,1
DA:147,1
DA:148,4
DA:149,1
DA:150,1
DA:151,2
DA:152,0
DA:154,2
DA:156,0
DA:157,2
DA:158,0
DA:160,2
DA:161,1
DA:163,1
DA:164,2
DA:165,0
DA:167,2
DA:169,0
DA:170,1
DA:171,0
DA:173,2
DA:174,3
DA:178,1
DA:179,2
DA:180,2
DA:181,1
DA:182,2
DA:183,1
DA:184,1
DA:186,0
DA:192,1
DA:196,0
DA:197,0
DA:198,0
DA:201,0
DA:202,0
DA:203,0
DA:206,0
DA:207,0
DA:208,0
DA:211,0
DA:212,0
DA:213,0
DA:214,0
DA:217,0
DA:218,0
DA:223,3
DA:224,1
DA:225,1
DA:230,2
DA:232,2
DA:234,2
LF:102
LH:42
end_of_record
TN:
SF:/home/huolinhe/Projects/taosdata/taosx/taos-query/src/helpers/topic.rs
FN:20,name
FN:25,db_name
FN:30,create_time
FN:35,sql
FN:40,is_db_topic
FN:44,is_stable_topic
FNF:6
FNDA:0,name
FNDA:0,db_name
FNDA:0,create_time
FNDA:0,sql
FNDA:0,is_db_topic
FNDA:0,is_stable_topic
DA:20,0
DA:21,0
DA:25,0
DA:26,0
DA:30,0
DA:31,0
DA:35,0
DA:36,0
DA:40,0
DA:41,0
DA:44,0
DA:45,0
LF:12
LH:0
end_of_record
TN:
SF:/home/huolinhe/Projects/taosdata/taosx/taos-query/src/insert/mod.rs
FN:28,name<i32>
FN:46,obj
FN:47,t1
FN:52,insert_named
FNF:4
FNDA:2,name<i32>
FNDA:3,obj
FNDA:2,t1
FNDA:2,insert_named
DA:28,2
DA:29,2
DA:46,3
DA:47,2
DA:49,1
DA:50,2
DA:52,2
DA:54,1
DA:55,2
DA:57,2
DA:58,1
LF:11
LH:11
end_of_record
TN:
SF:/home/huolinhe/Projects/taosdata/taosx/taos-query/src/iter/mod.rs
FN:12,next<taos::impls::SyncBlock>
FN:37,into_iter<taos::impls::SyncBlock>
FN:56,new<taos::impls::SyncBlock>
FN:67,next<taos::impls::SyncBlock>
FN:92,new<taos::impls::SyncBlock>
FN:113,into_iter<taos_query::tests::Block>
FN:128,next<taos_query::tests::Block>
FN:151,new<taos_query::tests::Block>
FNF:8
FNDA:2,next<taos::impls::SyncBlock>
FNDA:2,into_iter<taos::impls::SyncBlock>
FNDA:2,new<taos::impls::SyncBlock>
FNDA:2,next<taos::impls::SyncBlock>
FNDA:0,new<taos::impls::SyncBlock>
FNDA:0,into_iter<taos_query::tests::Block>
FNDA:0,next<taos_query::tests::Block>
FNDA:0,new<taos_query::tests::Block>
DA:12,2
DA:13,2
DA:14,2
DA:15,2
DA:16,4
DA:18,0
DA:37,2
DA:39,0
DA:40,0
DA:56,2
DA:67,2
DA:68,2
DA:70,6
DA:71,2
DA:72,2
DA:73,2
DA:74,0
DA:77,2
DA:92,0
DA:94,0
DA:113,0
DA:115,0
DA:116,0
DA:128,0
DA:129,0
DA:131,0
DA:132,0
DA:133,0
DA:134,0
DA:135,0
DA:138,0
DA:151,0
DA:162,0
DA:163,0
DA:164,0
DA:167,0
DA:168,0
DA:169,0
LF:38
LH:14
end_of_record
TN:
SF:/home/huolinhe/Projects/taosdata/taosx/taos-query/src/lib.rs
FN:51,field_count<taos::impls::SyncBlock>
FN:64,get_field_unchecked<taos_query::tests::Block>
FN:69,get_field<taos_query::tests::Block>
FN:81,iter_rows<taos_query::tests::Block>
FN:86,into_iter_rows<taos_query::tests::Block>
FN:91,columns_iter<taos_query::tests::Block>
FN:95,to_records<taos_query::tests::Block>
FN:97,{closure#0}<taos_query::tests::Block>
FN:104,deserialize<taos_query::tests::Block, (i32, &str, u8)>
FN:108,{closure#0}<taos_query::tests::Block, (i32, &str, u8)>
FN:117,deserialize_into<taos_query::tests::Block, (i32, alloc::string::String, u8)>
FN:123,{closure#0}<taos_query::tests::Block, (i32, alloc::string::String, u8)>
FN:130,deserialize_into_vec<taos_query::tests::Block, taos_query::helpers::describe::ColumnMeta>
FN:138,rows_stream<taos_query::tests::Block>
FN:143,into_rows_stream<taos_query::tests::Block>
FN:148,deserialize_stream<taos_query::tests::Block, (alloc::string::String, &str, u8)>
FN:170,num_of_fields<taos_query::tests::MyResultSet>
FN:176,blocks_iter<taos_query::tests::MyResultSet>
FN:180,to_rows_vec<taos_query::tests::MyResultSet>
FN:182,{closure#0}<taos_query::tests::MyResultSet>
FN:186,rows_iter<taos_query::tests::MyResultSet>
FN:193,{closure#0}<taos_query::tests::MyResultSet>
FN:196,deserialize<taos_query::tests::MyResultSet, taos_query::helpers::topic::Topic>
FN:206,{closure#0}<taos_query::tests::MyResultSet, (i32, alloc::string::String, u8)>
FN:222,exec<taos::Taos, alloc::string::String>
FN:223,{closure#0}<taos::Taos, alloc::string::String>
FN:273,databases<taos_query::tests::Conn>
FN:285,topics<taos_query::tests::Conn>
FN:292,describe<taos_query::tests::Conn>
FN:316,num_of_fields<taos::impls::ResultSet>
FN:322,blocks_iter<taos::impls::ResultSet>
FN:328,into_blocks<taos::impls::ResultSet>
FN:333,to_records<taos::impls::ResultSet>
FN:335,{closure#0}<taos::impls::ResultSet>
FN:339,deserialize_stream<taos::impls::ResultSet, taos_query::helpers::describe::ColumnMeta>
FN:354,{closure#0}<taos::impls::ResultSet, taos_query::helpers::database::ShowDatabase>
FN:449,{async_block#0}<taos::Taos>
FN:464,{async_block#0}<taos::Taos>
FN:473,{async_block#0}<taos::Taos>
FN:678,num_of_rows
FN:682,fields
FN:694,precision
FN:698,is_null
FN:702,field_count
FN:706,cell_unchecked
FN:721,get_col_unchecked
FN:729,next
FN:742,fields
FN:746,precision
FN:750,summary
FN:754,affected_rows
FN:767,query<alloc::string::String>
FN:771,exec<&str>
FN:776,query_deserialize
FN:789,block_deserialize_borrowed
FN:803,block_deserialize_borrowed_bytes
FN:818,block_deserialize_borrowed_bytes_stream
FN:839,with_iter
FNF:58
FNDA:0,field_count<taos::impls::SyncBlock>
FNDA:2,get_field_unchecked<taos_query::tests::Block>
FNDA:0,get_field<taos_query::tests::Block>
FNDA:2,iter_rows<taos_query::tests::Block>
FNDA:0,into_iter_rows<taos_query::tests::Block>
FNDA:0,columns_iter<taos_query::tests::Block>
FNDA:0,to_records<taos_query::tests::Block>
FNDA:0,{closure#0}<taos_query::tests::Block>
FNDA:2,deserialize<taos_query::tests::Block, (i32, &str, u8)>
FNDA:4,{closure#0}<taos_query::tests::Block, (i32, &str, u8)>
FNDA:0,deserialize_into<taos_query::tests::Block, (i32, alloc::string::String, u8)>
FNDA:0,{closure#0}<taos_query::tests::Block, (i32, alloc::string::String, u8)>
FNDA:0,deserialize_into_vec<taos_query::tests::Block, taos_query::helpers::describe::ColumnMeta>
FNDA:0,rows_stream<taos_query::tests::Block>
FNDA:0,into_rows_stream<taos_query::tests::Block>
FNDA:0,deserialize_stream<taos_query::tests::Block, (alloc::string::String, &str, u8)>
FNDA:0,num_of_fields<taos_query::tests::MyResultSet>
FNDA:0,blocks_iter<taos_query::tests::MyResultSet>
FNDA:0,to_rows_vec<taos_query::tests::MyResultSet>
FNDA:0,{closure#0}<taos_query::tests::MyResultSet>
FNDA:0,rows_iter<taos_query::tests::MyResultSet>
FNDA:0,{closure#0}<taos_query::tests::MyResultSet>
FNDA:1,deserialize<taos_query::tests::MyResultSet, taos_query::helpers::topic::Topic>
FNDA:1,{closure#0}<taos_query::tests::MyResultSet, (i32, alloc::string::String, u8)>
FNDA:0,exec<taos::Taos, alloc::string::String>
FNDA:0,{closure#0}<taos::Taos, alloc::string::String>
FNDA:0,databases<taos_query::tests::Conn>
FNDA:0,topics<taos_query::tests::Conn>
FNDA:0,describe<taos_query::tests::Conn>
FNDA:0,num_of_fields<taos::impls::ResultSet>
FNDA:0,blocks_iter<taos::impls::ResultSet>
FNDA:0,into_blocks<taos::impls::ResultSet>
FNDA:0,to_records<taos::impls::ResultSet>
FNDA:0,{closure#0}<taos::impls::ResultSet>
FNDA:0,deserialize_stream<taos::impls::ResultSet, taos_query::helpers::describe::ColumnMeta>
FNDA:0,{closure#0}<taos::impls::ResultSet, taos_query::helpers::database::ShowDatabase>
FNDA:0,{async_block#0}<taos::Taos>
FNDA:0,{async_block#0}<taos::Taos>
FNDA:0,{async_block#0}<taos::Taos>
FNDA:2,num_of_rows
FNDA:2,fields
FNDA:0,precision
FNDA:0,is_null
FNDA:2,field_count
FNDA:2,cell_unchecked
FNDA:0,get_col_unchecked
FNDA:2,next
FNDA:0,fields
FNDA:0,precision
FNDA:0,summary
FNDA:0,affected_rows
FNDA:2,query<alloc::string::String>
FNDA:1,exec<&str>
FNDA:3,query_deserialize
FNDA:3,block_deserialize_borrowed
FNDA:3,block_deserialize_borrowed_bytes
FNDA:6,block_deserialize_borrowed_bytes_stream
FNDA:3,with_iter
DA:51,0
DA:52,0
DA:64,2
DA:65,2
DA:69,0
DA:70,0
DA:81,2
DA:82,2
DA:86,0
DA:87,0
DA:91,0
DA:92,0
DA:95,0
DA:96,0
DA:97,0
DA:104,2
DA:108,4
DA:109,2
DA:110,2
DA:117,0
DA:123,0
DA:124,0
DA:125,0
DA:130,0
DA:134,0
DA:138,0
DA:139,0
DA:143,0
DA:144,0
DA:148,0
DA:152,0
DA:170,0
DA:171,0
DA:176,0
DA:177,0
DA:180,0
DA:181,0
DA:182,0
DA:186,0
DA:193,0
DA:196,1
DA:206,1
DA:222,0
DA:223,0
DA:230,0
DA:232,0
DA:233,0
DA:234,0
DA:235,0
DA:243,0
DA:246,0
DA:254,0
DA:255,0
DA:257,0
DA:258,0
DA:266,0
DA:267,0
DA:269,0
DA:270,0
DA:273,0
DA:274,0
DA:277,0
DA:285,0
DA:286,0
DA:289,0
DA:292,0
DA:293,0
DA:294,0
DA:295,0
DA:296,0
DA:316,0
DA:317,0
DA:322,0
DA:323,0
DA:328,0
DA:329,0
DA:333,0
DA:334,0
DA:335,0
DA:339,0
DA:353,0
DA:354,0
DA:375,0
DA:376,0
DA:377,0
DA:378,0
DA:387,0
DA:388,0
DA:389,0
DA:391,0
DA:414,0
DA:415,0
DA:419,0
DA:422,0
DA:430,0
DA:431,0
DA:433,0
DA:434,0
DA:442,0
DA:443,0
DA:445,0
DA:446,0
DA:449,0
DA:451,0
DA:452,0
DA:453,0
DA:454,0
DA:455,0
DA:456,0
DA:464,0
DA:465,0
DA:466,0
DA:467,0
DA:468,0
DA:469,0
DA:470,0
DA:473,0
DA:474,0
DA:475,0
DA:476,0
DA:477,0
DA:478,0
DA:479,0
DA:483,0
DA:484,0
DA:491,0
DA:522,0
DA:524,0
DA:528,0
DA:536,0
DA:537,0
DA:539,0
DA:540,0
DA:541,0
DA:547,0
DA:548,0
DA:549,0
DA:553,0
DA:554,0
DA:555,0
DA:560,0
DA:561,0
DA:566,0
DA:567,0
DA:576,0
DA:589,0
DA:590,0
DA:594,0
DA:595,0
DA:599,0
DA:600,0
DA:624,0
DA:640,0
DA:653,0
DA:659,0
DA:666,0
DA:667,0
DA:678,2
DA:679,0
DA:682,2
DA:683,0
DA:685,2
DA:686,4
DA:687,2
DA:688,2
DA:690,2
DA:694,0
DA:695,0
DA:698,0
DA:699,0
DA:702,2
DA:703,0
DA:706,2
DA:707,2
DA:708,2
DA:709,2
DA:710,2
DA:712,4
DA:713,2
DA:714,2
DA:715,2
DA:717,0
DA:721,0
DA:729,2
DA:730,0
DA:731,3
DA:732,2
DA:734,2
DA:736,1
DA:742,0
DA:746,0
DA:750,0
DA:754,0
DA:767,2
DA:768,2
DA:771,1
DA:772,1
DA:776,3
DA:779,1
DA:780,1
DA:782,2
DA:784,1
DA:785,0
DA:789,3
DA:792,1
DA:793,1
DA:795,2
DA:796,2
DA:797,3
DA:798,1
DA:803,3
DA:806,1
DA:807,1
DA:809,2
DA:811,2
DA:812,3
DA:813,1
DA:818,6
DA:821,2
DA:822,1
DA:824,2
DA:828,3
DA:829,0
DA:831,0
DA:834,0
DA:839,3
DA:842,1
DA:843,1
DA:845,2
DA:847,1
DA:849,0
DA:850,0
DA:851,0
LF:233
LH:65
end_of_record
TN:
SF:/home/huolinhe/Projects/taosdata/taosx/taos-query/src/util/inline_bytes.rs
FN:15,fmt
FN:24,fmt
FN:30,as_ref
FN:37,from_ptr
FN:42,as_bytes
FN:47,printable
FN:52,len
FN:57,encode
FN:83,{closure#0}
FNF:9
FNDA:4,fmt
FNDA:4,fmt
FNDA:4,as_ref
FNDA:4,from_ptr
FNDA:4,as_bytes
FNDA:4,printable
FNDA:4,len
FNDA:4,encode
FNDA:3,{closure#0}
DA:15,4
DA:16,12
DA:17,4
DA:18,4
DA:24,4
DA:25,8
DA:30,4
DA:31,4
DA:37,4
DA:38,4
DA:42,4
DA:43,4
DA:47,4
DA:48,12
DA:52,4
DA:53,4
DA:57,4
DA:58,4
DA:59,4
DA:60,8
DA:61,4
DA:83,3
DA:84,2
DA:85,1
DA:86,1
DA:87,1
LF:26
LH:26
end_of_record
TN:
SF:/home/huolinhe/Projects/taosdata/taosx/taos-query/src/util/inline_str.rs
FN:80,fmt
FN:90,fmt
FN:97,as_ref
FN:104,write_inlined<&mut alloc::vec::Vec<u8, alloc::alloc::Global>>
FN:117,from_ptr
FN:122,as_bytes
FN:127,as_str
FN:132,len
FN:155,{closure#0}
FNF:9
FNDA:4,fmt
FNDA:4,fmt
FNDA:4,as_ref
FNDA:4,write_inlined<&mut alloc::vec::Vec<u8, alloc::alloc::Global>>
FNDA:4,from_ptr
FNDA:4,as_bytes
FNDA:4,as_str
FNDA:4,len
FNDA:3,{closure#0}
DA:80,4
DA:81,12
DA:82,4
DA:83,4
DA:90,4
DA:91,4
DA:97,4
DA:98,4
DA:104,4
DA:105,8
DA:106,12
DA:117,4
DA:118,4
DA:122,4
DA:123,4
DA:127,4
DA:128,4
DA:132,4
DA:133,4
DA:155,3
DA:156,2
DA:157,1
DA:158,1
DA:159,1
LF:24
LH:24
end_of_record
TN:
SF:/home/huolinhe/Projects/taosdata/taosx/taos-query/src/util/mod.rs
FN:15,write_len_with_width<&mut alloc::vec::Vec<u8, alloc::alloc::Global>, 4>
FN:22,write_u8<&mut alloc::vec::Vec<u8, alloc::alloc::Global>>
FN:29,write_u16<&mut alloc::vec::Vec<u8, alloc::alloc::Global>>
FN:36,write_u32<&mut alloc::vec::Vec<u8, alloc::alloc::Global>>
FN:43,write_u64<&mut alloc::vec::Vec<u8, alloc::alloc::Global>>
FN:70,write_inlined_bytes<&mut alloc::vec::Vec<u8, alloc::alloc::Global>, 2>
FN:77,write_inlined_str<&mut &mut alloc::vec::Vec<u8, alloc::alloc::Global>, 2>
FN:83,write_inlinable<&mut alloc::vec::Vec<u8, alloc::alloc::Global>, taos_query::common::field::Field>
FN:106,read_len_with_width<&mut &[u8], 2>
FN:131,read_u8<&[u8]>
FN:136,read_u16<&[u8]>
FN:142,read_u32<&[u8]>
FN:171,read_inlined_bytes<&mut &[u8], 2>
FN:190,read_inlined_str<&[u8], 1>
FN:191,{closure#0}<&[u8], 1>
FN:193,{closure#0}<&[u8], 1>
FN:199,read_inlinable<&[u8], taos_query::common::field::Field>
FN:216,inlined<taos_query::common::raw::inner::RawBlock>
FN:225,printable_inlined<taos_query::common::raw::inner::RawBlock>
FN:232,write_inlined<&mut alloc::vec::Vec<u8, alloc::alloc::Global>>
FN:244,write_inlined<&mut alloc::vec::Vec<u8, alloc::alloc::Global>>
FN:256,write_inlined<&mut alloc::vec::Vec<u8, alloc::alloc::Global>>
FN:268,write_inlined<&mut alloc::vec::Vec<u8, alloc::alloc::Global>>
FN:279,{closure#0}
FNF:24
FNDA:1,write_len_with_width<&mut alloc::vec::Vec<u8, alloc::alloc::Global>, 4>
FNDA:1,write_u8<&mut alloc::vec::Vec<u8, alloc::alloc::Global>>
FNDA:0,write_u16<&mut alloc::vec::Vec<u8, alloc::alloc::Global>>
FNDA:0,write_u32<&mut alloc::vec::Vec<u8, alloc::alloc::Global>>
FNDA:0,write_u64<&mut alloc::vec::Vec<u8, alloc::alloc::Global>>
FNDA:3,write_inlined_bytes<&mut alloc::vec::Vec<u8, alloc::alloc::Global>, 2>
FNDA:0,write_inlined_str<&mut &mut alloc::vec::Vec<u8, alloc::alloc::Global>, 2>
FNDA:0,write_inlinable<&mut alloc::vec::Vec<u8, alloc::alloc::Global>, taos_query::common::field::Field>
FNDA:3,read_len_with_width<&mut &[u8], 2>
FNDA:1,read_u8<&[u8]>
FNDA:0,read_u16<&[u8]>
FNDA:1,read_u32<&[u8]>
FNDA:3,read_inlined_bytes<&mut &[u8], 2>
FNDA:2,read_inlined_str<&[u8], 1>
FNDA:4,{closure#0}<&[u8], 1>
FNDA:0,{closure#0}<&[u8], 1>
FNDA:0,read_inlinable<&[u8], taos_query::common::field::Field>
FNDA:6,inlined<taos_query::common::raw::inner::RawBlock>
FNDA:5,printable_inlined<taos_query::common::raw::inner::RawBlock>
FNDA:0,write_inlined<&mut alloc::vec::Vec<u8, alloc::alloc::Global>>
FNDA:0,write_inlined<&mut alloc::vec::Vec<u8, alloc::alloc::Global>>
FNDA:0,write_inlined<&mut alloc::vec::Vec<u8, alloc::alloc::Global>>
FNDA:0,write_inlined<&mut alloc::vec::Vec<u8, alloc::alloc::Global>>
FNDA:3,{closure#0}
DA:15,1
DA:16,1
DA:17,1
DA:22,1
DA:23,1
DA:24,1
DA:29,0
DA:30,0
DA:31,0
DA:36,0
DA:37,0
DA:38,0
DA:43,0
DA:44,0
DA:45,0
DA:50,0
DA:51,0
DA:52,0
DA:70,3
DA:71,3
DA:72,9
DA:77,0
DA:78,0
DA:83,0
DA:84,0
DA:106,3
DA:107,3
DA:108,3
DA:109,3
DA:110,2
DA:111,2
DA:112,2
DA:113,0
DA:116,3
DA:119,0
DA:120,0
DA:121,0
DA:122,0
DA:125,0
DA:126,0
DA:127,0
DA:128,0
DA:131,1
DA:132,1
DA:133,1
DA:134,2
DA:136,0
DA:137,0
DA:138,0
DA:139,0
DA:142,1
DA:143,1
DA:144,1
DA:145,2
DA:148,0
DA:149,0
DA:150,0
DA:151,0
DA:154,0
DA:155,0
DA:156,0
DA:157,0
DA:171,3
DA:172,3
DA:173,3
DA:174,3
DA:175,3
DA:176,3
DA:190,2
DA:191,4
DA:192,2
DA:193,0
DA:199,0
DA:200,0
DA:216,6
DA:217,6
DA:218,12
DA:220,0
DA:225,5
DA:226,10
DA:232,0
DA:233,0
DA:237,0
DA:238,0
DA:244,0
DA:245,0
DA:249,0
DA:250,0
DA:256,0
DA:257,0
DA:261,0
DA:262,0
DA:268,0
DA:269,0
DA:273,0
DA:274,0
DA:279,3
DA:280,1
DA:281,1
DA:282,1
DA:283,1
DA:284,2
DA:286,2
DA:287,2
DA:288,1
LF:105
LH:48
end_of_record
TN:
SF:/home/huolinhe/Projects/taosdata/taosx/taos-sys/build.rs
FNF:0
DA:17,0
DA:18,0
DA:19,0
DA:20,0
DA:21,0
DA:22,0
DA:23,0
DA:24,0
DA:25,0
DA:26,0
DA:27,0
DA:28,0
DA:30,0
DA:31,0
DA:32,0
DA:33,0
DA:34,0
DA:35,0
DA:36,0
DA:39,0
DA:41,0
LF:21
LH:0
end_of_record
TN:
SF:/home/huolinhe/Projects/taosdata/taosx/taos-sys/src/ffi.rs
FN:33,taos_parse_time
FN:193,taos_result_block
FNF:2
FNDA:0,taos_parse_time
FNDA:0,taos_result_block
DA:31,0
DA:33,0
DA:191,0
DA:193,0
LF:4
LH:0
end_of_record
TN:
SF:/home/huolinhe/Projects/taosdata/taosx/taos-sys/src/into_c_str.rs
FN:13,into_c_str
FN:26,into_c_str
FN:36,into_c_str
FN:42,into_c_str
FN:51,into_c_str
FN:65,as_ptr
FN:99,into_nullable_c_str<alloc::string::String>
FN:105,into_nullable_c_str
FN:114,from<&core::option::Option<alloc::string::String>>
FN:122,into_nullable_c_str
FNF:10
FNDA:0,into_c_str
FNDA:0,into_c_str
FNDA:0,into_c_str
FNDA:0,into_c_str
FNDA:0,into_c_str
FNDA:0,as_ptr
FNDA:0,into_nullable_c_str<alloc::string::String>
FNDA:0,into_nullable_c_str
FNDA:0,from<&core::option::Option<alloc::string::String>>
FNDA:0,into_nullable_c_str
DA:13,0
DA:14,0
DA:26,0
DA:27,0
DA:36,0
DA:37,0
DA:42,0
DA:43,0
DA:44,0
DA:51,0
DA:52,0
DA:65,0
DA:66,0
DA:67,0
DA:68,0
DA:81,0
DA:82,0
DA:90,0
DA:91,0
DA:99,0
DA:100,0
DA:105,0
DA:106,0
DA:114,0
DA:115,0
DA:122,0
DA:123,0
DA:124,0
DA:126,0
LF:29
LH:0
end_of_record
TN:
SF:/home/huolinhe/Projects/taosdata/taosx/taos-sys/src/lib.rs
FN:65,drop
FN:72,version
FN:77,connect
FN:107,connect_auth
FN:128,as_ptr
FN:133,query<&str>
FN:139,query_a
FN:144,validate_sql
FN:156,reset_current_db
FN:161,server_version
FN:166,load_table_info
FN:171,close
FN:193,deref
FN:199,new
FN:203,from_ptr_with_code
FN:207,raw
FN:215,drop
FN:228,as_ptr
FN:233,errno
FN:237,errstr
FN:241,err_as_str
FN:248,from_ptr
FN:255,from_ptr_unchecked
FN:263,from_ptr_with_code
FN:268,with_code
FN:277,num_fields
FN:281,fields
FN:289,fetch_fields
FN:295,fetch_lengths
FN:299,fetch_lengths_raw
FN:304,fetch_block
FN:319,get_column_data_offset
FN:324,fetch_raw_block
FN:335,is_update_query
FN:340,is_null
FN:345,stop_query
FN:350,select_db
FN:355,affected_rows
FN:360,field_count
FN:365,free_result
FN:370,precision
FN:375,fetch_row
FN:380,fetch_rows_a
FN:385,block
FN:390,tmq_topic_name
FN:401,tmq_vgroup_id
FN:413,tmq_table_name
FN:424,tmq_db_name
FNF:48
FNDA:0,drop
FNDA:0,version
FNDA:0,connect
FNDA:0,connect_auth
FNDA:0,as_ptr
FNDA:0,query<&str>
FNDA:0,query_a
FNDA:0,validate_sql
FNDA:0,reset_current_db
FNDA:0,server_version
FNDA:0,load_table_info
FNDA:0,close
FNDA:0,deref
FNDA:0,new
FNDA:0,from_ptr_with_code
FNDA:0,raw
FNDA:0,drop
FNDA:0,as_ptr
FNDA:0,errno
FNDA:0,errstr
FNDA:0,err_as_str
FNDA:0,from_ptr
FNDA:0,from_ptr_unchecked
FNDA:0,from_ptr_with_code
FNDA:0,with_code
FNDA:0,num_fields
FNDA:0,fields
FNDA:0,fetch_fields
FNDA:0,fetch_lengths
FNDA:0,fetch_lengths_raw
FNDA:0,fetch_block
FNDA:0,get_column_data_offset
FNDA:0,fetch_raw_block
FNDA:0,is_update_query
FNDA:0,is_null
FNDA:0,stop_query
FNDA:0,select_db
FNDA:0,affected_rows
FNDA:0,field_count
FNDA:0,free_result
FNDA:0,precision
FNDA:0,fetch_row
FNDA:0,fetch_rows_a
FNDA:0,block
FNDA:0,tmq_topic_name
FNDA:0,tmq_vgroup_id
FNDA:0,tmq_table_name
FNDA:0,tmq_db_name
DA:65,0
DA:66,0
DA:72,0
DA:73,0
DA:77,0
DA:84,0
DA:85,0
DA:86,0
DA:87,0
DA:88,0
DA:91,0
DA:92,0
DA:95,0
DA:96,0
DA:97,0
DA:98,0
DA:101,0
DA:103,0
DA:107,0
DA:114,0
DA:115,0
DA:116,0
DA:117,0
DA:118,0
DA:121,0
DA:123,0
DA:128,0
DA:129,0
DA:133,0
DA:134,0
DA:135,0
DA:139,0
DA:140,0
DA:144,0
DA:145,0
DA:146,0
DA:147,0
DA:149,0
DA:150,0
DA:151,0
DA:156,0
DA:157,0
DA:161,0
DA:162,0
DA:166,0
DA:167,0
DA:171,0
DA:172,0
DA:193,0
DA:194,0
DA:199,0
DA:200,0
DA:203,0
DA:204,0
DA:207,0
DA:208,0
DA:215,0
DA:216,0
DA:217,0
DA:219,0
DA:228,0
DA:229,0
DA:233,0
DA:234,0
DA:237,0
DA:238,0
DA:241,0
DA:243,0
DA:248,0
DA:249,0
DA:250,0
DA:251,0
DA:255,0
DA:258,0
DA:263,0
DA:264,0
DA:268,0
DA:269,0
DA:270,0
DA:272,0
DA:277,0
DA:278,0
DA:281,0
DA:282,0
DA:283,0
DA:284,0
DA:286,0
DA:289,0
DA:290,0
DA:291,0
DA:295,0
DA:296,0
DA:299,0
DA:300,0
DA:304,0
DA:305,0
DA:306,0
DA:307,0
DA:308,0
DA:309,0
DA:310,0
DA:311,0
DA:313,0
DA:319,0
DA:320,0
DA:324,0
DA:325,0
DA:326,0
DA:327,0
DA:328,0
DA:329,0
DA:330,0
DA:335,0
DA:336,0
DA:340,0
DA:341,0
DA:345,0
DA:346,0
DA:350,0
DA:351,0
DA:355,0
DA:356,0
DA:360,0
DA:361,0
DA:365,0
DA:366,0
DA:370,0
DA:371,0
DA:375,0
DA:376,0
DA:380,0
DA:381,0
DA:385,0
DA:386,0
DA:390,0
DA:392,0
DA:393,0
DA:394,0
DA:396,0
DA:401,0
DA:403,0
DA:404,0
DA:405,0
DA:407,0
DA:413,0
DA:415,0
DA:416,0
DA:417,0
DA:419,0
DA:424,0
DA:426,0
DA:427,0
DA:428,0
DA:430,0
LF:154
LH:0
end_of_record
TN:
SF:/home/huolinhe/Projects/taosdata/taosx/taos-sys/src/stmt/bind.rs
FNF:0
DA:5,0
DA:6,0
DA:14,0
DA:15,0
DA:16,0
DA:17,0
DA:21,0
DA:22,0
DA:23,0
DA:24,0
DA:25,0
DA:26,0
DA:27,0
DA:28,0
DA:29,0
DA:30,0
DA:31,0
DA:32,0
DA:33,0
DA:34,0
DA:35,0
DA:36,0
DA:38,0
DA:48,0
DA:49,0
DA:50,0
DA:51,0
DA:55,0
DA:56,0
DA:57,0
DA:58,0
DA:59,0
DA:60,0
DA:61,0
DA:62,0
DA:63,0
DA:64,0
DA:65,0
DA:66,0
DA:67,0
DA:68,0
DA:69,0
DA:70,0
DA:72,0
DA:78,0
DA:79,0
DA:80,0
DA:81,0
DA:85,0
DA:86,0
DA:89,0
DA:90,0
DA:91,0
DA:92,0
DA:93,0
DA:94,0
DA:95,0
DA:96,0
DA:97,0
DA:98,0
DA:99,0
DA:100,0
DA:101,0
DA:102,0
DA:103,0
DA:104,0
DA:106,0
LF:67
LH:0
end_of_record
TN:
SF:/home/huolinhe/Projects/taosdata/taosx/taos-sys/src/stmt/mod.rs
FN:17,drop
FN:35,as_ptr
FN:40,errstr
FN:45,err_as_str
FN:54,from_raw_taos
FN:58,close
FN:95,use_result
FN:100,affected_rows
FN:105,execute
FN:110,add_batch
FN:115,is_insert
FN:125,num_params
FN:135,get_param
FN:144,bind_param
FN:149,bind_param_batch
FN:157,bind_single_param_batch
FNF:16
FNDA:0,drop
FNDA:0,as_ptr
FNDA:0,errstr
FNDA:0,err_as_str
FNDA:0,from_raw_taos
FNDA:0,close
FNDA:0,use_result
FNDA:0,affected_rows
FNDA:0,execute
FNDA:0,add_batch
FNDA:0,is_insert
FNDA:0,num_params
FNDA:0,get_param
FNDA:0,bind_param
FNDA:0,bind_param_batch
FNDA:0,bind_single_param_batch
DA:17,0
DA:18,0
DA:24,0
DA:25,0
DA:27,0
DA:28,0
DA:30,0
DA:35,0
DA:36,0
DA:40,0
DA:41,0
DA:45,0
DA:47,0
DA:54,0
DA:55,0
DA:58,0
DA:59,0
DA:63,0
DA:64,0
DA:65,0
DA:66,0
DA:75,0
DA:76,0
DA:77,0
DA:78,0
DA:79,0
DA:85,0
DA:86,0
DA:90,0
DA:91,0
DA:95,0
DA:96,0
DA:100,0
DA:101,0
DA:105,0
DA:106,0
DA:110,0
DA:111,0
DA:115,0
DA:116,0
DA:117,0
DA:118,0
DA:119,0
DA:120,0
DA:125,0
DA:126,0
DA:127,0
DA:128,0
DA:129,0
DA:130,0
DA:135,0
DA:136,0
DA:137,0
DA:138,0
DA:139,0
DA:140,0
DA:144,0
DA:145,0
DA:149,0
DA:150,0
DA:151,0
DA:152,0
DA:157,0
DA:158,0
DA:159,0
LF:65
LH:0
end_of_record
TN:
SF:/home/huolinhe/Projects/taosdata/taosx/taos-sys/src/stmt/multi.rs
FNF:0
DA:8,0
DA:9,0
LF:2
LH:0
end_of_record
TN:
SF:/home/huolinhe/Projects/taosdata/taosx/taos-sys/src/tmq.rs
FN:12,eq
FN:18,ok_or<&str>
FN:56,ok
FNF:3
FNDA:0,eq
FNDA:0,ok_or<&str>
FNDA:0,ok
DA:12,0
DA:13,0
DA:18,0
DA:19,0
DA:20,0
DA:21,0
DA:56,0
DA:57,0
DA:58,0
DA:59,0
DA:62,0
LF:11
LH:0
end_of_record
TN:
SF:/home/huolinhe/Projects/taosdata/taosx/taos-sys/src/types/field.rs
FN:18,name
FN:21,type_
FN:25,bytes
FN:31,into
FN:43,from_raw_fields
FNF:5
FNDA:0,name
FNDA:0,type_
FNDA:0,bytes
FNDA:0,into
FNDA:0,from_raw_fields
DA:18,0
DA:19,0
DA:21,0
DA:22,0
DA:25,0
DA:26,0
DA:31,0
DA:33,0
DA:37,0
DA:38,0
DA:43,0
DA:44,0
DA:46,0
LF:13
LH:0
end_of_record
TN:
SF:/home/huolinhe/Projects/taosdata/taosx/taos-sys/src/types/mod.rs
FN:50,fmt
FN:89,new
FN:102,null
FN:122,from_timestamp
FN:131,from_varchar
FN:140,from_nchar
FN:161,new
FN:179,buffer
FN:183,ty
FN:188,free
FN:210,from_binary<taos_sys::types::TaosBindV2>
FN:215,box_into_raw<i64>
FN:221,null
FN:227,from_timestamp
FN:235,from_varchar
FN:243,from_nchar
FN:261,drop
FN:364,nulls
FN:374,from_primitives<u32>
FN:384,from_raw_timestamps
FN:395,from_binary_vec<&[u8]>
FN:436,from_string_vec<&str>
FN:439,{closure#0}<&str>
FN:441,{closure#0}<alloc::string::String>
FN:449,buffer
FN:455,drop
FN:467,from
FN:517,from
FNF:28
FNDA:0,fmt
FNDA:0,new
FNDA:0,null
FNDA:0,from_timestamp
FNDA:0,from_varchar
FNDA:0,from_nchar
FNDA:0,new
FNDA:0,buffer
FNDA:0,ty
FNDA:0,free
FNDA:0,from_binary<taos_sys::types::TaosBindV2>
FNDA:0,box_into_raw<i64>
FNDA:0,null
FNDA:0,from_timestamp
FNDA:0,from_varchar
FNDA:0,from_nchar
FNDA:0,drop
FNDA:0,nulls
FNDA:0,from_primitives<u32>
FNDA:0,from_raw_timestamps
FNDA:0,from_binary_vec<&[u8]>
FNDA:0,from_string_vec<&str>
FNDA:0,{closure#0}<&str>
FNDA:0,{closure#0}<alloc::string::String>
FNDA:0,buffer
FNDA:0,drop
FNDA:0,from
FNDA:0,from
DA:50,0
DA:51,0
DA:53,0
DA:54,0
DA:55,0
DA:56,0
DA:57,0
DA:58,0
DA:59,0
DA:89,0
DA:91,0
DA:102,0
DA:103,0
DA:104,0
DA:105,0
DA:106,0
DA:107,0
DA:108,0
DA:109,0
DA:113,0
DA:114,0
DA:115,0
DA:116,0
DA:117,0
DA:118,0
DA:119,0
DA:122,0
DA:123,0
DA:124,0
DA:125,0
DA:126,0
DA:127,0
DA:128,0
DA:131,0
DA:132,0
DA:133,0
DA:134,0
DA:135,0
DA:136,0
DA:137,0
DA:140,0
DA:141,0
DA:142,0
DA:143,0
DA:144,0
DA:145,0
DA:146,0
DA:161,0
DA:162,0
DA:163,0
DA:164,0
DA:165,0
DA:167,0
DA:175,0
DA:179,0
DA:180,0
DA:183,0
DA:184,0
DA:188,0
DA:189,0
DA:190,0
DA:192,0
DA:193,0
DA:195,0
DA:196,0
DA:198,0
DA:199,0
DA:210,0
DA:211,0
DA:215,0
DA:216,0
DA:221,0
DA:222,0
DA:223,0
DA:224,0
DA:225,0
DA:227,0
DA:228,0
DA:229,0
DA:230,0
DA:231,0
DA:235,0
DA:236,0
DA:237,0
DA:238,0
DA:239,0
DA:243,0
DA:244,0
DA:245,0
DA:246,0
DA:247,0
DA:251,0
DA:252,0
DA:253,0
DA:254,0
DA:255,0
DA:256,0
DA:261,0
DA:262,0
DA:364,0
DA:371,0
DA:374,0
DA:376,0
DA:377,0
DA:378,0
DA:379,0
DA:380,0
DA:381,0
DA:384,0
DA:386,0
DA:387,0
DA:389,0
DA:390,0
DA:391,0
DA:395,0
DA:396,0
DA:397,0
DA:398,0
DA:399,0
DA:400,0
DA:401,0
DA:402,0
DA:403,0
DA:404,0
DA:405,0
DA:406,0
DA:407,0
DA:408,0
DA:411,0
DA:414,0
DA:415,0
DA:416,0
DA:417,0
DA:418,0
DA:419,0
DA:420,0
DA:422,0
DA:423,0
DA:429,0
DA:431,0
DA:432,0
DA:436,0
DA:437,0
DA:439,0
DA:440,0
DA:441,0
DA:444,0
DA:445,0
DA:449,0
DA:450,0
DA:455,0
DA:456,0
DA:462,0
DA:467,0
DA:468,0
DA:469,0
DA:470,0
DA:471,0
DA:473,0
DA:474,0
DA:476,0
DA:477,0
DA:479,0
DA:480,0
DA:481,0
DA:483,0
DA:484,0
DA:486,0
DA:487,0
DA:489,0
DA:490,0
DA:492,0
DA:493,0
DA:495,0
DA:496,0
DA:498,0
DA:499,0
DA:501,0
DA:502,0
DA:504,0
DA:505,0
DA:517,0
DA:519,0
DA:520,0
DA:521,0
DA:522,0
DA:523,0
DA:524,0
DA:525,0
DA:526,0
DA:527,0
DA:528,0
DA:529,0
DA:530,0
DA:531,0
DA:532,0
DA:533,0
DA:535,0
DA:536,0
LF:199
LH:0
end_of_record
TN:
SF:/home/huolinhe/Projects/taosdata/taosx/taos-sys/tests/raw_block.rs
FNF:0
DA:221,0
DA:223,0
DA:224,0
DA:229,0
DA:230,0
DA:235,0
DA:236,0
DA:241,0
DA:243,0
DA:244,0
DA:250,0
DA:251,0
DA:253,0
DA:254,0
DA:255,0
DA:259,0
DA:260,0
DA:261,0
DA:262,0
DA:263,0
DA:265,0
DA:266,0
DA:267,0
DA:272,0
DA:273,0
DA:274,0
DA:275,0
DA:276,0
DA:277,0
DA:278,0
DA:279,0
DA:280,0
DA:281,0
DA:283,0
DA:284,0
DA:285,0
DA:286,0
DA:288,0
DA:289,0
DA:291,0
DA:292,0
DA:293,0
DA:295,0
DA:299,0
DA:300,0
DA:301,0
DA:302,0
DA:304,0
DA:305,0
DA:308,0
DA:309,0
DA:310,0
DA:311,0
DA:312,0
DA:314,0
DA:315,0
DA:318,0
DA:319,0
DA:320,0
DA:324,0
DA:325,0
DA:326,0
DA:327,0
DA:328,0
DA:329,0
DA:330,0
DA:331,0
DA:332,0
DA:334,0
DA:335,0
DA:336,0
DA:337,0
DA:338,0
DA:339,0
DA:340,0
DA:342,0
DA:344,0
DA:345,0
DA:515,0
DA:517,0
DA:518,0
DA:519,0
DA:520,0
DA:521,0
LF:84
LH:0
end_of_record
